<?xml version="1.0" encoding="UTF-8"?>
<coverage generated="1542082534549" clover="3.2.0">
  <project timestamp="1542082534549" name="All files">
    <metrics statements="869" coveredstatements="657" conditionals="520" coveredconditionals="291" methods="199" coveredmethods="128" elements="1588" coveredelements="1076" complexity="0" loc="869" ncloc="869" packages="31" files="103" classes="103">
      <package name="api">
        <metrics statements="7" coveredstatements="7" conditionals="4" coveredconditionals="2" methods="0" coveredmethods="0"/>
        <file name="config.js" path="/Users/joseph/Sites/mappslab/beta/api/config.js">
          <metrics statements="4" coveredstatements="4" conditionals="4" coveredconditionals="2" methods="0" coveredmethods="0"/>
          <line num="5" count="14" type="stmt"/>
          <line num="9" count="14" type="stmt"/>
          <line num="11" count="14" type="cond" truecount="1" falsecount="1"/>
          <line num="12" count="14" type="cond" truecount="1" falsecount="1"/>
        </file>
        <file name="schema.js" path="/Users/joseph/Sites/mappslab/beta/api/schema.js">
          <metrics statements="3" coveredstatements="3" conditionals="0" coveredconditionals="0" methods="0" coveredmethods="0"/>
          <line num="11" count="14" type="stmt"/>
          <line num="31" count="14" type="stmt"/>
          <line num="59" count="14" type="stmt"/>
        </file>
      </package>
      <package name="api.database">
        <metrics statements="148" coveredstatements="107" conditionals="76" coveredconditionals="43" methods="14" coveredmethods="9"/>
        <file name="client.js" path="/Users/joseph/Sites/mappslab/beta/api/database/client.js">
          <metrics statements="7" coveredstatements="7" conditionals="4" coveredconditionals="2" methods="0" coveredmethods="0"/>
          <line num="3" count="14" type="stmt"/>
          <line num="4" count="14" type="stmt"/>
          <line num="5" count="14" type="stmt"/>
          <line num="7" count="14" type="stmt"/>
          <line num="10" count="14" type="cond" truecount="1" falsecount="1"/>
          <line num="19" count="14" type="stmt"/>
          <line num="26" count="14" type="stmt"/>
        </file>
        <file name="createEdge.js" path="/Users/joseph/Sites/mappslab/beta/api/database/createEdge.js">
          <metrics statements="19" coveredstatements="15" conditionals="8" coveredconditionals="7" methods="2" coveredmethods="1"/>
          <line num="6" count="14" type="stmt"/>
          <line num="7" count="14" type="stmt"/>
          <line num="11" count="14" type="stmt"/>
          <line num="15" count="14" type="stmt"/>
          <line num="16" count="8" type="stmt"/>
          <line num="17" count="8" type="cond" truecount="2" falsecount="0"/>
          <line num="18" count="8" type="stmt"/>
          <line num="19" count="8" type="stmt"/>
          <line num="22" count="8" type="cond" truecount="1" falsecount="1"/>
          <line num="23" count="0" type="stmt"/>
          <line num="24" count="0" type="stmt"/>
          <line num="28" count="8" type="stmt"/>
          <line num="29" count="8" type="stmt"/>
          <line num="30" count="8" type="stmt"/>
          <line num="31" count="8" type="cond" truecount="2" falsecount="0"/>
          <line num="32" count="8" type="stmt"/>
          <line num="34" count="0" type="stmt"/>
          <line num="35" count="0" type="stmt"/>
          <line num="37" count="8" type="cond" truecount="2" falsecount="0"/>
        </file>
        <file name="createNode.js" path="/Users/joseph/Sites/mappslab/beta/api/database/createNode.js">
          <metrics statements="15" coveredstatements="3" conditionals="6" coveredconditionals="0" methods="1" coveredmethods="0"/>
          <line num="6" count="14" type="stmt"/>
          <line num="7" count="14" type="stmt"/>
          <line num="9" count="14" type="stmt"/>
          <line num="10" count="0" type="cond" truecount="0" falsecount="2"/>
          <line num="11" count="0" type="stmt"/>
          <line num="12" count="0" type="stmt"/>
          <line num="13" count="0" type="stmt"/>
          <line num="14" count="0" type="stmt"/>
          <line num="15" count="0" type="stmt"/>
          <line num="16" count="0" type="stmt"/>
          <line num="17" count="0" type="cond" truecount="0" falsecount="2"/>
          <line num="18" count="0" type="stmt"/>
          <line num="23" count="0" type="stmt"/>
          <line num="24" count="0" type="stmt"/>
          <line num="26" count="0" type="cond" truecount="0" falsecount="2"/>
        </file>
        <file name="createNodeWithEdges.js" path="/Users/joseph/Sites/mappslab/beta/api/database/createNodeWithEdges.js">
          <metrics statements="25" coveredstatements="22" conditionals="14" coveredconditionals="9" methods="2" coveredmethods="2"/>
          <line num="7" count="14" type="stmt"/>
          <line num="8" count="14" type="stmt"/>
          <line num="24" count="14" type="stmt"/>
          <line num="25" count="4" type="cond" truecount="2" falsecount="0"/>
          <line num="26" count="4" type="stmt"/>
          <line num="28" count="4" type="stmt"/>
          <line num="29" count="4" type="stmt"/>
          <line num="30" count="4" type="stmt"/>
          <line num="32" count="4" type="stmt"/>
          <line num="33" count="4" type="stmt"/>
          <line num="35" count="4" type="stmt"/>
          <line num="37" count="7" type="stmt"/>
          <line num="38" count="7" type="cond" truecount="4" falsecount="2"/>
          <line num="39" count="0" type="stmt"/>
          <line num="40" count="7" type="cond" truecount="1" falsecount="1"/>
          <line num="45" count="7" type="stmt"/>
          <line num="46" count="7" type="stmt"/>
          <line num="47" count="7" type="stmt"/>
          <line num="50" count="4" type="stmt"/>
          <line num="51" count="4" type="cond" truecount="1" falsecount="1"/>
          <line num="52" count="4" type="stmt"/>
          <line num="53" count="4" type="stmt"/>
          <line num="58" count="0" type="stmt"/>
          <line num="59" count="0" type="stmt"/>
          <line num="61" count="4" type="cond" truecount="1" falsecount="1"/>
        </file>
        <file name="index.js" path="/Users/joseph/Sites/mappslab/beta/api/database/index.js">
          <metrics statements="10" coveredstatements="6" conditionals="4" coveredconditionals="3" methods="2" coveredmethods="2"/>
          <line num="15" count="14" type="stmt"/>
          <line num="42" count="14" type="stmt"/>
          <line num="43" count="134" type="stmt"/>
          <line num="44" count="134" type="cond" truecount="2" falsecount="0"/>
          <line num="49" count="134" type="stmt"/>
          <line num="50" count="134" type="cond" truecount="1" falsecount="1"/>
          <line num="52" count="0" type="stmt"/>
          <line num="53" count="0" type="stmt"/>
          <line num="54" count="0" type="stmt"/>
          <line num="55" count="0" type="stmt"/>
        </file>
        <file name="mutateNode.js" path="/Users/joseph/Sites/mappslab/beta/api/database/mutateNode.js">
          <metrics statements="23" coveredstatements="21" conditionals="14" coveredconditionals="10" methods="2" coveredmethods="2"/>
          <line num="6" count="14" type="stmt"/>
          <line num="7" count="14" type="stmt"/>
          <line num="9" count="14" type="stmt"/>
          <line num="10" count="15" type="cond" truecount="2" falsecount="0"/>
          <line num="11" count="15" type="cond" truecount="2" falsecount="2"/>
          <line num="12" count="15" type="stmt"/>
          <line num="13" count="15" type="stmt"/>
          <line num="14" count="15" type="stmt"/>
          <line num="23" count="15" type="stmt"/>
          <line num="25" count="61" type="cond" truecount="2" falsecount="0"/>
          <line num="26" count="4" type="stmt"/>
          <line num="34" count="57" type="stmt"/>
          <line num="44" count="15" type="stmt"/>
          <line num="45" count="15" type="stmt"/>
          <line num="47" count="15" type="cond" truecount="2" falsecount="0"/>
          <line num="48" count="15" type="stmt"/>
          <line num="49" count="15" type="cond" truecount="1" falsecount="1"/>
          <line num="50" count="15" type="stmt"/>
          <line num="51" count="15" type="stmt"/>
          <line num="53" count="15" type="stmt"/>
          <line num="58" count="0" type="stmt"/>
          <line num="59" count="0" type="stmt"/>
          <line num="61" count="15" type="cond" truecount="1" falsecount="1"/>
        </file>
        <file name="removeEdge.js" path="/Users/joseph/Sites/mappslab/beta/api/database/removeEdge.js">
          <metrics statements="22" coveredstatements="19" conditionals="14" coveredconditionals="8" methods="2" coveredmethods="1"/>
          <line num="6" count="14" type="stmt"/>
          <line num="7" count="14" type="stmt"/>
          <line num="15" count="14" type="stmt"/>
          <line num="16" count="1" type="cond" truecount="2" falsecount="0"/>
          <line num="17" count="1" type="stmt"/>
          <line num="18" count="1" type="stmt"/>
          <line num="19" count="1" type="cond" truecount="1" falsecount="1"/>
          <line num="20" count="1" type="cond" truecount="1" falsecount="1"/>
          <line num="21" count="1" type="stmt"/>
          <line num="22" count="1" type="cond" truecount="1" falsecount="1"/>
          <line num="23" count="1" type="cond" truecount="1" falsecount="1"/>
          <line num="24" count="1" type="stmt"/>
          <line num="25" count="1" type="stmt"/>
          <line num="26" count="1" type="stmt"/>
          <line num="27" count="1" type="stmt"/>
          <line num="28" count="1" type="cond" truecount="1" falsecount="1"/>
          <line num="29" count="1" type="stmt"/>
          <line num="31" count="0" type="stmt"/>
          <line num="32" count="0" type="stmt"/>
          <line num="34" count="1" type="cond" truecount="1" falsecount="1"/>
          <line num="39" count="14" type="stmt"/>
          <line num="40" count="0" type="stmt"/>
        </file>
        <file name="removeNode.js" path="/Users/joseph/Sites/mappslab/beta/api/database/removeNode.js">
          <metrics statements="14" coveredstatements="12" conditionals="6" coveredconditionals="4" methods="1" coveredmethods="1"/>
          <line num="5" count="14" type="stmt"/>
          <line num="6" count="14" type="stmt"/>
          <line num="11" count="14" type="stmt"/>
          <line num="12" count="1" type="cond" truecount="2" falsecount="0"/>
          <line num="13" count="1" type="stmt"/>
          <line num="14" count="1" type="stmt"/>
          <line num="15" count="1" type="stmt"/>
          <line num="16" count="1" type="stmt"/>
          <line num="17" count="1" type="cond" truecount="1" falsecount="1"/>
          <line num="18" count="1" type="stmt"/>
          <line num="19" count="1" type="stmt"/>
          <line num="21" count="0" type="stmt"/>
          <line num="22" count="0" type="stmt"/>
          <line num="24" count="1" type="cond" truecount="1" falsecount="1"/>
        </file>
        <file name="removeNodeWithEdges.js" path="/Users/joseph/Sites/mappslab/beta/api/database/removeNodeWithEdges.js">
          <metrics statements="13" coveredstatements="2" conditionals="6" coveredconditionals="0" methods="2" coveredmethods="0"/>
          <line num="7" count="14" type="stmt"/>
          <line num="18" count="14" type="stmt"/>
          <line num="19" count="0" type="cond" truecount="0" falsecount="2"/>
          <line num="20" count="0" type="stmt"/>
          <line num="21" count="0" type="stmt"/>
          <line num="22" count="0" type="stmt"/>
          <line num="23" count="0" type="stmt"/>
          <line num="24" count="0" type="stmt"/>
          <line num="25" count="0" type="cond" truecount="0" falsecount="2"/>
          <line num="26" count="0" type="stmt"/>
          <line num="28" count="0" type="stmt"/>
          <line num="29" count="0" type="stmt"/>
          <line num="31" count="0" type="cond" truecount="0" falsecount="2"/>
        </file>
      </package>
      <package name="api.database.utils">
        <metrics statements="14" coveredstatements="14" conditionals="16" coveredconditionals="13" methods="6" coveredmethods="6"/>
        <file name="dbUtils.js" path="/Users/joseph/Sites/mappslab/beta/api/database/utils/dbUtils.js">
          <metrics statements="14" coveredstatements="14" conditionals="16" coveredconditionals="13" methods="6" coveredmethods="6"/>
          <line num="11" count="15" type="stmt"/>
          <line num="16" count="68" type="cond" truecount="4" falsecount="0"/>
          <line num="31" count="15" type="stmt"/>
          <line num="33" count="15" type="cond" truecount="1" falsecount="0"/>
          <line num="34" count="104" type="stmt"/>
          <line num="43" count="312" type="stmt"/>
          <line num="63" count="15" type="cond" truecount="1" falsecount="0"/>
          <line num="64" count="106" type="cond" truecount="2" falsecount="0"/>
          <line num="65" count="2" type="stmt"/>
          <line num="70" count="104" type="stmt"/>
          <line num="71" count="104" type="cond" truecount="1" falsecount="1"/>
          <line num="78" count="104" type="stmt"/>
          <line num="88" count="15" type="stmt"/>
          <line num="90" count="15" type="cond" truecount="2" falsecount="0"/>
        </file>
        <file name="index.js" path="/Users/joseph/Sites/mappslab/beta/api/database/utils/index.js">
          <metrics statements="0" coveredstatements="0" conditionals="0" coveredconditionals="0" methods="0" coveredmethods="0"/>
        </file>
      </package>
      <package name="api.database.utils.makeFilterString">
        <metrics statements="50" coveredstatements="50" conditionals="26" coveredconditionals="21" methods="21" coveredmethods="21"/>
        <file name="index.js" path="/Users/joseph/Sites/mappslab/beta/api/database/utils/makeFilterString/index.js">
          <metrics statements="19" coveredstatements="19" conditionals="8" coveredconditionals="7" methods="9" coveredmethods="9"/>
          <line num="16" count="696" type="cond" truecount="4" falsecount="0"/>
          <line num="18" count="15" type="stmt"/>
          <line num="19" count="15" type="stmt"/>
          <line num="21" count="277" type="stmt"/>
          <line num="26" count="15" type="stmt"/>
          <line num="27" count="277" type="stmt"/>
          <line num="28" count="348" type="stmt"/>
          <line num="37" count="277" type="stmt"/>
          <line num="44" count="175" type="stmt"/>
          <line num="46" count="176" type="cond" truecount="2" falsecount="0"/>
          <line num="47" count="175" type="stmt"/>
          <line num="50" count="15" type="stmt"/>
          <line num="51" count="175" type="stmt"/>
          <line num="52" count="174" type="stmt"/>
          <line num="55" count="15" type="stmt"/>
          <line num="56" count="104" type="cond" truecount="1" falsecount="1"/>
          <line num="59" count="104" type="stmt"/>
          <line num="60" count="103" type="stmt"/>
          <line num="61" count="103" type="stmt"/>
        </file>
        <file name="operators.js" path="/Users/joseph/Sites/mappslab/beta/api/database/utils/makeFilterString/operators.js">
          <metrics statements="17" coveredstatements="17" conditionals="10" coveredconditionals="7" methods="8" coveredmethods="8"/>
          <line num="5" count="15" type="cond" truecount="2" falsecount="0"/>
          <line num="12" count="90" type="stmt"/>
          <line num="13" count="7" type="stmt"/>
          <line num="15" count="15" type="stmt"/>
          <line num="17" count="109" type="cond" truecount="2" falsecount="0"/>
          <line num="18" count="109" type="stmt"/>
          <line num="21" count="3" type="stmt"/>
          <line num="28" count="2" type="stmt"/>
          <line num="41" count="1" type="cond" truecount="1" falsecount="1"/>
          <line num="42" count="1" type="cond" truecount="1" falsecount="1"/>
          <line num="43" count="1" type="stmt"/>
          <line num="49" count="15" type="stmt"/>
          <line num="51" count="15" type="stmt"/>
          <line num="52" count="117" type="cond" truecount="1" falsecount="1"/>
          <line num="53" count="117" type="stmt"/>
          <line num="54" count="117" type="stmt"/>
          <line num="55" count="117" type="stmt"/>
        </file>
        <file name="relationships.js" path="/Users/joseph/Sites/mappslab/beta/api/database/utils/makeFilterString/relationships.js">
          <metrics statements="14" coveredstatements="14" conditionals="8" coveredconditionals="7" methods="4" coveredmethods="4"/>
          <line num="10" count="180" type="stmt"/>
          <line num="11" count="57" type="cond" truecount="4" falsecount="0"/>
          <line num="12" count="1" type="stmt"/>
          <line num="13" count="56" type="cond" truecount="1" falsecount="1"/>
          <line num="14" count="56" type="stmt"/>
          <line num="17" count="15" type="stmt"/>
          <line num="18" count="2" type="stmt"/>
          <line num="25" count="2" type="stmt"/>
          <line num="27" count="2" type="stmt"/>
          <line num="30" count="15" type="stmt"/>
          <line num="55" count="15" type="stmt"/>
          <line num="58" count="176" type="cond" truecount="2" falsecount="0"/>
          <line num="59" count="59" type="stmt"/>
          <line num="60" count="58" type="stmt"/>
        </file>
      </package>
      <package name="api.errorTypes">
        <metrics statements="11" coveredstatements="9" conditionals="0" coveredconditionals="0" methods="3" coveredmethods="2"/>
        <file name="index.js" path="/Users/joseph/Sites/mappslab/beta/api/errorTypes/index.js">
          <metrics statements="11" coveredstatements="9" conditionals="0" coveredconditionals="0" methods="3" coveredmethods="2"/>
          <line num="3" count="14" type="stmt"/>
          <line num="7" count="5" type="stmt"/>
          <line num="8" count="5" type="stmt"/>
          <line num="9" count="5" type="stmt"/>
          <line num="10" count="5" type="stmt"/>
          <line num="12" count="5" type="stmt"/>
          <line num="14" count="5" type="stmt"/>
          <line num="20" count="0" type="stmt"/>
          <line num="21" count="0" type="stmt"/>
          <line num="27" count="4" type="stmt"/>
          <line num="28" count="4" type="stmt"/>
        </file>
      </package>
      <package name="api.graphql">
        <metrics statements="2" coveredstatements="2" conditionals="0" coveredconditionals="0" methods="0" coveredmethods="0"/>
        <file name="subscriptions.js" path="/Users/joseph/Sites/mappslab/beta/api/graphql/subscriptions.js">
          <metrics statements="2" coveredstatements="2" conditionals="0" coveredconditionals="0" methods="0" coveredmethods="0"/>
          <line num="4" count="14" type="stmt"/>
          <line num="5" count="14" type="stmt"/>
        </file>
      </package>
      <package name="api.graphql.Classroom">
        <metrics statements="1" coveredstatements="1" conditionals="0" coveredconditionals="0" methods="0" coveredmethods="0"/>
        <file name="ClassroomSchema.js" path="/Users/joseph/Sites/mappslab/beta/api/graphql/Classroom/ClassroomSchema.js">
          <metrics statements="1" coveredstatements="1" conditionals="0" coveredconditionals="0" methods="0" coveredmethods="0"/>
          <line num="3" count="14" type="stmt"/>
        </file>
        <file name="index.js" path="/Users/joseph/Sites/mappslab/beta/api/graphql/Classroom/index.js">
          <metrics statements="0" coveredstatements="0" conditionals="0" coveredconditionals="0" methods="0" coveredmethods="0"/>
        </file>
      </package>
      <package name="api.graphql.Classroom.mutationResolvers">
        <metrics statements="42" coveredstatements="14" conditionals="46" coveredconditionals="11" methods="6" coveredmethods="2"/>
        <file name="assignUserToClassroom.js" path="/Users/joseph/Sites/mappslab/beta/api/graphql/Classroom/mutationResolvers/assignUserToClassroom.js">
          <metrics statements="18" coveredstatements="2" conditionals="18" coveredconditionals="0" methods="1" coveredmethods="0"/>
          <line num="7" count="14" type="stmt"/>
          <line num="9" count="14" type="stmt"/>
          <line num="14" count="0" type="stmt"/>
          <line num="15" count="0" type="stmt"/>
          <line num="16" count="0" type="cond" truecount="0" falsecount="4"/>
          <line num="17" count="0" type="stmt"/>
          <line num="19" count="0" type="cond" truecount="0" falsecount="2"/>
          <line num="20" count="0" type="stmt"/>
          <line num="21" count="0" type="cond" truecount="0" falsecount="2"/>
          <line num="23" count="0" type="stmt"/>
          <line num="24" count="0" type="cond" truecount="0" falsecount="2"/>
          <line num="25" count="0" type="stmt"/>
          <line num="26" count="0" type="cond" truecount="0" falsecount="2"/>
          <line num="27" count="0" type="stmt"/>
          <line num="28" count="0" type="cond" truecount="0" falsecount="2"/>
          <line num="29" count="0" type="stmt"/>
          <line num="30" count="0" type="cond" truecount="0" falsecount="4"/>
          <line num="32" count="0" type="stmt"/>
        </file>
        <file name="createClassroom.js" path="/Users/joseph/Sites/mappslab/beta/api/graphql/Classroom/mutationResolvers/createClassroom.js">
          <metrics statements="13" coveredstatements="1" conditionals="16" coveredconditionals="0" methods="3" coveredmethods="0"/>
          <line num="6" count="14" type="stmt"/>
          <line num="11" count="0" type="stmt"/>
          <line num="12" count="0" type="cond" truecount="0" falsecount="2"/>
          <line num="13" count="0" type="cond" truecount="0" falsecount="4"/>
          <line num="14" count="0" type="stmt"/>
          <line num="16" count="0" type="cond" truecount="0" falsecount="4"/>
          <line num="17" count="0" type="stmt"/>
          <line num="18" count="0" type="stmt"/>
          <line num="19" count="0" type="cond" truecount="0" falsecount="2"/>
          <line num="20" count="0" type="stmt"/>
          <line num="22" count="0" type="cond" truecount="0" falsecount="4"/>
          <line num="23" count="0" type="stmt"/>
          <line num="25" count="0" type="stmt"/>
        </file>
        <file name="index.js" path="/Users/joseph/Sites/mappslab/beta/api/graphql/Classroom/mutationResolvers/index.js">
          <metrics statements="0" coveredstatements="0" conditionals="0" coveredconditionals="0" methods="0" coveredmethods="0"/>
        </file>
        <file name="updateClassroom.js" path="/Users/joseph/Sites/mappslab/beta/api/graphql/Classroom/mutationResolvers/updateClassroom.js">
          <metrics statements="11" coveredstatements="11" conditionals="12" coveredconditionals="11" methods="2" coveredmethods="2"/>
          <line num="6" count="14" type="stmt"/>
          <line num="11" count="5" type="cond" truecount="2" falsecount="0"/>
          <line num="12" count="4" type="cond" truecount="4" falsecount="0"/>
          <line num="14" count="3" type="stmt"/>
          <line num="18" count="9" type="stmt"/>
          <line num="19" count="3" type="cond" truecount="4" falsecount="0"/>
          <line num="20" count="1" type="stmt"/>
          <line num="22" count="2" type="stmt"/>
          <line num="23" count="2" type="stmt"/>
          <line num="24" count="2" type="cond" truecount="1" falsecount="1"/>
          <line num="25" count="2" type="stmt"/>
        </file>
      </package>
      <package name="api.graphql.Classroom.queryResolvers">
        <metrics statements="17" coveredstatements="16" conditionals="0" coveredconditionals="0" methods="6" coveredmethods="5"/>
        <file name="classroomConnectionQueries.js" path="/Users/joseph/Sites/mappslab/beta/api/graphql/Classroom/queryResolvers/classroomConnectionQueries.js">
          <metrics statements="10" coveredstatements="10" conditionals="0" coveredconditionals="0" methods="3" coveredmethods="3"/>
          <line num="8" count="14" type="stmt"/>
          <line num="14" count="1" type="stmt"/>
          <line num="15" count="1" type="stmt"/>
          <line num="18" count="14" type="stmt"/>
          <line num="24" count="4" type="stmt"/>
          <line num="25" count="4" type="stmt"/>
          <line num="28" count="14" type="stmt"/>
          <line num="33" count="3" type="stmt"/>
          <line num="34" count="3" type="stmt"/>
          <line num="35" count="3" type="stmt"/>
        </file>
        <file name="classroomQueries.js" path="/Users/joseph/Sites/mappslab/beta/api/graphql/Classroom/queryResolvers/classroomQueries.js">
          <metrics statements="7" coveredstatements="6" conditionals="0" coveredconditionals="0" methods="3" coveredmethods="2"/>
          <line num="7" count="14" type="stmt"/>
          <line num="8" count="7" type="stmt"/>
          <line num="10" count="14" type="stmt"/>
          <line num="15" count="1" type="stmt"/>
          <line num="16" count="0" type="stmt"/>
          <line num="18" count="1" type="stmt"/>
          <line num="19" count="1" type="stmt"/>
        </file>
        <file name="index.js" path="/Users/joseph/Sites/mappslab/beta/api/graphql/Classroom/queryResolvers/index.js">
          <metrics statements="0" coveredstatements="0" conditionals="0" coveredconditionals="0" methods="0" coveredmethods="0"/>
        </file>
      </package>
      <package name="api.graphql.Map">
        <metrics statements="1" coveredstatements="1" conditionals="0" coveredconditionals="0" methods="0" coveredmethods="0"/>
        <file name="MapSchema.js" path="/Users/joseph/Sites/mappslab/beta/api/graphql/Map/MapSchema.js">
          <metrics statements="1" coveredstatements="1" conditionals="0" coveredconditionals="0" methods="0" coveredmethods="0"/>
          <line num="3" count="14" type="stmt"/>
        </file>
        <file name="index.js" path="/Users/joseph/Sites/mappslab/beta/api/graphql/Map/index.js">
          <metrics statements="0" coveredstatements="0" conditionals="0" coveredconditionals="0" methods="0" coveredmethods="0"/>
        </file>
      </package>
      <package name="api.graphql.Map.mutationResolvers">
        <metrics statements="10" coveredstatements="9" conditionals="8" coveredconditionals="5" methods="1" coveredmethods="1"/>
        <file name="createMap.js" path="/Users/joseph/Sites/mappslab/beta/api/graphql/Map/mutationResolvers/createMap.js">
          <metrics statements="10" coveredstatements="9" conditionals="8" coveredconditionals="5" methods="1" coveredmethods="1"/>
          <line num="6" count="14" type="stmt"/>
          <line num="7" count="3" type="cond" truecount="2" falsecount="0"/>
          <line num="8" count="2" type="stmt"/>
          <line num="9" count="2" type="stmt"/>
          <line num="10" count="2" type="stmt"/>
          <line num="11" count="1" type="cond" truecount="1" falsecount="1"/>
          <line num="12" count="1" type="cond" truecount="2" falsecount="2"/>
          <line num="13" count="0" type="stmt"/>
          <line num="15" count="1" type="stmt"/>
          <line num="16" count="1" type="stmt"/>
        </file>
        <file name="index.js" path="/Users/joseph/Sites/mappslab/beta/api/graphql/Map/mutationResolvers/index.js">
          <metrics statements="0" coveredstatements="0" conditionals="0" coveredconditionals="0" methods="0" coveredmethods="0"/>
        </file>
      </package>
      <package name="api.graphql.Map.queryResolvers">
        <metrics statements="19" coveredstatements="17" conditionals="6" coveredconditionals="6" methods="5" coveredmethods="4"/>
        <file name="fetchMapRelationships.js" path="/Users/joseph/Sites/mappslab/beta/api/graphql/Map/queryResolvers/fetchMapRelationships.js">
          <metrics statements="14" coveredstatements="14" conditionals="6" coveredconditionals="6" methods="3" coveredmethods="3"/>
          <line num="14" count="14" type="stmt"/>
          <line num="15" count="1" type="stmt"/>
          <line num="16" count="1" type="stmt"/>
          <line num="17" count="1" type="cond" truecount="2" falsecount="0"/>
          <line num="20" count="14" type="stmt"/>
          <line num="21" count="1" type="stmt"/>
          <line num="28" count="1" type="cond" truecount="2" falsecount="0"/>
          <line num="29" count="1" type="stmt"/>
          <line num="31" count="1" type="stmt"/>
          <line num="34" count="14" type="stmt"/>
          <line num="39" count="1" type="stmt"/>
          <line num="44" count="1" type="cond" truecount="2" falsecount="0"/>
          <line num="45" count="1" type="stmt"/>
          <line num="46" count="1" type="stmt"/>
        </file>
        <file name="fetchMaps.js" path="/Users/joseph/Sites/mappslab/beta/api/graphql/Map/queryResolvers/fetchMaps.js">
          <metrics statements="5" coveredstatements="3" conditionals="0" coveredconditionals="0" methods="2" coveredmethods="1"/>
          <line num="7" count="14" type="stmt"/>
          <line num="8" count="2" type="stmt"/>
          <line num="10" count="14" type="stmt"/>
          <line num="11" count="0" type="stmt"/>
          <line num="12" count="0" type="stmt"/>
        </file>
        <file name="index.js" path="/Users/joseph/Sites/mappslab/beta/api/graphql/Map/queryResolvers/index.js">
          <metrics statements="0" coveredstatements="0" conditionals="0" coveredconditionals="0" methods="0" coveredmethods="0"/>
        </file>
      </package>
      <package name="api.graphql.Pin">
        <metrics statements="1" coveredstatements="1" conditionals="0" coveredconditionals="0" methods="0" coveredmethods="0"/>
        <file name="PinSchema.js" path="/Users/joseph/Sites/mappslab/beta/api/graphql/Pin/PinSchema.js">
          <metrics statements="1" coveredstatements="1" conditionals="0" coveredconditionals="0" methods="0" coveredmethods="0"/>
          <line num="3" count="14" type="stmt"/>
        </file>
        <file name="index.js" path="/Users/joseph/Sites/mappslab/beta/api/graphql/Pin/index.js">
          <metrics statements="0" coveredstatements="0" conditionals="0" coveredconditionals="0" methods="0" coveredmethods="0"/>
        </file>
      </package>
      <package name="api.graphql.Pin.mutationResolvers">
        <metrics statements="24" coveredstatements="24" conditionals="20" coveredconditionals="14" methods="3" coveredmethods="3"/>
        <file name="createPins.js" path="/Users/joseph/Sites/mappslab/beta/api/graphql/Pin/mutationResolvers/createPins.js">
          <metrics statements="8" coveredstatements="8" conditionals="6" coveredconditionals="4" methods="1" coveredmethods="1"/>
          <line num="7" count="14" type="stmt"/>
          <line num="8" count="4" type="cond" truecount="2" falsecount="0"/>
          <line num="9" count="3" type="stmt"/>
          <line num="11" count="3" type="stmt"/>
          <line num="12" count="3" type="cond" truecount="1" falsecount="1"/>
          <line num="13" count="3" type="cond" truecount="1" falsecount="1"/>
          <line num="14" count="3" type="stmt"/>
          <line num="16" count="3" type="stmt"/>
        </file>
        <file name="deletePin.js" path="/Users/joseph/Sites/mappslab/beta/api/graphql/Pin/mutationResolvers/deletePin.js">
          <metrics statements="7" coveredstatements="7" conditionals="6" coveredconditionals="4" methods="1" coveredmethods="1"/>
          <line num="7" count="14" type="stmt"/>
          <line num="8" count="3" type="cond" truecount="1" falsecount="1"/>
          <line num="10" count="3" type="stmt"/>
          <line num="11" count="3" type="stmt"/>
          <line num="12" count="2" type="cond" truecount="3" falsecount="1"/>
          <line num="13" count="2" type="stmt"/>
          <line num="15" count="2" type="stmt"/>
        </file>
        <file name="index.js" path="/Users/joseph/Sites/mappslab/beta/api/graphql/Pin/mutationResolvers/index.js">
          <metrics statements="0" coveredstatements="0" conditionals="0" coveredconditionals="0" methods="0" coveredmethods="0"/>
        </file>
        <file name="updatePin.js" path="/Users/joseph/Sites/mappslab/beta/api/graphql/Pin/mutationResolvers/updatePin.js">
          <metrics statements="9" coveredstatements="9" conditionals="8" coveredconditionals="6" methods="1" coveredmethods="1"/>
          <line num="7" count="14" type="stmt"/>
          <line num="8" count="4" type="cond" truecount="2" falsecount="0"/>
          <line num="9" count="3" type="stmt"/>
          <line num="10" count="3" type="cond" truecount="1" falsecount="1"/>
          <line num="11" count="3" type="cond" truecount="2" falsecount="0"/>
          <line num="13" count="2" type="stmt"/>
          <line num="15" count="2" type="stmt"/>
          <line num="16" count="2" type="cond" truecount="1" falsecount="1"/>
          <line num="18" count="2" type="stmt"/>
        </file>
      </package>
      <package name="api.graphql.Pin.queryResolvers">
        <metrics statements="11" coveredstatements="11" conditionals="4" coveredconditionals="3" methods="3" coveredmethods="3"/>
        <file name="getPinRelationships.js" path="/Users/joseph/Sites/mappslab/beta/api/graphql/Pin/queryResolvers/getPinRelationships.js">
          <metrics statements="9" coveredstatements="9" conditionals="4" coveredconditionals="3" methods="2" coveredmethods="2"/>
          <line num="12" count="14" type="stmt"/>
          <line num="13" count="4" type="stmt"/>
          <line num="14" count="4" type="stmt"/>
          <line num="15" count="4" type="cond" truecount="2" falsecount="0"/>
          <line num="18" count="14" type="stmt"/>
          <line num="23" count="26" type="stmt"/>
          <line num="24" count="26" type="stmt"/>
          <line num="25" count="26" type="cond" truecount="1" falsecount="1"/>
          <line num="26" count="26" type="stmt"/>
        </file>
        <file name="getPins.js" path="/Users/joseph/Sites/mappslab/beta/api/graphql/Pin/queryResolvers/getPins.js">
          <metrics statements="2" coveredstatements="2" conditionals="0" coveredconditionals="0" methods="1" coveredmethods="1"/>
          <line num="10" count="14" type="stmt"/>
          <line num="11" count="4" type="stmt"/>
        </file>
        <file name="index.js" path="/Users/joseph/Sites/mappslab/beta/api/graphql/Pin/queryResolvers/index.js">
          <metrics statements="0" coveredstatements="0" conditionals="0" coveredconditionals="0" methods="0" coveredmethods="0"/>
        </file>
      </package>
      <package name="api.graphql.Pin.subscriptionResolvers">
        <metrics statements="25" coveredstatements="7" conditionals="6" coveredconditionals="0" methods="9" coveredmethods="0"/>
        <file name="index.js" path="/Users/joseph/Sites/mappslab/beta/api/graphql/Pin/subscriptionResolvers/index.js">
          <metrics statements="0" coveredstatements="0" conditionals="0" coveredconditionals="0" methods="0" coveredmethods="0"/>
        </file>
        <file name="pinSubscriptions.js" path="/Users/joseph/Sites/mappslab/beta/api/graphql/Pin/subscriptionResolvers/pinSubscriptions.js">
          <metrics statements="25" coveredstatements="7" conditionals="6" coveredconditionals="0" methods="9" coveredmethods="0"/>
          <line num="6" count="14" type="stmt"/>
          <line num="7" count="14" type="stmt"/>
          <line num="8" count="14" type="stmt"/>
          <line num="10" count="14" type="stmt"/>
          <line num="12" count="14" type="stmt"/>
          <line num="14" count="0" type="stmt"/>
          <line num="16" count="0" type="cond" truecount="0" falsecount="2"/>
          <line num="17" count="0" type="stmt"/>
          <line num="18" count="0" type="stmt"/>
          <line num="19" count="0" type="stmt"/>
          <line num="20" count="0" type="stmt"/>
          <line num="25" count="14" type="stmt"/>
          <line num="27" count="0" type="stmt"/>
          <line num="29" count="0" type="cond" truecount="0" falsecount="2"/>
          <line num="30" count="0" type="stmt"/>
          <line num="31" count="0" type="stmt"/>
          <line num="32" count="0" type="stmt"/>
          <line num="33" count="0" type="stmt"/>
          <line num="38" count="14" type="stmt"/>
          <line num="40" count="0" type="stmt"/>
          <line num="42" count="0" type="cond" truecount="0" falsecount="2"/>
          <line num="43" count="0" type="stmt"/>
          <line num="44" count="0" type="stmt"/>
          <line num="45" count="0" type="stmt"/>
          <line num="46" count="0" type="stmt"/>
        </file>
      </package>
      <package name="api.graphql.Route">
        <metrics statements="1" coveredstatements="1" conditionals="0" coveredconditionals="0" methods="0" coveredmethods="0"/>
        <file name="RouteSchema.js" path="/Users/joseph/Sites/mappslab/beta/api/graphql/Route/RouteSchema.js">
          <metrics statements="1" coveredstatements="1" conditionals="0" coveredconditionals="0" methods="0" coveredmethods="0"/>
          <line num="3" count="14" type="stmt"/>
        </file>
        <file name="index.js" path="/Users/joseph/Sites/mappslab/beta/api/graphql/Route/index.js">
          <metrics statements="0" coveredstatements="0" conditionals="0" coveredconditionals="0" methods="0" coveredmethods="0"/>
        </file>
      </package>
      <package name="api.graphql.Route.mutationResolvers">
        <metrics statements="6" coveredstatements="1" conditionals="4" coveredconditionals="0" methods="1" coveredmethods="0"/>
        <file name="createRoute.js" path="/Users/joseph/Sites/mappslab/beta/api/graphql/Route/mutationResolvers/createRoute.js">
          <metrics statements="6" coveredstatements="1" conditionals="4" coveredconditionals="0" methods="1" coveredmethods="0"/>
          <line num="8" count="14" type="stmt"/>
          <line num="9" count="0" type="cond" truecount="0" falsecount="2"/>
          <line num="10" count="0" type="stmt"/>
          <line num="11" count="0" type="stmt"/>
          <line num="12" count="0" type="cond" truecount="0" falsecount="2"/>
          <line num="13" count="0" type="stmt"/>
        </file>
        <file name="index.js" path="/Users/joseph/Sites/mappslab/beta/api/graphql/Route/mutationResolvers/index.js">
          <metrics statements="0" coveredstatements="0" conditionals="0" coveredconditionals="0" methods="0" coveredmethods="0"/>
        </file>
      </package>
      <package name="api.graphql.Route.queryResolvers">
        <metrics statements="5" coveredstatements="5" conditionals="2" coveredconditionals="2" methods="1" coveredmethods="1"/>
        <file name="fetchRouteRelationships.js" path="/Users/joseph/Sites/mappslab/beta/api/graphql/Route/queryResolvers/fetchRouteRelationships.js">
          <metrics statements="5" coveredstatements="5" conditionals="2" coveredconditionals="2" methods="1" coveredmethods="1"/>
          <line num="8" count="14" type="stmt"/>
          <line num="13" count="4" type="stmt"/>
          <line num="20" count="4" type="cond" truecount="2" falsecount="0"/>
          <line num="21" count="4" type="stmt"/>
          <line num="22" count="4" type="stmt"/>
        </file>
        <file name="index.js" path="/Users/joseph/Sites/mappslab/beta/api/graphql/Route/queryResolvers/index.js">
          <metrics statements="0" coveredstatements="0" conditionals="0" coveredconditionals="0" methods="0" coveredmethods="0"/>
        </file>
      </package>
      <package name="api.graphql.Scalars">
        <metrics statements="24" coveredstatements="5" conditionals="18" coveredconditionals="0" methods="4" coveredmethods="0"/>
        <file name="Object.js" path="/Users/joseph/Sites/mappslab/beta/api/graphql/Scalars/Object.js">
          <metrics statements="22" coveredstatements="3" conditionals="18" coveredconditionals="0" methods="4" coveredmethods="0"/>
          <line num="7" count="14" type="stmt"/>
          <line num="8" count="0" type="cond" truecount="0" falsecount="2"/>
          <line num="9" count="0" type="stmt"/>
          <line num="11" count="0" type="cond" truecount="0" falsecount="4"/>
          <line num="12" count="0" type="stmt"/>
          <line num="14" count="0" type="stmt"/>
          <line num="17" count="14" type="stmt"/>
          <line num="18" count="0" type="cond" truecount="0" falsecount="7"/>
          <line num="21" count="0" type="stmt"/>
          <line num="24" count="0" type="stmt"/>
          <line num="27" count="0" type="stmt"/>
          <line num="29" count="0" type="stmt"/>
          <line num="31" count="0" type="stmt"/>
          <line num="35" count="14" type="stmt"/>
          <line num="36" count="0" type="stmt"/>
          <line num="37" count="0" type="stmt"/>
          <line num="38" count="0" type="stmt"/>
          <line num="40" count="0" type="stmt"/>
          <line num="49" count="0" type="cond" truecount="0" falsecount="3"/>
          <line num="51" count="0" type="cond" truecount="0" falsecount="2"/>
          <line num="53" count="0" type="stmt"/>
          <line num="55" count="0" type="stmt"/>
        </file>
        <file name="index.js" path="/Users/joseph/Sites/mappslab/beta/api/graphql/Scalars/index.js">
          <metrics statements="2" coveredstatements="2" conditionals="0" coveredconditionals="0" methods="0" coveredmethods="0"/>
          <line num="3" count="14" type="stmt"/>
          <line num="7" count="14" type="stmt"/>
        </file>
      </package>
      <package name="api.graphql.User">
        <metrics statements="1" coveredstatements="1" conditionals="0" coveredconditionals="0" methods="0" coveredmethods="0"/>
        <file name="UserSchema.js" path="/Users/joseph/Sites/mappslab/beta/api/graphql/User/UserSchema.js">
          <metrics statements="1" coveredstatements="1" conditionals="0" coveredconditionals="0" methods="0" coveredmethods="0"/>
          <line num="3" count="14" type="stmt"/>
        </file>
        <file name="index.js" path="/Users/joseph/Sites/mappslab/beta/api/graphql/User/index.js">
          <metrics statements="0" coveredstatements="0" conditionals="0" coveredconditionals="0" methods="0" coveredmethods="0"/>
        </file>
      </package>
      <package name="api.graphql.User.mutationResolvers">
        <metrics statements="33" coveredstatements="25" conditionals="22" coveredconditionals="10" methods="6" coveredmethods="4"/>
        <file name="createUser.js" path="/Users/joseph/Sites/mappslab/beta/api/graphql/User/mutationResolvers/createUser.js">
          <metrics statements="10" coveredstatements="2" conditionals="11" coveredconditionals="0" methods="2" coveredmethods="0"/>
          <line num="6" count="14" type="stmt"/>
          <line num="11" count="0" type="cond" truecount="0" falsecount="5"/>
          <line num="12" count="0" type="stmt"/>
          <line num="14" count="0" type="stmt"/>
          <line num="18" count="0" type="stmt"/>
          <line num="21" count="14" type="stmt"/>
          <line num="22" count="0" type="cond" truecount="0" falsecount="4"/>
          <line num="23" count="0" type="cond" truecount="0" falsecount="2"/>
          <line num="24" count="0" type="stmt"/>
          <line num="25" count="0" type="stmt"/>
        </file>
        <file name="index.js" path="/Users/joseph/Sites/mappslab/beta/api/graphql/User/mutationResolvers/index.js">
          <metrics statements="0" coveredstatements="0" conditionals="0" coveredconditionals="0" methods="0" coveredmethods="0"/>
        </file>
        <file name="userAuth.js" path="/Users/joseph/Sites/mappslab/beta/api/graphql/User/mutationResolvers/userAuth.js">
          <metrics statements="23" coveredstatements="23" conditionals="11" coveredconditionals="10" methods="4" coveredmethods="4"/>
          <line num="9" count="14" type="stmt"/>
          <line num="14" count="6" type="stmt"/>
          <line num="15" count="6" type="stmt"/>
          <line num="16" count="6" type="cond" truecount="4" falsecount="0"/>
          <line num="17" count="2" type="stmt"/>
          <line num="18" count="2" type="stmt"/>
          <line num="23" count="4" type="cond" truecount="5" falsecount="0"/>
          <line num="24" count="2" type="stmt"/>
          <line num="25" count="2" type="stmt"/>
          <line num="27" count="2" type="stmt"/>
          <line num="30" count="14" type="stmt"/>
          <line num="35" count="3" type="stmt"/>
          <line num="36" count="3" type="cond" truecount="1" falsecount="1"/>
          <line num="37" count="3" type="stmt"/>
          <line num="39" count="3" type="stmt"/>
          <line num="45" count="14" type="stmt"/>
          <line num="50" count="2" type="stmt"/>
          <line num="51" count="1" type="stmt"/>
          <line num="52" count="1" type="stmt"/>
          <line num="58" count="14" type="stmt"/>
          <line num="63" count="4" type="stmt"/>
          <line num="64" count="4" type="stmt"/>
          <line num="65" count="4" type="stmt"/>
        </file>
      </package>
      <package name="api.graphql.User.queryResolvers">
        <metrics statements="22" coveredstatements="21" conditionals="11" coveredconditionals="7" methods="6" coveredmethods="5"/>
        <file name="getUserConnections.js" path="/Users/joseph/Sites/mappslab/beta/api/graphql/User/queryResolvers/getUserConnections.js">
          <metrics statements="9" coveredstatements="9" conditionals="5" coveredconditionals="3" methods="2" coveredmethods="2"/>
          <line num="9" count="14" type="stmt"/>
          <line num="10" count="4" type="stmt"/>
          <line num="17" count="4" type="cond" truecount="2" falsecount="0"/>
          <line num="18" count="4" type="stmt"/>
          <line num="19" count="4" type="stmt"/>
          <line num="22" count="14" type="stmt"/>
          <line num="27" count="4" type="cond" truecount="1" falsecount="1"/>
          <line num="31" count="4" type="stmt"/>
          <line num="32" count="4" type="stmt"/>
        </file>
        <file name="getUsers.js" path="/Users/joseph/Sites/mappslab/beta/api/graphql/User/queryResolvers/getUsers.js">
          <metrics statements="13" coveredstatements="12" conditionals="6" coveredconditionals="4" methods="4" coveredmethods="3"/>
          <line num="7" count="14" type="stmt"/>
          <line num="8" count="7" type="stmt"/>
          <line num="10" count="14" type="stmt"/>
          <line num="11" count="1" type="stmt"/>
          <line num="12" count="0" type="stmt"/>
          <line num="14" count="1" type="stmt"/>
          <line num="15" count="1" type="stmt"/>
          <line num="23" count="14" type="stmt"/>
          <line num="24" count="1" type="cond" truecount="3" falsecount="1"/>
          <line num="25" count="1" type="stmt"/>
          <line num="26" count="1" type="stmt"/>
          <line num="27" count="1" type="cond" truecount="1" falsecount="1"/>
          <line num="28" count="1" type="stmt"/>
        </file>
        <file name="index.js" path="/Users/joseph/Sites/mappslab/beta/api/graphql/User/queryResolvers/index.js">
          <metrics statements="0" coveredstatements="0" conditionals="0" coveredconditionals="0" methods="0" coveredmethods="0"/>
        </file>
      </package>
      <package name="api.graphql.core">
        <metrics statements="25" coveredstatements="9" conditionals="16" coveredconditionals="2" methods="3" coveredmethods="0"/>
        <file name="DateTime.js" path="/Users/joseph/Sites/mappslab/beta/api/graphql/core/DateTime.js">
          <metrics statements="13" coveredstatements="4" conditionals="6" coveredconditionals="0" methods="3" coveredmethods="0"/>
          <line num="6" count="14" type="stmt"/>
          <line num="7" count="0" type="cond" truecount="0" falsecount="2"/>
          <line num="8" count="0" type="stmt"/>
          <line num="10" count="0" type="stmt"/>
          <line num="13" count="14" type="stmt"/>
          <line num="14" count="0" type="cond" truecount="0" falsecount="2"/>
          <line num="15" count="0" type="stmt"/>
          <line num="17" count="0" type="stmt"/>
          <line num="20" count="14" type="stmt"/>
          <line num="22" count="0" type="cond" truecount="0" falsecount="2"/>
          <line num="23" count="0" type="stmt"/>
          <line num="25" count="0" type="stmt"/>
          <line num="28" count="14" type="stmt"/>
        </file>
        <file name="coreQueryResolvers.js" path="/Users/joseph/Sites/mappslab/beta/api/graphql/core/coreQueryResolvers.js">
          <metrics statements="10" coveredstatements="3" conditionals="10" coveredconditionals="2" methods="0" coveredmethods="0"/>
          <line num="10" count="14" type="stmt"/>
          <line num="13" count="0" type="cond" truecount="0" falsecount="2"/>
          <line num="14" count="0" type="stmt"/>
          <line num="20" count="0" type="cond" truecount="0" falsecount="2"/>
          <line num="21" count="0" type="stmt"/>
          <line num="27" count="0" type="cond" truecount="0" falsecount="4"/>
          <line num="28" count="0" type="stmt"/>
          <line num="30" count="0" type="stmt"/>
          <line num="36" count="5" type="cond" truecount="2" falsecount="0"/>
          <line num="37" count="3" type="stmt"/>
        </file>
        <file name="coreTypes.js" path="/Users/joseph/Sites/mappslab/beta/api/graphql/core/coreTypes.js">
          <metrics statements="2" coveredstatements="2" conditionals="0" coveredconditionals="0" methods="0" coveredmethods="0"/>
          <line num="4" count="14" type="stmt"/>
          <line num="8" count="14" type="stmt"/>
        </file>
        <file name="index.js" path="/Users/joseph/Sites/mappslab/beta/api/graphql/core/index.js">
          <metrics statements="0" coveredstatements="0" conditionals="0" coveredconditionals="0" methods="0" coveredmethods="0"/>
        </file>
      </package>
      <package name="api.models">
        <metrics statements="1" coveredstatements="1" conditionals="0" coveredconditionals="0" methods="0" coveredmethods="0"/>
        <file name="index.js" path="/Users/joseph/Sites/mappslab/beta/api/models/index.js">
          <metrics statements="1" coveredstatements="1" conditionals="0" coveredconditionals="0" methods="0" coveredmethods="0"/>
          <line num="9" count="14" type="stmt"/>
        </file>
      </package>
      <package name="api.models.Classroom">
        <metrics statements="64" coveredstatements="44" conditionals="39" coveredconditionals="26" methods="18" coveredmethods="8"/>
        <file name="classroomDBSchema.js" path="/Users/joseph/Sites/mappslab/beta/api/models/Classroom/classroomDBSchema.js">
          <metrics statements="10" coveredstatements="10" conditionals="10" coveredconditionals="4" methods="5" coveredmethods="4"/>
          <line num="11" count="14" type="stmt"/>
          <line num="13" count="14" type="cond" truecount="0" falsecount="1"/>
          <line num="14" count="2" type="stmt"/>
          <line num="39" count="14" type="stmt"/>
          <line num="44" count="14" type="stmt"/>
          <line num="58" count="14" type="stmt"/>
          <line num="59" count="14" type="stmt"/>
          <line num="65" count="14" type="cond" truecount="0" falsecount="1"/>
          <line num="66" count="2" type="stmt"/>
          <line num="68" count="2" type="cond" truecount="1" falsecount="1"/>
        </file>
        <file name="createClassroom.js" path="/Users/joseph/Sites/mappslab/beta/api/models/Classroom/createClassroom.js">
          <metrics statements="13" coveredstatements="5" conditionals="0" coveredconditionals="0" methods="5" coveredmethods="0"/>
          <line num="8" count="14" type="stmt"/>
          <line num="14" count="14" type="stmt"/>
          <line num="15" count="0" type="stmt"/>
          <line num="16" count="0" type="stmt"/>
          <line num="17" count="0" type="stmt"/>
          <line num="18" count="0" type="stmt"/>
          <line num="19" count="0" type="stmt"/>
          <line num="22" count="0" type="stmt"/>
          <line num="25" count="14" type="stmt"/>
          <line num="27" count="14" type="stmt"/>
          <line num="28" count="0" type="stmt"/>
          <line num="30" count="14" type="stmt"/>
          <line num="31" count="0" type="stmt"/>
        </file>
        <file name="deleteClassroom.js" path="/Users/joseph/Sites/mappslab/beta/api/models/Classroom/deleteClassroom.js">
          <metrics statements="1" coveredstatements="1" conditionals="0" coveredconditionals="0" methods="1" coveredmethods="0"/>
          <line num="3" count="14" type="stmt"/>
        </file>
        <file name="index.js" path="/Users/joseph/Sites/mappslab/beta/api/models/Classroom/index.js">
          <metrics statements="0" coveredstatements="0" conditionals="0" coveredconditionals="0" methods="0" coveredmethods="0"/>
        </file>
        <file name="readClassroom.js" path="/Users/joseph/Sites/mappslab/beta/api/models/Classroom/readClassroom.js">
          <metrics statements="21" coveredstatements="18" conditionals="25" coveredconditionals="22" methods="3" coveredmethods="2"/>
          <line num="10" count="14" type="stmt"/>
          <line num="12" count="14" type="stmt"/>
          <line num="13" count="11" type="stmt"/>
          <line num="14" count="11" type="cond" truecount="4" falsecount="1"/>
          <line num="15" count="11" type="cond" truecount="5" falsecount="0"/>
          <line num="16" count="10" type="cond" truecount="4" falsecount="0"/>
          <line num="17" count="10" type="stmt"/>
          <line num="24" count="10" type="cond" truecount="2" falsecount="0"/>
          <line num="25" count="10" type="stmt"/>
          <line num="26" count="10" type="stmt"/>
          <line num="27" count="10" type="cond" truecount="3" falsecount="1"/>
          <line num="28" count="10" type="stmt"/>
          <line num="31" count="14" type="cond" truecount="1" falsecount="0"/>
          <line num="32" count="12" type="stmt"/>
          <line num="33" count="12" type="stmt"/>
          <line num="41" count="12" type="cond" truecount="2" falsecount="0"/>
          <line num="42" count="12" type="stmt"/>
          <line num="43" count="0" type="stmt"/>
          <line num="44" count="0" type="stmt"/>
          <line num="45" count="0" type="stmt"/>
          <line num="48" count="12" type="cond" truecount="1" falsecount="1"/>
        </file>
        <file name="readClassroomRelationships.js" path="/Users/joseph/Sites/mappslab/beta/api/models/Classroom/readClassroomRelationships.js">
          <metrics statements="13" coveredstatements="4" conditionals="4" coveredconditionals="0" methods="3" coveredmethods="1"/>
          <line num="8" count="14" type="stmt"/>
          <line num="9" count="0" type="stmt"/>
          <line num="16" count="0" type="stmt"/>
          <line num="17" count="0" type="stmt"/>
          <line num="18" count="0" type="cond" truecount="0" falsecount="2"/>
          <line num="19" count="0" type="stmt"/>
          <line num="20" count="0" type="stmt"/>
          <line num="23" count="28" type="stmt"/>
          <line num="26" count="0" type="stmt"/>
          <line num="34" count="0" type="stmt"/>
          <line num="35" count="0" type="cond" truecount="0" falsecount="2"/>
          <line num="38" count="14" type="stmt"/>
          <line num="39" count="14" type="stmt"/>
        </file>
        <file name="updateClassroom.js" path="/Users/joseph/Sites/mappslab/beta/api/models/Classroom/updateClassroom.js">
          <metrics statements="6" coveredstatements="6" conditionals="0" coveredconditionals="0" methods="1" coveredmethods="1"/>
          <line num="6" count="14" type="stmt"/>
          <line num="7" count="2" type="stmt"/>
          <line num="8" count="2" type="stmt"/>
          <line num="9" count="2" type="stmt"/>
          <line num="10" count="2" type="stmt"/>
          <line num="11" count="2" type="stmt"/>
        </file>
      </package>
      <package name="api.models.Map">
        <metrics statements="42" coveredstatements="36" conditionals="31" coveredconditionals="19" methods="12" coveredmethods="7"/>
        <file name="createMap.js" path="/Users/joseph/Sites/mappslab/beta/api/models/Map/createMap.js">
          <metrics statements="10" coveredstatements="7" conditionals="0" coveredconditionals="0" methods="2" coveredmethods="1"/>
          <line num="7" count="14" type="stmt"/>
          <line num="9" count="14" type="stmt"/>
          <line num="10" count="1" type="stmt"/>
          <line num="11" count="1" type="stmt"/>
          <line num="13" count="1" type="stmt"/>
          <line num="14" count="0" type="stmt"/>
          <line num="15" count="0" type="stmt"/>
          <line num="16" count="0" type="stmt"/>
          <line num="19" count="1" type="stmt"/>
          <line num="21" count="1" type="stmt"/>
        </file>
        <file name="deleteMap.js" path="/Users/joseph/Sites/mappslab/beta/api/models/Map/deleteMap.js">
          <metrics statements="1" coveredstatements="1" conditionals="0" coveredconditionals="0" methods="1" coveredmethods="0"/>
          <line num="3" count="14" type="stmt"/>
        </file>
        <file name="index.js" path="/Users/joseph/Sites/mappslab/beta/api/models/Map/index.js">
          <metrics statements="0" coveredstatements="0" conditionals="0" coveredconditionals="0" methods="0" coveredmethods="0"/>
        </file>
        <file name="mapDBSchema.js" path="/Users/joseph/Sites/mappslab/beta/api/models/Map/mapDBSchema.js">
          <metrics statements="12" coveredstatements="12" conditionals="10" coveredconditionals="4" methods="5" coveredmethods="4"/>
          <line num="12" count="14" type="cond" truecount="0" falsecount="1"/>
          <line num="13" count="1" type="stmt"/>
          <line num="29" count="14" type="stmt"/>
          <line num="34" count="14" type="stmt"/>
          <line num="35" count="14" type="stmt"/>
          <line num="37" count="14" type="stmt"/>
          <line num="43" count="14" type="cond" truecount="0" falsecount="1"/>
          <line num="49" count="14" type="stmt"/>
          <line num="50" count="14" type="stmt"/>
          <line num="56" count="14" type="stmt"/>
          <line num="57" count="2" type="cond" truecount="1" falsecount="1"/>
          <line num="64" count="14" type="stmt"/>
        </file>
        <file name="readMap.js" path="/Users/joseph/Sites/mappslab/beta/api/models/Map/readMap.js">
          <metrics statements="18" coveredstatements="15" conditionals="21" coveredconditionals="15" methods="3" coveredmethods="2"/>
          <line num="11" count="14" type="stmt"/>
          <line num="12" count="2" type="stmt"/>
          <line num="13" count="2" type="cond" truecount="4" falsecount="1"/>
          <line num="14" count="2" type="cond" truecount="4" falsecount="1"/>
          <line num="15" count="2" type="cond" truecount="3" falsecount="1"/>
          <line num="16" count="2" type="stmt"/>
          <line num="23" count="2" type="stmt"/>
          <line num="24" count="2" type="stmt"/>
          <line num="27" count="14" type="cond" truecount="1" falsecount="0"/>
          <line num="28" count="32" type="stmt"/>
          <line num="30" count="32" type="stmt"/>
          <line num="38" count="32" type="stmt"/>
          <line num="39" count="32" type="cond" truecount="3" falsecount="1"/>
          <line num="40" count="32" type="stmt"/>
          <line num="43" count="14" type="stmt"/>
          <line num="44" count="0" type="stmt"/>
          <line num="51" count="0" type="stmt"/>
          <line num="52" count="0" type="cond" truecount="0" falsecount="2"/>
        </file>
        <file name="updateMap.js" path="/Users/joseph/Sites/mappslab/beta/api/models/Map/updateMap.js">
          <metrics statements="1" coveredstatements="1" conditionals="0" coveredconditionals="0" methods="1" coveredmethods="0"/>
          <line num="3" count="14" type="stmt"/>
        </file>
      </package>
      <package name="api.models.Pin">
        <metrics statements="56" coveredstatements="56" conditionals="33" coveredconditionals="28" methods="13" coveredmethods="12"/>
        <file name="createPin.js" path="/Users/joseph/Sites/mappslab/beta/api/models/Pin/createPin.js">
          <metrics statements="12" coveredstatements="12" conditionals="4" coveredconditionals="2" methods="3" coveredmethods="2"/>
          <line num="6" count="14" type="stmt"/>
          <line num="8" count="14" type="stmt"/>
          <line num="9" count="3" type="stmt"/>
          <line num="10" count="3" type="stmt"/>
          <line num="11" count="3" type="stmt"/>
          <line num="12" count="3" type="stmt"/>
          <line num="15" count="3" type="stmt"/>
          <line num="18" count="3" type="cond" truecount="1" falsecount="1"/>
          <line num="21" count="3" type="cond" truecount="1" falsecount="1"/>
          <line num="23" count="3" type="stmt"/>
          <line num="25" count="3" type="stmt"/>
          <line num="27" count="3" type="stmt"/>
        </file>
        <file name="deletePin.js" path="/Users/joseph/Sites/mappslab/beta/api/models/Pin/deletePin.js">
          <metrics statements="11" coveredstatements="11" conditionals="7" coveredconditionals="7" methods="1" coveredmethods="1"/>
          <line num="9" count="14" type="stmt"/>
          <line num="11" count="3" type="cond" truecount="2" falsecount="0"/>
          <line num="12" count="3" type="stmt"/>
          <line num="26" count="3" type="stmt"/>
          <line num="27" count="3" type="cond" truecount="5" falsecount="0"/>
          <line num="28" count="1" type="stmt"/>
          <line num="31" count="2" type="stmt"/>
          <line num="32" count="2" type="stmt"/>
          <line num="33" count="2" type="stmt"/>
          <line num="34" count="2" type="stmt"/>
          <line num="36" count="2" type="stmt"/>
        </file>
        <file name="index.js" path="/Users/joseph/Sites/mappslab/beta/api/models/Pin/index.js">
          <metrics statements="0" coveredstatements="0" conditionals="0" coveredconditionals="0" methods="0" coveredmethods="0"/>
        </file>
        <file name="pinDBSchema.js" path="/Users/joseph/Sites/mappslab/beta/api/models/Pin/pinDBSchema.js">
          <metrics statements="13" coveredstatements="13" conditionals="13" coveredconditionals="12" methods="5" coveredmethods="5"/>
          <line num="12" count="14" type="cond" truecount="0" falsecount="1"/>
          <line num="13" count="7" type="stmt"/>
          <line num="33" count="14" type="stmt"/>
          <line num="39" count="14" type="stmt"/>
          <line num="59" count="14" type="stmt"/>
          <line num="61" count="14" type="stmt"/>
          <line num="62" count="14" type="stmt"/>
          <line num="68" count="14" type="stmt"/>
          <line num="69" count="7" type="stmt"/>
          <line num="75" count="14" type="stmt"/>
          <line num="82" count="14" type="stmt"/>
          <line num="83" count="15" type="cond" truecount="2" falsecount="0"/>
          <line num="90" count="14" type="stmt"/>
        </file>
        <file name="readPin.js" path="/Users/joseph/Sites/mappslab/beta/api/models/Pin/readPin.js">
          <metrics statements="12" coveredstatements="12" conditionals="7" coveredconditionals="5" methods="2" coveredmethods="2"/>
          <line num="8" count="14" type="stmt"/>
          <line num="9" count="15" type="stmt"/>
          <line num="16" count="15" type="stmt"/>
          <line num="17" count="15" type="cond" truecount="1" falsecount="1"/>
          <line num="18" count="15" type="stmt"/>
          <line num="19" count="15" type="stmt"/>
          <line num="22" count="14" type="cond" truecount="1" falsecount="0"/>
          <line num="23" count="11" type="stmt"/>
          <line num="25" count="11" type="stmt"/>
          <line num="33" count="11" type="stmt"/>
          <line num="34" count="11" type="cond" truecount="3" falsecount="1"/>
          <line num="35" count="11" type="stmt"/>
        </file>
        <file name="updatePin.js" path="/Users/joseph/Sites/mappslab/beta/api/models/Pin/updatePin.js">
          <metrics statements="8" coveredstatements="8" conditionals="2" coveredconditionals="2" methods="2" coveredmethods="2"/>
          <line num="6" count="14" type="stmt"/>
          <line num="7" count="2" type="stmt"/>
          <line num="8" count="2" type="stmt"/>
          <line num="10" count="2" type="stmt"/>
          <line num="12" count="2" type="stmt"/>
          <line num="13" count="2" type="cond" truecount="2" falsecount="0"/>
          <line num="14" count="1" type="stmt"/>
          <line num="16" count="2" type="stmt"/>
        </file>
      </package>
      <package name="api.models.Route">
        <metrics statements="36" coveredstatements="20" conditionals="22" coveredconditionals="3" methods="12" coveredmethods="2"/>
        <file name="createRoute.js" path="/Users/joseph/Sites/mappslab/beta/api/models/Route/createRoute.js">
          <metrics statements="10" coveredstatements="1" conditionals="4" coveredconditionals="0" methods="2" coveredmethods="0"/>
          <line num="6" count="14" type="stmt"/>
          <line num="7" count="0" type="cond" truecount="0" falsecount="2"/>
          <line num="8" count="0" type="cond" truecount="0" falsecount="2"/>
          <line num="9" count="0" type="stmt"/>
          <line num="11" count="0" type="stmt"/>
          <line num="12" count="0" type="stmt"/>
          <line num="14" count="0" type="stmt"/>
          <line num="16" count="0" type="stmt"/>
          <line num="25" count="0" type="stmt"/>
          <line num="26" count="0" type="stmt"/>
        </file>
        <file name="deleteRoute.js" path="/Users/joseph/Sites/mappslab/beta/api/models/Route/deleteRoute.js">
          <metrics statements="1" coveredstatements="1" conditionals="0" coveredconditionals="0" methods="1" coveredmethods="0"/>
          <line num="3" count="14" type="stmt"/>
        </file>
        <file name="index.js" path="/Users/joseph/Sites/mappslab/beta/api/models/Route/index.js">
          <metrics statements="0" coveredstatements="0" conditionals="0" coveredconditionals="0" methods="0" coveredmethods="0"/>
        </file>
        <file name="readRoute.js" path="/Users/joseph/Sites/mappslab/beta/api/models/Route/readRoute.js">
          <metrics statements="11" coveredstatements="7" conditionals="9" coveredconditionals="3" methods="2" coveredmethods="1"/>
          <line num="8" count="14" type="stmt"/>
          <line num="9" count="0" type="stmt"/>
          <line num="16" count="0" type="stmt"/>
          <line num="17" count="0" type="cond" truecount="0" falsecount="4"/>
          <line num="18" count="0" type="stmt"/>
          <line num="21" count="14" type="cond" truecount="0" falsecount="1"/>
          <line num="22" count="1" type="stmt"/>
          <line num="23" count="1" type="stmt"/>
          <line num="31" count="1" type="stmt"/>
          <line num="32" count="1" type="cond" truecount="3" falsecount="1"/>
          <line num="33" count="1" type="stmt"/>
        </file>
        <file name="routeDBSchema.js" path="/Users/joseph/Sites/mappslab/beta/api/models/Route/routeDBSchema.js">
          <metrics statements="13" coveredstatements="10" conditionals="9" coveredconditionals="0" methods="6" coveredmethods="1"/>
          <line num="12" count="14" type="cond" truecount="0" falsecount="1"/>
          <line num="13" count="0" type="stmt"/>
          <line num="32" count="14" type="stmt"/>
          <line num="37" count="14" type="stmt"/>
          <line num="38" count="14" type="stmt"/>
          <line num="40" count="14" type="stmt"/>
          <line num="46" count="14" type="stmt"/>
          <line num="47" count="0" type="stmt"/>
          <line num="57" count="14" type="stmt"/>
          <line num="61" count="4" type="stmt"/>
          <line num="64" count="14" type="stmt"/>
          <line num="65" count="0" type="cond" truecount="0" falsecount="2"/>
          <line num="72" count="14" type="stmt"/>
        </file>
        <file name="updateRoute.js" path="/Users/joseph/Sites/mappslab/beta/api/models/Route/updateRoute.js">
          <metrics statements="1" coveredstatements="1" conditionals="0" coveredconditionals="0" methods="1" coveredmethods="0"/>
          <line num="3" count="14" type="stmt"/>
        </file>
      </package>
      <package name="api.models.User">
        <metrics statements="123" coveredstatements="102" conditionals="77" coveredconditionals="48" methods="24" coveredmethods="15"/>
        <file name="createUser.js" path="/Users/joseph/Sites/mappslab/beta/api/models/User/createUser.js">
          <metrics statements="8" coveredstatements="2" conditionals="0" coveredconditionals="0" methods="2" coveredmethods="0"/>
          <line num="7" count="14" type="stmt"/>
          <line num="9" count="14" type="stmt"/>
          <line num="10" count="0" type="stmt"/>
          <line num="11" count="0" type="stmt"/>
          <line num="12" count="0" type="stmt"/>
          <line num="13" count="0" type="stmt"/>
          <line num="14" count="0" type="stmt"/>
          <line num="17" count="0" type="stmt"/>
        </file>
        <file name="deleteUser.js" path="/Users/joseph/Sites/mappslab/beta/api/models/User/deleteUser.js">
          <metrics statements="1" coveredstatements="1" conditionals="0" coveredconditionals="0" methods="1" coveredmethods="0"/>
          <line num="3" count="14" type="stmt"/>
        </file>
        <file name="index.js" path="/Users/joseph/Sites/mappslab/beta/api/models/User/index.js">
          <metrics statements="0" coveredstatements="0" conditionals="0" coveredconditionals="0" methods="0" coveredmethods="0"/>
        </file>
        <file name="readUser.js" path="/Users/joseph/Sites/mappslab/beta/api/models/User/readUser.js">
          <metrics statements="22" coveredstatements="22" conditionals="13" coveredconditionals="10" methods="3" coveredmethods="3"/>
          <line num="10" count="14" type="stmt"/>
          <line num="11" count="14" type="stmt"/>
          <line num="12" count="14" type="stmt"/>
          <line num="13" count="14" type="cond" truecount="2" falsecount="0"/>
          <line num="14" count="14" type="stmt"/>
          <line num="22" count="14" type="stmt"/>
          <line num="23" count="14" type="cond" truecount="1" falsecount="1"/>
          <line num="24" count="14" type="stmt"/>
          <line num="25" count="14" type="stmt"/>
          <line num="28" count="14" type="cond" truecount="1" falsecount="0"/>
          <line num="29" count="14" type="stmt"/>
          <line num="31" count="14" type="stmt"/>
          <line num="40" count="14" type="stmt"/>
          <line num="41" count="14" type="cond" truecount="3" falsecount="1"/>
          <line num="42" count="14" type="stmt"/>
          <line num="45" count="14" type="stmt"/>
          <line num="46" count="1" type="stmt"/>
          <line num="47" count="1" type="stmt"/>
          <line num="53" count="1" type="stmt"/>
          <line num="54" count="1" type="cond" truecount="3" falsecount="1"/>
          <line num="55" count="1" type="stmt"/>
          <line num="56" count="1" type="stmt"/>
        </file>
        <file name="readUserRelationships.js" path="/Users/joseph/Sites/mappslab/beta/api/models/User/readUserRelationships.js">
          <metrics statements="23" coveredstatements="12" conditionals="14" coveredconditionals="2" methods="6" coveredmethods="2"/>
          <line num="9" count="14" type="stmt"/>
          <line num="10" count="0" type="stmt"/>
          <line num="17" count="0" type="stmt"/>
          <line num="18" count="0" type="cond" truecount="0" falsecount="4"/>
          <line num="21" count="28" type="stmt"/>
          <line num="26" count="5" type="cond" truecount="2" falsecount="0"/>
          <line num="27" count="5" type="stmt"/>
          <line num="36" count="5" type="stmt"/>
          <line num="37" count="5" type="stmt"/>
          <line num="45" count="5" type="stmt"/>
          <line num="48" count="14" type="stmt"/>
          <line num="49" count="14" type="stmt"/>
          <line num="51" count="14" type="stmt"/>
          <line num="60" count="14" type="stmt"/>
          <line num="61" count="0" type="stmt"/>
          <line num="62" count="0" type="stmt"/>
          <line num="63" count="0" type="cond" truecount="0" falsecount="4"/>
          <line num="64" count="0" type="stmt"/>
          <line num="67" count="14" type="stmt"/>
          <line num="68" count="0" type="stmt"/>
          <line num="69" count="0" type="stmt"/>
          <line num="70" count="0" type="cond" truecount="0" falsecount="4"/>
          <line num="71" count="0" type="stmt"/>
        </file>
        <file name="updateUser.js" path="/Users/joseph/Sites/mappslab/beta/api/models/User/updateUser.js">
          <metrics statements="1" coveredstatements="1" conditionals="0" coveredconditionals="0" methods="1" coveredmethods="0"/>
          <line num="3" count="14" type="stmt"/>
        </file>
        <file name="userAuth.js" path="/Users/joseph/Sites/mappslab/beta/api/models/User/userAuth.js">
          <metrics statements="49" coveredstatements="47" conditionals="33" coveredconditionals="28" methods="4" coveredmethods="4"/>
          <line num="14" count="14" type="stmt"/>
          <line num="17" count="6" type="stmt"/>
          <line num="19" count="6" type="cond" truecount="2" falsecount="0"/>
          <line num="20" count="6" type="stmt"/>
          <line num="27" count="6" type="cond" truecount="2" falsecount="0"/>
          <line num="28" count="6" type="stmt"/>
          <line num="29" count="6" type="cond" truecount="1" falsecount="1"/>
          <line num="30" count="6" type="stmt"/>
          <line num="31" count="6" type="cond" truecount="2" falsecount="0"/>
          <line num="33" count="5" type="cond" truecount="1" falsecount="1"/>
          <line num="35" count="5" type="cond" truecount="2" falsecount="0"/>
          <line num="38" count="3" type="cond" truecount="2" falsecount="0"/>
          <line num="39" count="3" type="cond" truecount="2" falsecount="0"/>
          <line num="42" count="1" type="stmt"/>
          <line num="45" count="14" type="stmt"/>
          <line num="46" count="5" type="stmt"/>
          <line num="47" count="5" type="stmt"/>
          <line num="48" count="5" type="stmt"/>
          <line num="49" count="5" type="stmt"/>
          <line num="50" count="5" type="stmt"/>
          <line num="51" count="5" type="stmt"/>
          <line num="52" count="5" type="stmt"/>
          <line num="55" count="14" type="stmt"/>
          <line num="56" count="2" type="stmt"/>
          <line num="58" count="2" type="stmt"/>
          <line num="69" count="2" type="stmt"/>
          <line num="70" count="2" type="cond" truecount="5" falsecount="0"/>
          <line num="71" count="1" type="stmt"/>
          <line num="73" count="1" type="stmt"/>
          <line num="74" count="1" type="stmt"/>
          <line num="78" count="1" type="stmt"/>
          <line num="79" count="1" type="stmt"/>
          <line num="80" count="1" type="stmt"/>
          <line num="81" count="1" type="stmt"/>
          <line num="84" count="14" type="stmt"/>
          <line num="85" count="4" type="cond" truecount="3" falsecount="1"/>
          <line num="86" count="0" type="stmt"/>
          <line num="88" count="4" type="stmt"/>
          <line num="89" count="4" type="stmt"/>
          <line num="90" count="4" type="cond" truecount="1" falsecount="1"/>
          <line num="91" count="4" type="cond" truecount="3" falsecount="1"/>
          <line num="92" count="0" type="stmt"/>
          <line num="94" count="4" type="cond" truecount="2" falsecount="0"/>
          <line num="95" count="1" type="stmt"/>
          <line num="98" count="3" type="stmt"/>
          <line num="99" count="3" type="stmt"/>
          <line num="100" count="3" type="stmt"/>
          <line num="101" count="3" type="stmt"/>
          <line num="102" count="3" type="stmt"/>
        </file>
        <file name="userDBSchema.js" path="/Users/joseph/Sites/mappslab/beta/api/models/User/userDBSchema.js">
          <metrics statements="19" coveredstatements="17" conditionals="17" coveredconditionals="8" methods="7" coveredmethods="6"/>
          <line num="12" count="14" type="stmt"/>
          <line num="14" count="14" type="cond" truecount="0" falsecount="1"/>
          <line num="15" count="9" type="stmt"/>
          <line num="57" count="14" type="stmt"/>
          <line num="64" count="14" type="stmt"/>
          <line num="65" count="14" type="stmt"/>
          <line num="67" count="14" type="stmt"/>
          <line num="68" count="14" type="stmt"/>
          <line num="73" count="14" type="stmt"/>
          <line num="75" count="18" type="stmt"/>
          <line num="76" count="4" type="stmt"/>
          <line num="77" count="4" type="stmt"/>
          <line num="78" count="4" type="cond" truecount="1" falsecount="1"/>
          <line num="79" count="0" type="stmt"/>
          <line num="80" count="0" type="stmt"/>
          <line num="82" count="4" type="stmt"/>
          <line num="83" count="4" type="stmt"/>
          <line num="89" count="14" type="stmt"/>
          <line num="90" count="9" type="stmt"/>
        </file>
      </package>
      <package name="api.utils">
        <metrics statements="47" coveredstatements="40" conditionals="33" coveredconditionals="28" methods="22" coveredmethods="18"/>
        <file name="auth.js" path="/Users/joseph/Sites/mappslab/beta/api/utils/auth.js">
          <metrics statements="19" coveredstatements="16" conditionals="10" coveredconditionals="8" methods="8" coveredmethods="7"/>
          <line num="7" count="14" type="stmt"/>
          <line num="8" count="5" type="stmt"/>
          <line num="9" count="5" type="stmt"/>
          <line num="12" count="5" type="stmt"/>
          <line num="13" count="5" type="stmt"/>
          <line num="16" count="0" type="stmt"/>
          <line num="20" count="14" type="stmt"/>
          <line num="21" count="9" type="stmt"/>
          <line num="22" count="9" type="stmt"/>
          <line num="23" count="9" type="cond" truecount="6" falsecount="0"/>
          <line num="24" count="6" type="cond" truecount="1" falsecount="1"/>
          <line num="25" count="6" type="stmt"/>
          <line num="31" count="14" type="stmt"/>
          <line num="32" count="2" type="stmt"/>
          <line num="33" count="2" type="stmt"/>
          <line num="34" count="2" type="cond" truecount="1" falsecount="1"/>
          <line num="35" count="0" type="stmt"/>
          <line num="36" count="0" type="stmt"/>
          <line num="38" count="2" type="stmt"/>
        </file>
        <file name="graphql.js" path="/Users/joseph/Sites/mappslab/beta/api/utils/graphql.js">
          <metrics statements="9" coveredstatements="9" conditionals="13" coveredconditionals="12" methods="2" coveredmethods="2"/>
          <line num="25" count="143" type="stmt"/>
          <line num="27" count="14" type="stmt"/>
          <line num="32" count="14" type="cond" truecount="1" falsecount="1"/>
          <line num="33" count="53" type="stmt"/>
          <line num="39" count="53" type="cond" truecount="4" falsecount="0"/>
          <line num="41" count="53" type="cond" truecount="2" falsecount="0"/>
          <line num="42" count="53" type="cond" truecount="2" falsecount="0"/>
          <line num="43" count="53" type="cond" truecount="3" falsecount="0"/>
          <line num="45" count="53" type="stmt"/>
        </file>
        <file name="index.js" path="/Users/joseph/Sites/mappslab/beta/api/utils/index.js">
          <metrics statements="8" coveredstatements="7" conditionals="2" coveredconditionals="2" methods="10" coveredmethods="7"/>
          <line num="5" count="14" type="stmt"/>
          <line num="6" count="38" type="cond" truecount="2" falsecount="0"/>
          <line num="9" count="62" type="stmt"/>
          <line num="11" count="19" type="stmt"/>
          <line num="13" count="14" type="stmt"/>
          <line num="15" count="14" type="stmt"/>
          <line num="16" count="0" type="stmt"/>
          <line num="25" count="14" type="stmt"/>
        </file>
        <file name="parsing.js" path="/Users/joseph/Sites/mappslab/beta/api/utils/parsing.js">
          <metrics statements="11" coveredstatements="8" conditionals="8" coveredconditionals="6" methods="2" coveredmethods="2"/>
          <line num="4" count="14" type="stmt"/>
          <line num="6" count="14" type="stmt"/>
          <line num="7" count="28" type="stmt"/>
          <line num="8" count="2216" type="cond" truecount="4" falsecount="0"/>
          <line num="9" count="170" type="cond" truecount="1" falsecount="1"/>
          <line num="10" count="0" type="stmt"/>
          <line num="11" count="0" type="stmt"/>
          <line num="13" count="170" type="cond" truecount="1" falsecount="1"/>
          <line num="14" count="0" type="stmt"/>
          <line num="15" count="170" type="stmt"/>
          <line num="17" count="2046" type="stmt"/>
        </file>
      </package>
    </metrics>
  </project>
</coverage>
