{"/Users/joseph/Sites/mappslab/beta/api/config.js": {"path":"/Users/joseph/Sites/mappslab/beta/api/config.js","statementMap":{"0":{"start":{"line":5,"column":0},"end":{"line":7,"column":2}},"1":{"start":{"line":9,"column":43},"end":{"line":9,"column":54}},"2":{"start":{"line":11,"column":20},"end":{"line":11,"column":33}},"3":{"start":{"line":12,"column":23},"end":{"line":12,"column":40}}},"fnMap":{},"branchMap":{"0":{"loc":{"start":{"line":11,"column":20},"end":{"line":11,"column":33}},"type":"binary-expr","locations":[{"start":{"line":11,"column":20},"end":{"line":11,"column":25}},{"start":{"line":11,"column":29},"end":{"line":11,"column":33}}],"line":11},"1":{"loc":{"start":{"line":12,"column":23},"end":{"line":12,"column":40}},"type":"binary-expr","locations":[{"start":{"line":12,"column":23},"end":{"line":12,"column":31}},{"start":{"line":12,"column":35},"end":{"line":12,"column":40}}],"line":12}},"s":{"0":14,"1":14,"2":14,"3":14},"f":{},"b":{"0":[14,0],"1":[14,0]},"_coverageSchema":"332fd63041d2c1bcb487cc26dd0d5f7d97098a6c","hash":"e3ec7686ad950dc3db7976d7815552e08d529806"}
,"/Users/joseph/Sites/mappslab/beta/api/schema.js": {"path":"/Users/joseph/Sites/mappslab/beta/api/schema.js","statementMap":{"0":{"start":{"line":11,"column":27},"end":{"line":29,"column":1}},"1":{"start":{"line":31,"column":25},"end":{"line":57,"column":1}},"2":{"start":{"line":59,"column":24},"end":{"line":59,"column":118}}},"fnMap":{},"branchMap":{},"s":{"0":14,"1":14,"2":14},"f":{},"b":{},"_coverageSchema":"332fd63041d2c1bcb487cc26dd0d5f7d97098a6c","hash":"4b41ec471b667b988e4f0a23a487aed5bfeaecab"}
,"/Users/joseph/Sites/mappslab/beta/api/database/client.js": {"path":"/Users/joseph/Sites/mappslab/beta/api/database/client.js","statementMap":{"0":{"start":{"line":3,"column":15},"end":{"line":3,"column":35}},"1":{"start":{"line":4,"column":13},"end":{"line":4,"column":28}},"2":{"start":{"line":5,"column":15},"end":{"line":5,"column":32}},"3":{"start":{"line":7,"column":0},"end":{"line":7,"column":15}},"4":{"start":{"line":10,"column":1},"end":{"line":17,"column":21}},"5":{"start":{"line":19,"column":19},"end":{"line":24,"column":1}},"6":{"start":{"line":26,"column":17},"end":{"line":26,"column":52}}},"fnMap":{},"branchMap":{"0":{"loc":{"start":{"line":10,"column":1},"end":{"line":17,"column":21}},"type":"cond-expr","locations":[{"start":{"line":12,"column":4},"end":{"line":12,"column":9}},{"start":{"line":13,"column":4},"end":{"line":17,"column":21}}],"line":10},"1":{"loc":{"start":{"line":13,"column":4},"end":{"line":17,"column":21}},"type":"cond-expr","locations":[{"start":{"line":15,"column":5},"end":{"line":15,"column":26}},{"start":{"line":17,"column":5},"end":{"line":17,"column":21}}],"line":13}},"s":{"0":14,"1":14,"2":14,"3":14,"4":14,"5":14,"6":14},"f":{},"b":{"0":[0,14],"1":[0,14]},"_coverageSchema":"332fd63041d2c1bcb487cc26dd0d5f7d97098a6c","hash":"29fd2ec56a2c7900b2ac71d61769bd2cd37fc6a9"}
,"/Users/joseph/Sites/mappslab/beta/api/database/createEdge.js": {"path":"/Users/joseph/Sites/mappslab/beta/api/database/createEdge.js","statementMap":{"0":{"start":{"line":6,"column":15},"end":{"line":6,"column":35}},"1":{"start":{"line":7,"column":14},"end":{"line":7,"column":37}},"2":{"start":{"line":11,"column":22},"end":{"line":13,"column":1}},"3":{"start":{"line":15,"column":19},"end":{"line":39,"column":1}},"4":{"start":{"line":16,"column":16},"end":{"line":16,"column":45}},"5":{"start":{"line":17,"column":13},"end":{"line":17,"column":45}},"6":{"start":{"line":18,"column":1},"end":{"line":38,"column":2}},"7":{"start":{"line":19,"column":13},"end":{"line":19,"column":34}},"8":{"start":{"line":22,"column":2},"end":{"line":26,"column":3}},"9":{"start":{"line":23,"column":3},"end":{"line":25,"column":5}},"10":{"start":{"line":24,"column":4},"end":{"line":24,"column":11}},"11":{"start":{"line":28,"column":2},"end":{"line":28,"column":56}},"12":{"start":{"line":29,"column":2},"end":{"line":29,"column":22}},"13":{"start":{"line":30,"column":2},"end":{"line":30,"column":62}},"14":{"start":{"line":31,"column":2},"end":{"line":31,"column":38}},"15":{"start":{"line":31,"column":20},"end":{"line":31,"column":38}},"16":{"start":{"line":32,"column":2},"end":{"line":32,"column":13}},"17":{"start":{"line":34,"column":2},"end":{"line":34,"column":10}},"18":{"start":{"line":35,"column":2},"end":{"line":35,"column":9}},"19":{"start":{"line":37,"column":2},"end":{"line":37,"column":39}},"20":{"start":{"line":37,"column":20},"end":{"line":37,"column":39}}},"fnMap":{"0":{"name":"(anonymous_0)","decl":{"start":{"line":15,"column":19},"end":{"line":15,"column":20}},"loc":{"start":{"line":15,"column":115},"end":{"line":39,"column":1}},"line":15},"1":{"name":"(anonymous_1)","decl":{"start":{"line":23,"column":62},"end":{"line":23,"column":63}},"loc":{"start":{"line":23,"column":69},"end":{"line":25,"column":4}},"line":23}},"branchMap":{"0":{"loc":{"start":{"line":17,"column":13},"end":{"line":17,"column":45}},"type":"binary-expr","locations":[{"start":{"line":17,"column":13},"end":{"line":17,"column":24}},{"start":{"line":17,"column":28},"end":{"line":17,"column":45}}],"line":17},"1":{"loc":{"start":{"line":22,"column":2},"end":{"line":26,"column":3}},"type":"if","locations":[{"start":{"line":22,"column":2},"end":{"line":26,"column":3}},{"start":{"line":22,"column":2},"end":{"line":26,"column":3}}],"line":22},"2":{"loc":{"start":{"line":31,"column":2},"end":{"line":31,"column":38}},"type":"if","locations":[{"start":{"line":31,"column":2},"end":{"line":31,"column":38}},{"start":{"line":31,"column":2},"end":{"line":31,"column":38}}],"line":31},"3":{"loc":{"start":{"line":37,"column":2},"end":{"line":37,"column":39}},"type":"if","locations":[{"start":{"line":37,"column":2},"end":{"line":37,"column":39}},{"start":{"line":37,"column":2},"end":{"line":37,"column":39}}],"line":37}},"s":{"0":14,"1":14,"2":14,"3":14,"4":8,"5":8,"6":8,"7":8,"8":8,"9":0,"10":0,"11":8,"12":8,"13":8,"14":8,"15":1,"16":8,"17":0,"18":0,"19":8,"20":1},"f":{"0":8,"1":0},"b":{"0":[8,1],"1":[0,8],"2":[1,7],"3":[1,7]},"_coverageSchema":"332fd63041d2c1bcb487cc26dd0d5f7d97098a6c","hash":"b48c46b7940fe56b43c4db0a23d3686d7ed774c6"}
,"/Users/joseph/Sites/mappslab/beta/api/database/createNode.js": {"path":"/Users/joseph/Sites/mappslab/beta/api/database/createNode.js","statementMap":{"0":{"start":{"line":6,"column":15},"end":{"line":6,"column":35}},"1":{"start":{"line":7,"column":14},"end":{"line":7,"column":37}},"2":{"start":{"line":9,"column":19},"end":{"line":28,"column":1}},"3":{"start":{"line":10,"column":13},"end":{"line":10,"column":45}},"4":{"start":{"line":11,"column":1},"end":{"line":27,"column":2}},"5":{"start":{"line":12,"column":13},"end":{"line":12,"column":34}},"6":{"start":{"line":13,"column":2},"end":{"line":13,"column":46}},"7":{"start":{"line":14,"column":23},"end":{"line":14,"column":43}},"8":{"start":{"line":15,"column":14},"end":{"line":15,"column":54}},"9":{"start":{"line":16,"column":2},"end":{"line":16,"column":43}},"10":{"start":{"line":17,"column":2},"end":{"line":17,"column":38}},"11":{"start":{"line":17,"column":20},"end":{"line":17,"column":38}},"12":{"start":{"line":18,"column":2},"end":{"line":21,"column":3}},"13":{"start":{"line":23,"column":2},"end":{"line":23,"column":10}},"14":{"start":{"line":24,"column":2},"end":{"line":24,"column":9}},"15":{"start":{"line":26,"column":2},"end":{"line":26,"column":39}},"16":{"start":{"line":26,"column":20},"end":{"line":26,"column":39}}},"fnMap":{"0":{"name":"(anonymous_0)","decl":{"start":{"line":9,"column":19},"end":{"line":9,"column":20}},"loc":{"start":{"line":9,"column":79},"end":{"line":28,"column":1}},"line":9}},"branchMap":{"0":{"loc":{"start":{"line":10,"column":13},"end":{"line":10,"column":45}},"type":"binary-expr","locations":[{"start":{"line":10,"column":13},"end":{"line":10,"column":24}},{"start":{"line":10,"column":28},"end":{"line":10,"column":45}}],"line":10},"1":{"loc":{"start":{"line":17,"column":2},"end":{"line":17,"column":38}},"type":"if","locations":[{"start":{"line":17,"column":2},"end":{"line":17,"column":38}},{"start":{"line":17,"column":2},"end":{"line":17,"column":38}}],"line":17},"2":{"loc":{"start":{"line":26,"column":2},"end":{"line":26,"column":39}},"type":"if","locations":[{"start":{"line":26,"column":2},"end":{"line":26,"column":39}},{"start":{"line":26,"column":2},"end":{"line":26,"column":39}}],"line":26}},"s":{"0":14,"1":14,"2":14,"3":0,"4":0,"5":0,"6":0,"7":0,"8":0,"9":0,"10":0,"11":0,"12":0,"13":0,"14":0,"15":0,"16":0},"f":{"0":0},"b":{"0":[0,0],"1":[0,0],"2":[0,0]},"_coverageSchema":"332fd63041d2c1bcb487cc26dd0d5f7d97098a6c","hash":"6ca534ce6b6b32db3db36e1681e350a8fe13b2c9"}
,"/Users/joseph/Sites/mappslab/beta/api/database/createNodeWithEdges.js": {"path":"/Users/joseph/Sites/mappslab/beta/api/database/createNodeWithEdges.js","statementMap":{"0":{"start":{"line":7,"column":15},"end":{"line":7,"column":35}},"1":{"start":{"line":8,"column":14},"end":{"line":8,"column":37}},"2":{"start":{"line":24,"column":28},"end":{"line":63,"column":1}},"3":{"start":{"line":25,"column":13},"end":{"line":25,"column":45}},"4":{"start":{"line":26,"column":1},"end":{"line":62,"column":2}},"5":{"start":{"line":28,"column":13},"end":{"line":28,"column":34}},"6":{"start":{"line":29,"column":2},"end":{"line":29,"column":25}},"7":{"start":{"line":30,"column":18},"end":{"line":30,"column":38}},"8":{"start":{"line":32,"column":21},"end":{"line":32,"column":56}},"9":{"start":{"line":33,"column":2},"end":{"line":33,"column":19}},"10":{"start":{"line":35,"column":19},"end":{"line":49,"column":3}},"11":{"start":{"line":37,"column":37},"end":{"line":37,"column":84}},"12":{"start":{"line":38,"column":4},"end":{"line":39,"column":90}},"13":{"start":{"line":39,"column":5},"end":{"line":39,"column":90}},"14":{"start":{"line":40,"column":28},"end":{"line":44,"column":43}},"15":{"start":{"line":45,"column":4},"end":{"line":45,"column":26}},"16":{"start":{"line":46,"column":4},"end":{"line":46,"column":54}},"17":{"start":{"line":47,"column":4},"end":{"line":47,"column":26}},"18":{"start":{"line":50,"column":2},"end":{"line":50,"column":80}},"19":{"start":{"line":51,"column":2},"end":{"line":51,"column":38}},"20":{"start":{"line":51,"column":20},"end":{"line":51,"column":38}},"21":{"start":{"line":52,"column":2},"end":{"line":52,"column":17}},"22":{"start":{"line":53,"column":2},"end":{"line":56,"column":3}},"23":{"start":{"line":58,"column":2},"end":{"line":58,"column":10}},"24":{"start":{"line":59,"column":2},"end":{"line":59,"column":9}},"25":{"start":{"line":61,"column":2},"end":{"line":61,"column":39}},"26":{"start":{"line":61,"column":20},"end":{"line":61,"column":39}}},"fnMap":{"0":{"name":"(anonymous_0)","decl":{"start":{"line":24,"column":28},"end":{"line":24,"column":29}},"loc":{"start":{"line":24,"column":125},"end":{"line":63,"column":1}},"line":24},"1":{"name":"(anonymous_1)","decl":{"start":{"line":36,"column":21},"end":{"line":36,"column":22}},"loc":{"start":{"line":36,"column":58},"end":{"line":48,"column":4}},"line":36}},"branchMap":{"0":{"loc":{"start":{"line":25,"column":13},"end":{"line":25,"column":45}},"type":"binary-expr","locations":[{"start":{"line":25,"column":13},"end":{"line":25,"column":24}},{"start":{"line":25,"column":28},"end":{"line":25,"column":45}}],"line":25},"1":{"loc":{"start":{"line":38,"column":4},"end":{"line":39,"column":90}},"type":"if","locations":[{"start":{"line":38,"column":4},"end":{"line":39,"column":90}},{"start":{"line":38,"column":4},"end":{"line":39,"column":90}}],"line":38},"2":{"loc":{"start":{"line":38,"column":8},"end":{"line":38,"column":50}},"type":"binary-expr","locations":[{"start":{"line":38,"column":9},"end":{"line":38,"column":14}},{"start":{"line":38,"column":18},"end":{"line":38,"column":25}},{"start":{"line":38,"column":31},"end":{"line":38,"column":37}},{"start":{"line":38,"column":41},"end":{"line":38,"column":49}}],"line":38},"3":{"loc":{"start":{"line":40,"column":28},"end":{"line":44,"column":43}},"type":"cond-expr","locations":[{"start":{"line":42,"column":7},"end":{"line":42,"column":43}},{"start":{"line":44,"column":7},"end":{"line":44,"column":43}}],"line":40},"4":{"loc":{"start":{"line":51,"column":2},"end":{"line":51,"column":38}},"type":"if","locations":[{"start":{"line":51,"column":2},"end":{"line":51,"column":38}},{"start":{"line":51,"column":2},"end":{"line":51,"column":38}}],"line":51},"5":{"loc":{"start":{"line":61,"column":2},"end":{"line":61,"column":39}},"type":"if","locations":[{"start":{"line":61,"column":2},"end":{"line":61,"column":39}},{"start":{"line":61,"column":2},"end":{"line":61,"column":39}}],"line":61}},"s":{"0":14,"1":14,"2":14,"3":4,"4":4,"5":4,"6":4,"7":4,"8":4,"9":4,"10":4,"11":7,"12":7,"13":0,"14":7,"15":7,"16":7,"17":7,"18":4,"19":4,"20":4,"21":4,"22":4,"23":0,"24":0,"25":4,"26":4},"f":{"0":4,"1":7},"b":{"0":[4,4],"1":[0,7],"2":[7,0,7,7],"3":[0,7],"4":[4,0],"5":[4,0]},"_coverageSchema":"332fd63041d2c1bcb487cc26dd0d5f7d97098a6c","hash":"5e871bdd2b47da04ae941cb38afff0d8f93b665f"}
,"/Users/joseph/Sites/mappslab/beta/api/database/index.js": {"path":"/Users/joseph/Sites/mappslab/beta/api/database/index.js","statementMap":{"0":{"start":{"line":15,"column":14},"end":{"line":15,"column":37}},"1":{"start":{"line":42,"column":21},"end":{"line":57,"column":1}},"2":{"start":{"line":43,"column":1},"end":{"line":56,"column":2}},"3":{"start":{"line":44,"column":12},"end":{"line":48,"column":41}},"4":{"start":{"line":49,"column":17},"end":{"line":49,"column":24}},"5":{"start":{"line":50,"column":2},"end":{"line":50,"column":89}},"6":{"start":{"line":50,"column":43},"end":{"line":50,"column":63}},"7":{"start":{"line":52,"column":2},"end":{"line":52,"column":40}},"8":{"start":{"line":53,"column":2},"end":{"line":53,"column":12}},"9":{"start":{"line":54,"column":2},"end":{"line":54,"column":40}},"10":{"start":{"line":55,"column":2},"end":{"line":55,"column":11}}},"fnMap":{"0":{"name":"(anonymous_0)","decl":{"start":{"line":42,"column":21},"end":{"line":42,"column":22}},"loc":{"start":{"line":42,"column":91},"end":{"line":57,"column":1}},"line":42},"1":{"name":"(anonymous_1)","decl":{"start":{"line":50,"column":32},"end":{"line":50,"column":33}},"loc":{"start":{"line":50,"column":43},"end":{"line":50,"column":63}},"line":50}},"branchMap":{"0":{"loc":{"start":{"line":44,"column":12},"end":{"line":48,"column":41}},"type":"cond-expr","locations":[{"start":{"line":46,"column":5},"end":{"line":46,"column":72}},{"start":{"line":48,"column":5},"end":{"line":48,"column":41}}],"line":44},"1":{"loc":{"start":{"line":50,"column":9},"end":{"line":50,"column":89}},"type":"cond-expr","locations":[{"start":{"line":50,"column":18},"end":{"line":50,"column":82}},{"start":{"line":50,"column":85},"end":{"line":50,"column":89}}],"line":50}},"s":{"0":14,"1":14,"2":134,"3":134,"4":134,"5":134,"6":134,"7":0,"8":0,"9":0,"10":0},"f":{"0":134,"1":134},"b":{"0":[44,90],"1":[134,0]},"_coverageSchema":"332fd63041d2c1bcb487cc26dd0d5f7d97098a6c","hash":"eb819e68bccaf053fb02f58af6f10bcaf3037710"}
,"/Users/joseph/Sites/mappslab/beta/api/database/mutateNode.js": {"path":"/Users/joseph/Sites/mappslab/beta/api/database/mutateNode.js","statementMap":{"0":{"start":{"line":6,"column":15},"end":{"line":6,"column":35}},"1":{"start":{"line":7,"column":14},"end":{"line":7,"column":37}},"2":{"start":{"line":9,"column":19},"end":{"line":63,"column":1}},"3":{"start":{"line":10,"column":13},"end":{"line":10,"column":45}},"4":{"start":{"line":11,"column":1},"end":{"line":11,"column":98}},"5":{"start":{"line":11,"column":38},"end":{"line":11,"column":98}},"6":{"start":{"line":12,"column":1},"end":{"line":62,"column":2}},"7":{"start":{"line":13,"column":13},"end":{"line":13,"column":34}},"8":{"start":{"line":14,"column":20},"end":{"line":20,"column":3}},"9":{"start":{"line":23,"column":16},"end":{"line":43,"column":3}},"10":{"start":{"line":25,"column":4},"end":{"line":33,"column":5}},"11":{"start":{"line":26,"column":5},"end":{"line":32,"column":6}},"12":{"start":{"line":34,"column":4},"end":{"line":40,"column":5}},"13":{"start":{"line":44,"column":34},"end":{"line":44,"column":39}},"14":{"start":{"line":45,"column":2},"end":{"line":45,"column":24}},"15":{"start":{"line":47,"column":2},"end":{"line":47,"column":82}},"16":{"start":{"line":47,"column":42},"end":{"line":47,"column":82}},"17":{"start":{"line":48,"column":2},"end":{"line":48,"column":22}},"18":{"start":{"line":49,"column":2},"end":{"line":49,"column":38}},"19":{"start":{"line":49,"column":20},"end":{"line":49,"column":38}},"20":{"start":{"line":50,"column":2},"end":{"line":50,"column":40}},"21":{"start":{"line":51,"column":2},"end":{"line":51,"column":30}},"22":{"start":{"line":53,"column":2},"end":{"line":56,"column":3}},"23":{"start":{"line":58,"column":2},"end":{"line":58,"column":10}},"24":{"start":{"line":59,"column":2},"end":{"line":59,"column":9}},"25":{"start":{"line":61,"column":2},"end":{"line":61,"column":39}},"26":{"start":{"line":61,"column":20},"end":{"line":61,"column":39}}},"fnMap":{"0":{"name":"(anonymous_0)","decl":{"start":{"line":9,"column":19},"end":{"line":9,"column":20}},"loc":{"start":{"line":9,"column":92},"end":{"line":63,"column":1}},"line":9},"1":{"name":"(anonymous_1)","decl":{"start":{"line":24,"column":3},"end":{"line":24,"column":4}},"loc":{"start":{"line":24,"column":44},"end":{"line":41,"column":4}},"line":24}},"branchMap":{"0":{"loc":{"start":{"line":10,"column":13},"end":{"line":10,"column":45}},"type":"binary-expr","locations":[{"start":{"line":10,"column":13},"end":{"line":10,"column":24}},{"start":{"line":10,"column":28},"end":{"line":10,"column":45}}],"line":10},"1":{"loc":{"start":{"line":11,"column":1},"end":{"line":11,"column":98}},"type":"if","locations":[{"start":{"line":11,"column":1},"end":{"line":11,"column":98}},{"start":{"line":11,"column":1},"end":{"line":11,"column":98}}],"line":11},"2":{"loc":{"start":{"line":11,"column":5},"end":{"line":11,"column":36}},"type":"binary-expr","locations":[{"start":{"line":11,"column":5},"end":{"line":11,"column":9}},{"start":{"line":11,"column":13},"end":{"line":11,"column":36}}],"line":11},"3":{"loc":{"start":{"line":25,"column":4},"end":{"line":33,"column":5}},"type":"if","locations":[{"start":{"line":25,"column":4},"end":{"line":33,"column":5}},{"start":{"line":25,"column":4},"end":{"line":33,"column":5}}],"line":25},"4":{"loc":{"start":{"line":47,"column":2},"end":{"line":47,"column":82}},"type":"if","locations":[{"start":{"line":47,"column":2},"end":{"line":47,"column":82}},{"start":{"line":47,"column":2},"end":{"line":47,"column":82}}],"line":47},"5":{"loc":{"start":{"line":49,"column":2},"end":{"line":49,"column":38}},"type":"if","locations":[{"start":{"line":49,"column":2},"end":{"line":49,"column":38}},{"start":{"line":49,"column":2},"end":{"line":49,"column":38}}],"line":49},"6":{"loc":{"start":{"line":61,"column":2},"end":{"line":61,"column":39}},"type":"if","locations":[{"start":{"line":61,"column":2},"end":{"line":61,"column":39}},{"start":{"line":61,"column":2},"end":{"line":61,"column":39}}],"line":61}},"s":{"0":14,"1":14,"2":14,"3":15,"4":15,"5":0,"6":15,"7":15,"8":15,"9":15,"10":61,"11":4,"12":57,"13":15,"14":15,"15":15,"16":1,"17":15,"18":15,"19":15,"20":15,"21":15,"22":15,"23":0,"24":0,"25":15,"26":15},"f":{"0":15,"1":61},"b":{"0":[15,15],"1":[0,15],"2":[15,0],"3":[4,57],"4":[1,14],"5":[15,0],"6":[15,0]},"_coverageSchema":"332fd63041d2c1bcb487cc26dd0d5f7d97098a6c","hash":"db529e6a7739a8e869c827e4844316c48aa68396"}
,"/Users/joseph/Sites/mappslab/beta/api/database/removeEdge.js": {"path":"/Users/joseph/Sites/mappslab/beta/api/database/removeEdge.js","statementMap":{"0":{"start":{"line":6,"column":15},"end":{"line":6,"column":35}},"1":{"start":{"line":7,"column":14},"end":{"line":7,"column":37}},"2":{"start":{"line":15,"column":19},"end":{"line":36,"column":1}},"3":{"start":{"line":16,"column":13},"end":{"line":16,"column":45}},"4":{"start":{"line":17,"column":1},"end":{"line":35,"column":2}},"5":{"start":{"line":18,"column":2},"end":{"line":18,"column":33}},"6":{"start":{"line":19,"column":2},"end":{"line":19,"column":87}},"7":{"start":{"line":19,"column":29},"end":{"line":19,"column":87}},"8":{"start":{"line":20,"column":2},"end":{"line":20,"column":93}},"9":{"start":{"line":20,"column":37},"end":{"line":20,"column":93}},"10":{"start":{"line":21,"column":13},"end":{"line":21,"column":34}},"11":{"start":{"line":22,"column":19},"end":{"line":22,"column":52}},"12":{"start":{"line":23,"column":17},"end":{"line":23,"column":53}},"13":{"start":{"line":24,"column":17},"end":{"line":24,"column":55}},"14":{"start":{"line":25,"column":2},"end":{"line":25,"column":25}},"15":{"start":{"line":26,"column":2},"end":{"line":26,"column":22}},"16":{"start":{"line":27,"column":2},"end":{"line":27,"column":37}},"17":{"start":{"line":28,"column":2},"end":{"line":28,"column":38}},"18":{"start":{"line":28,"column":20},"end":{"line":28,"column":38}},"19":{"start":{"line":29,"column":2},"end":{"line":29,"column":13}},"20":{"start":{"line":31,"column":2},"end":{"line":31,"column":10}},"21":{"start":{"line":32,"column":2},"end":{"line":32,"column":9}},"22":{"start":{"line":34,"column":2},"end":{"line":34,"column":39}},"23":{"start":{"line":34,"column":20},"end":{"line":34,"column":39}},"24":{"start":{"line":39,"column":27},"end":{"line":40,"column":60}},"25":{"start":{"line":40,"column":1},"end":{"line":40,"column":60}}},"fnMap":{"0":{"name":"(anonymous_0)","decl":{"start":{"line":15,"column":19},"end":{"line":15,"column":20}},"loc":{"start":{"line":15,"column":100},"end":{"line":36,"column":1}},"line":15},"1":{"name":"(anonymous_1)","decl":{"start":{"line":39,"column":27},"end":{"line":39,"column":28}},"loc":{"start":{"line":40,"column":1},"end":{"line":40,"column":60}},"line":40}},"branchMap":{"0":{"loc":{"start":{"line":16,"column":13},"end":{"line":16,"column":45}},"type":"binary-expr","locations":[{"start":{"line":16,"column":13},"end":{"line":16,"column":24}},{"start":{"line":16,"column":28},"end":{"line":16,"column":45}}],"line":16},"1":{"loc":{"start":{"line":19,"column":2},"end":{"line":19,"column":87}},"type":"if","locations":[{"start":{"line":19,"column":2},"end":{"line":19,"column":87}},{"start":{"line":19,"column":2},"end":{"line":19,"column":87}}],"line":19},"2":{"loc":{"start":{"line":20,"column":2},"end":{"line":20,"column":93}},"type":"if","locations":[{"start":{"line":20,"column":2},"end":{"line":20,"column":93}},{"start":{"line":20,"column":2},"end":{"line":20,"column":93}}],"line":20},"3":{"loc":{"start":{"line":22,"column":19},"end":{"line":22,"column":52}},"type":"cond-expr","locations":[{"start":{"line":22,"column":34},"end":{"line":22,"column":38}},{"start":{"line":22,"column":41},"end":{"line":22,"column":52}}],"line":22},"4":{"loc":{"start":{"line":23,"column":17},"end":{"line":23,"column":53}},"type":"cond-expr","locations":[{"start":{"line":23,"column":33},"end":{"line":23,"column":38}},{"start":{"line":23,"column":41},"end":{"line":23,"column":53}}],"line":23},"5":{"loc":{"start":{"line":28,"column":2},"end":{"line":28,"column":38}},"type":"if","locations":[{"start":{"line":28,"column":2},"end":{"line":28,"column":38}},{"start":{"line":28,"column":2},"end":{"line":28,"column":38}}],"line":28},"6":{"loc":{"start":{"line":34,"column":2},"end":{"line":34,"column":39}},"type":"if","locations":[{"start":{"line":34,"column":2},"end":{"line":34,"column":39}},{"start":{"line":34,"column":2},"end":{"line":34,"column":39}}],"line":34}},"s":{"0":14,"1":14,"2":14,"3":1,"4":1,"5":1,"6":1,"7":0,"8":1,"9":0,"10":1,"11":1,"12":1,"13":1,"14":1,"15":1,"16":1,"17":1,"18":1,"19":1,"20":0,"21":0,"22":1,"23":1,"24":14,"25":0},"f":{"0":1,"1":0},"b":{"0":[1,1],"1":[0,1],"2":[0,1],"3":[0,1],"4":[0,1],"5":[1,0],"6":[1,0]},"_coverageSchema":"332fd63041d2c1bcb487cc26dd0d5f7d97098a6c","hash":"e79e0ddc51065a931eeeff1919272c5c667aaf02"}
,"/Users/joseph/Sites/mappslab/beta/api/database/removeNode.js": {"path":"/Users/joseph/Sites/mappslab/beta/api/database/removeNode.js","statementMap":{"0":{"start":{"line":5,"column":15},"end":{"line":5,"column":35}},"1":{"start":{"line":6,"column":14},"end":{"line":6,"column":37}},"2":{"start":{"line":11,"column":19},"end":{"line":26,"column":1}},"3":{"start":{"line":12,"column":13},"end":{"line":12,"column":45}},"4":{"start":{"line":13,"column":1},"end":{"line":25,"column":2}},"5":{"start":{"line":14,"column":13},"end":{"line":14,"column":34}},"6":{"start":{"line":15,"column":2},"end":{"line":15,"column":35}},"7":{"start":{"line":16,"column":2},"end":{"line":16,"column":22}},"8":{"start":{"line":17,"column":2},"end":{"line":17,"column":38}},"9":{"start":{"line":17,"column":20},"end":{"line":17,"column":38}},"10":{"start":{"line":18,"column":2},"end":{"line":18,"column":44}},"11":{"start":{"line":19,"column":2},"end":{"line":19,"column":13}},"12":{"start":{"line":21,"column":2},"end":{"line":21,"column":10}},"13":{"start":{"line":22,"column":2},"end":{"line":22,"column":9}},"14":{"start":{"line":24,"column":2},"end":{"line":24,"column":39}},"15":{"start":{"line":24,"column":20},"end":{"line":24,"column":39}}},"fnMap":{"0":{"name":"(anonymous_0)","decl":{"start":{"line":11,"column":19},"end":{"line":11,"column":20}},"loc":{"start":{"line":11,"column":78},"end":{"line":26,"column":1}},"line":11}},"branchMap":{"0":{"loc":{"start":{"line":12,"column":13},"end":{"line":12,"column":45}},"type":"binary-expr","locations":[{"start":{"line":12,"column":13},"end":{"line":12,"column":24}},{"start":{"line":12,"column":28},"end":{"line":12,"column":45}}],"line":12},"1":{"loc":{"start":{"line":17,"column":2},"end":{"line":17,"column":38}},"type":"if","locations":[{"start":{"line":17,"column":2},"end":{"line":17,"column":38}},{"start":{"line":17,"column":2},"end":{"line":17,"column":38}}],"line":17},"2":{"loc":{"start":{"line":24,"column":2},"end":{"line":24,"column":39}},"type":"if","locations":[{"start":{"line":24,"column":2},"end":{"line":24,"column":39}},{"start":{"line":24,"column":2},"end":{"line":24,"column":39}}],"line":24}},"s":{"0":14,"1":14,"2":14,"3":1,"4":1,"5":1,"6":1,"7":1,"8":1,"9":1,"10":1,"11":1,"12":0,"13":0,"14":1,"15":1},"f":{"0":1},"b":{"0":[1,1],"1":[1,0],"2":[1,0]},"_coverageSchema":"332fd63041d2c1bcb487cc26dd0d5f7d97098a6c","hash":"ea6849b157249cc0d46847dcaf2d647adf230df6"}
,"/Users/joseph/Sites/mappslab/beta/api/database/removeNodeWithEdges.js": {"path":"/Users/joseph/Sites/mappslab/beta/api/database/removeNodeWithEdges.js","statementMap":{"0":{"start":{"line":7,"column":14},"end":{"line":7,"column":37}},"1":{"start":{"line":18,"column":28},"end":{"line":33,"column":1}},"2":{"start":{"line":19,"column":13},"end":{"line":19,"column":45}},"3":{"start":{"line":20,"column":1},"end":{"line":32,"column":2}},"4":{"start":{"line":21,"column":2},"end":{"line":21,"column":42}},"5":{"start":{"line":22,"column":2},"end":{"line":22,"column":22}},"6":{"start":{"line":23,"column":2},"end":{"line":23,"column":28}},"7":{"start":{"line":24,"column":2},"end":{"line":24,"column":65}},"8":{"start":{"line":24,"column":45},"end":{"line":24,"column":63}},"9":{"start":{"line":25,"column":2},"end":{"line":25,"column":38}},"10":{"start":{"line":25,"column":20},"end":{"line":25,"column":38}},"11":{"start":{"line":26,"column":2},"end":{"line":26,"column":13}},"12":{"start":{"line":28,"column":2},"end":{"line":28,"column":10}},"13":{"start":{"line":29,"column":2},"end":{"line":29,"column":9}},"14":{"start":{"line":31,"column":2},"end":{"line":31,"column":39}},"15":{"start":{"line":31,"column":20},"end":{"line":31,"column":39}}},"fnMap":{"0":{"name":"(anonymous_0)","decl":{"start":{"line":18,"column":28},"end":{"line":18,"column":29}},"loc":{"start":{"line":18,"column":118},"end":{"line":33,"column":1}},"line":18},"1":{"name":"(anonymous_1)","decl":{"start":{"line":24,"column":38},"end":{"line":24,"column":39}},"loc":{"start":{"line":24,"column":45},"end":{"line":24,"column":63}},"line":24}},"branchMap":{"0":{"loc":{"start":{"line":19,"column":13},"end":{"line":19,"column":45}},"type":"binary-expr","locations":[{"start":{"line":19,"column":13},"end":{"line":19,"column":24}},{"start":{"line":19,"column":28},"end":{"line":19,"column":45}}],"line":19},"1":{"loc":{"start":{"line":25,"column":2},"end":{"line":25,"column":38}},"type":"if","locations":[{"start":{"line":25,"column":2},"end":{"line":25,"column":38}},{"start":{"line":25,"column":2},"end":{"line":25,"column":38}}],"line":25},"2":{"loc":{"start":{"line":31,"column":2},"end":{"line":31,"column":39}},"type":"if","locations":[{"start":{"line":31,"column":2},"end":{"line":31,"column":39}},{"start":{"line":31,"column":2},"end":{"line":31,"column":39}}],"line":31}},"s":{"0":14,"1":14,"2":0,"3":0,"4":0,"5":0,"6":0,"7":0,"8":0,"9":0,"10":0,"11":0,"12":0,"13":0,"14":0,"15":0},"f":{"0":0,"1":0},"b":{"0":[0,0],"1":[0,0],"2":[0,0]},"_coverageSchema":"332fd63041d2c1bcb487cc26dd0d5f7d97098a6c","hash":"8e40b8c25b3d68c46df639d8b52fddb3a816f113"}
,"/Users/joseph/Sites/mappslab/beta/api/database/utils/dbUtils.js": {"path":"/Users/joseph/Sites/mappslab/beta/api/database/utils/dbUtils.js","statementMap":{"0":{"start":{"line":11,"column":31},"end":{"line":23,"column":1}},"1":{"start":{"line":16,"column":3},"end":{"line":20,"column":47}},"2":{"start":{"line":31,"column":34},"end":{"line":31,"column":36}},"3":{"start":{"line":33,"column":29},"end":{"line":45,"column":1}},"4":{"start":{"line":34,"column":1},"end":{"line":44,"column":13}},"5":{"start":{"line":43,"column":17},"end":{"line":43,"column":27}},"6":{"start":{"line":63,"column":34},"end":{"line":82,"column":1}},"7":{"start":{"line":64,"column":1},"end":{"line":69,"column":3}},"8":{"start":{"line":65,"column":2},"end":{"line":69,"column":3}},"9":{"start":{"line":70,"column":44},"end":{"line":70,"column":48}},"10":{"start":{"line":71,"column":15},"end":{"line":76,"column":13}},"11":{"start":{"line":78,"column":1},"end":{"line":81,"column":2}},"12":{"start":{"line":88,"column":27},"end":{"line":88,"column":76}},"13":{"start":{"line":88,"column":53},"end":{"line":88,"column":76}},"14":{"start":{"line":90,"column":37},"end":{"line":90,"column":94}},"15":{"start":{"line":90,"column":63},"end":{"line":90,"column":94}}},"fnMap":{"0":{"name":"(anonymous_0)","decl":{"start":{"line":14,"column":2},"end":{"line":14,"column":3}},"loc":{"start":{"line":16,"column":3},"end":{"line":20,"column":47}},"line":16},"1":{"name":"(anonymous_1)","decl":{"start":{"line":33,"column":29},"end":{"line":33,"column":30}},"loc":{"start":{"line":33,"column":94},"end":{"line":45,"column":1}},"line":33},"2":{"name":"(anonymous_2)","decl":{"start":{"line":43,"column":10},"end":{"line":43,"column":11}},"loc":{"start":{"line":43,"column":17},"end":{"line":43,"column":27}},"line":43},"3":{"name":"(anonymous_3)","decl":{"start":{"line":63,"column":34},"end":{"line":63,"column":35}},"loc":{"start":{"line":63,"column":112},"end":{"line":82,"column":1}},"line":63},"4":{"name":"(anonymous_4)","decl":{"start":{"line":88,"column":27},"end":{"line":88,"column":28}},"loc":{"start":{"line":88,"column":53},"end":{"line":88,"column":76}},"line":88},"5":{"name":"(anonymous_5)","decl":{"start":{"line":90,"column":37},"end":{"line":90,"column":38}},"loc":{"start":{"line":90,"column":63},"end":{"line":90,"column":94}},"line":90}},"branchMap":{"0":{"loc":{"start":{"line":16,"column":3},"end":{"line":20,"column":47}},"type":"cond-expr","locations":[{"start":{"line":18,"column":6},"end":{"line":18,"column":9}},{"start":{"line":20,"column":6},"end":{"line":20,"column":47}}],"line":16},"1":{"loc":{"start":{"line":16,"column":3},"end":{"line":16,"column":40}},"type":"binary-expr","locations":[{"start":{"line":16,"column":3},"end":{"line":16,"column":22}},{"start":{"line":16,"column":26},"end":{"line":16,"column":40}}],"line":16},"2":{"loc":{"start":{"line":33,"column":30},"end":{"line":33,"column":65}},"type":"default-arg","locations":[{"start":{"line":33,"column":47},"end":{"line":33,"column":65}}],"line":33},"3":{"loc":{"start":{"line":36,"column":2},"end":{"line":38,"column":9}},"type":"cond-expr","locations":[{"start":{"line":37,"column":5},"end":{"line":37,"column":26}},{"start":{"line":38,"column":5},"end":{"line":38,"column":9}}],"line":36},"4":{"loc":{"start":{"line":39,"column":2},"end":{"line":41,"column":9}},"type":"cond-expr","locations":[{"start":{"line":40,"column":5},"end":{"line":40,"column":22}},{"start":{"line":41,"column":5},"end":{"line":41,"column":9}}],"line":39},"5":{"loc":{"start":{"line":63,"column":63},"end":{"line":63,"column":93}},"type":"default-arg","locations":[{"start":{"line":63,"column":89},"end":{"line":63,"column":93}}],"line":63},"6":{"loc":{"start":{"line":64,"column":1},"end":{"line":69,"column":3}},"type":"if","locations":[{"start":{"line":64,"column":1},"end":{"line":69,"column":3}},{"start":{"line":64,"column":1},"end":{"line":69,"column":3}}],"line":64},"7":{"loc":{"start":{"line":71,"column":15},"end":{"line":76,"column":13}},"type":"cond-expr","locations":[{"start":{"line":72,"column":4},"end":{"line":75,"column":5}},{"start":{"line":76,"column":4},"end":{"line":76,"column":13}}],"line":71},"8":{"loc":{"start":{"line":90,"column":63},"end":{"line":90,"column":94}},"type":"binary-expr","locations":[{"start":{"line":90,"column":63},"end":{"line":90,"column":74}},{"start":{"line":90,"column":78},"end":{"line":90,"column":94}}],"line":90}},"s":{"0":15,"1":68,"2":15,"3":15,"4":104,"5":312,"6":15,"7":106,"8":2,"9":104,"10":104,"11":104,"12":15,"13":11,"14":15,"15":1},"f":{"0":68,"1":104,"2":312,"3":106,"4":11,"5":1},"b":{"0":[14,54],"1":[68,54],"2":[103],"3":[104,0],"4":[0,104],"5":[106],"6":[2,104],"7":[104,0],"8":[1,1]},"_coverageSchema":"332fd63041d2c1bcb487cc26dd0d5f7d97098a6c","hash":"7cfe8135cb0448fe75c67d30a07acc197d2de939"}
,"/Users/joseph/Sites/mappslab/beta/api/database/utils/index.js": {"path":"/Users/joseph/Sites/mappslab/beta/api/database/utils/index.js","statementMap":{},"fnMap":{},"branchMap":{},"s":{},"f":{},"b":{},"_coverageSchema":"332fd63041d2c1bcb487cc26dd0d5f7d97098a6c","hash":"ffded0833e8b78bbac33537e9aab2136202774fa"}
,"/Users/joseph/Sites/mappslab/beta/api/database/utils/makeFilterString/index.js": {"path":"/Users/joseph/Sites/mappslab/beta/api/database/utils/makeFilterString/index.js","statementMap":{"0":{"start":{"line":16,"column":20},"end":{"line":16,"column":123}},"1":{"start":{"line":16,"column":41},"end":{"line":16,"column":123}},"2":{"start":{"line":16,"column":75},"end":{"line":16,"column":123}},"3":{"start":{"line":18,"column":16},"end":{"line":18,"column":36}},"4":{"start":{"line":19,"column":14},"end":{"line":19,"column":31}},"5":{"start":{"line":21,"column":27},"end":{"line":24,"column":2}},"6":{"start":{"line":21,"column":76},"end":{"line":24,"column":1}},"7":{"start":{"line":26,"column":26},"end":{"line":38,"column":1}},"8":{"start":{"line":27,"column":16},"end":{"line":36,"column":2}},"9":{"start":{"line":28,"column":21},"end":{"line":31,"column":3}},"10":{"start":{"line":37,"column":1},"end":{"line":37,"column":34}},"11":{"start":{"line":44,"column":26},"end":{"line":48,"column":1}},"12":{"start":{"line":44,"column":45},"end":{"line":48,"column":1}},"13":{"start":{"line":46,"column":17},"end":{"line":46,"column":113}},"14":{"start":{"line":47,"column":1},"end":{"line":47,"column":15}},"15":{"start":{"line":50,"column":24},"end":{"line":53,"column":1}},"16":{"start":{"line":51,"column":23},"end":{"line":51,"column":76}},"17":{"start":{"line":52,"column":1},"end":{"line":52,"column":40}},"18":{"start":{"line":55,"column":25},"end":{"line":65,"column":1}},"19":{"start":{"line":56,"column":1},"end":{"line":56,"column":55}},"20":{"start":{"line":56,"column":13},"end":{"line":56,"column":55}},"21":{"start":{"line":59,"column":22},"end":{"line":59,"column":64}},"22":{"start":{"line":60,"column":37},"end":{"line":60,"column":68}},"23":{"start":{"line":61,"column":1},"end":{"line":64,"column":2}}},"fnMap":{"0":{"name":"(anonymous_0)","decl":{"start":{"line":16,"column":20},"end":{"line":16,"column":21}},"loc":{"start":{"line":16,"column":41},"end":{"line":16,"column":123}},"line":16},"1":{"name":"(anonymous_1)","decl":{"start":{"line":16,"column":41},"end":{"line":16,"column":42}},"loc":{"start":{"line":16,"column":75},"end":{"line":16,"column":123}},"line":16},"2":{"name":"(anonymous_2)","decl":{"start":{"line":21,"column":27},"end":{"line":21,"column":28}},"loc":{"start":{"line":21,"column":76},"end":{"line":24,"column":1}},"line":21},"3":{"name":"(anonymous_3)","decl":{"start":{"line":26,"column":26},"end":{"line":26,"column":27}},"loc":{"start":{"line":26,"column":61},"end":{"line":38,"column":1}},"line":26},"4":{"name":"(anonymous_4)","decl":{"start":{"line":28,"column":2},"end":{"line":28,"column":3}},"loc":{"start":{"line":28,"column":21},"end":{"line":31,"column":3}},"line":28},"5":{"name":"(anonymous_5)","decl":{"start":{"line":44,"column":26},"end":{"line":44,"column":27}},"loc":{"start":{"line":44,"column":45},"end":{"line":48,"column":1}},"line":44},"6":{"name":"(anonymous_6)","decl":{"start":{"line":44,"column":45},"end":{"line":44,"column":46}},"loc":{"start":{"line":44,"column":101},"end":{"line":48,"column":1}},"line":44},"7":{"name":"(anonymous_7)","decl":{"start":{"line":50,"column":24},"end":{"line":50,"column":25}},"loc":{"start":{"line":50,"column":64},"end":{"line":53,"column":1}},"line":50},"8":{"name":"(anonymous_8)","decl":{"start":{"line":55,"column":25},"end":{"line":55,"column":26}},"loc":{"start":{"line":55,"column":66},"end":{"line":65,"column":1}},"line":55}},"branchMap":{"0":{"loc":{"start":{"line":16,"column":82},"end":{"line":16,"column":117}},"type":"cond-expr","locations":[{"start":{"line":16,"column":105},"end":{"line":16,"column":112}},{"start":{"line":16,"column":115},"end":{"line":16,"column":117}}],"line":16},"1":{"loc":{"start":{"line":16,"column":82},"end":{"line":16,"column":102}},"type":"binary-expr","locations":[{"start":{"line":16,"column":82},"end":{"line":16,"column":90}},{"start":{"line":16,"column":94},"end":{"line":16,"column":102}}],"line":16},"2":{"loc":{"start":{"line":46,"column":17},"end":{"line":46,"column":113}},"type":"binary-expr","locations":[{"start":{"line":46,"column":17},"end":{"line":46,"column":65}},{"start":{"line":46,"column":69},"end":{"line":46,"column":113}}],"line":46},"3":{"loc":{"start":{"line":56,"column":1},"end":{"line":56,"column":55}},"type":"if","locations":[{"start":{"line":56,"column":1},"end":{"line":56,"column":55}},{"start":{"line":56,"column":1},"end":{"line":56,"column":55}}],"line":56}},"s":{"0":15,"1":30,"2":696,"3":15,"4":15,"5":15,"6":277,"7":15,"8":277,"9":348,"10":277,"11":15,"12":175,"13":176,"14":175,"15":15,"16":175,"17":174,"18":15,"19":104,"20":0,"21":104,"22":103,"23":103},"f":{"0":30,"1":696,"2":277,"3":277,"4":348,"5":175,"6":176,"7":175,"8":104},"b":{"0":[71,625],"1":[696,71],"2":[176,117],"3":[0,104]},"_coverageSchema":"332fd63041d2c1bcb487cc26dd0d5f7d97098a6c","hash":"bebd96342e86789913651b65e6c4cbd2b04a1206"}
,"/Users/joseph/Sites/mappslab/beta/api/database/utils/makeFilterString/operators.js": {"path":"/Users/joseph/Sites/mappslab/beta/api/database/utils/makeFilterString/operators.js","statementMap":{"0":{"start":{"line":5,"column":26},"end":{"line":5,"column":82}},"1":{"start":{"line":5,"column":40},"end":{"line":5,"column":82}},"2":{"start":{"line":12,"column":30},"end":{"line":13,"column":45}},"3":{"start":{"line":12,"column":52},"end":{"line":13,"column":45}},"4":{"start":{"line":13,"column":1},"end":{"line":13,"column":45}},"5":{"start":{"line":15,"column":29},"end":{"line":47,"column":1}},"6":{"start":{"line":17,"column":25},"end":{"line":17,"column":84}},"7":{"start":{"line":18,"column":2},"end":{"line":18,"column":42}},"8":{"start":{"line":21,"column":76},"end":{"line":21,"column":122}},"9":{"start":{"line":28,"column":53},"end":{"line":28,"column":84}},"10":{"start":{"line":41,"column":2},"end":{"line":41,"column":90}},"11":{"start":{"line":41,"column":32},"end":{"line":41,"column":90}},"12":{"start":{"line":42,"column":2},"end":{"line":42,"column":86}},"13":{"start":{"line":42,"column":30},"end":{"line":42,"column":86}},"14":{"start":{"line":43,"column":2},"end":{"line":43,"column":100}},"15":{"start":{"line":49,"column":31},"end":{"line":49,"column":33}},"16":{"start":{"line":51,"column":29},"end":{"line":59,"column":1}},"17":{"start":{"line":52,"column":1},"end":{"line":52,"column":94}},"18":{"start":{"line":52,"column":38},"end":{"line":52,"column":94}},"19":{"start":{"line":53,"column":22},"end":{"line":53,"column":66}},"20":{"start":{"line":54,"column":19},"end":{"line":54,"column":21}},"21":{"start":{"line":55,"column":1},"end":{"line":58,"column":2}}},"fnMap":{"0":{"name":"(anonymous_0)","decl":{"start":{"line":5,"column":26},"end":{"line":5,"column":27}},"loc":{"start":{"line":5,"column":40},"end":{"line":5,"column":82}},"line":5},"1":{"name":"(anonymous_1)","decl":{"start":{"line":12,"column":30},"end":{"line":12,"column":31}},"loc":{"start":{"line":12,"column":52},"end":{"line":13,"column":45}},"line":12},"2":{"name":"(anonymous_2)","decl":{"start":{"line":12,"column":52},"end":{"line":12,"column":53}},"loc":{"start":{"line":13,"column":1},"end":{"line":13,"column":45}},"line":13},"3":{"name":"(anonymous_3)","decl":{"start":{"line":16,"column":5},"end":{"line":16,"column":6}},"loc":{"start":{"line":16,"column":73},"end":{"line":19,"column":2}},"line":16},"4":{"name":"(anonymous_4)","decl":{"start":{"line":21,"column":8},"end":{"line":21,"column":9}},"loc":{"start":{"line":21,"column":76},"end":{"line":21,"column":122}},"line":21},"5":{"name":"(anonymous_5)","decl":{"start":{"line":28,"column":11},"end":{"line":28,"column":12}},"loc":{"start":{"line":28,"column":53},"end":{"line":28,"column":84}},"line":28},"6":{"name":"(anonymous_6)","decl":{"start":{"line":40,"column":10},"end":{"line":40,"column":11}},"loc":{"start":{"line":40,"column":52},"end":{"line":44,"column":2}},"line":40},"7":{"name":"(anonymous_7)","decl":{"start":{"line":51,"column":29},"end":{"line":51,"column":30}},"loc":{"start":{"line":51,"column":93},"end":{"line":59,"column":1}},"line":51}},"branchMap":{"0":{"loc":{"start":{"line":5,"column":48},"end":{"line":5,"column":81}},"type":"binary-expr","locations":[{"start":{"line":5,"column":48},"end":{"line":5,"column":60}},{"start":{"line":5,"column":64},"end":{"line":5,"column":81}}],"line":5},"1":{"loc":{"start":{"line":17,"column":25},"end":{"line":17,"column":84}},"type":"cond-expr","locations":[{"start":{"line":17,"column":53},"end":{"line":17,"column":65}},{"start":{"line":17,"column":68},"end":{"line":17,"column":84}}],"line":17},"2":{"loc":{"start":{"line":41,"column":2},"end":{"line":41,"column":90}},"type":"if","locations":[{"start":{"line":41,"column":2},"end":{"line":41,"column":90}},{"start":{"line":41,"column":2},"end":{"line":41,"column":90}}],"line":41},"3":{"loc":{"start":{"line":42,"column":2},"end":{"line":42,"column":86}},"type":"if","locations":[{"start":{"line":42,"column":2},"end":{"line":42,"column":86}},{"start":{"line":42,"column":2},"end":{"line":42,"column":86}}],"line":42},"4":{"loc":{"start":{"line":52,"column":1},"end":{"line":52,"column":94}},"type":"if","locations":[{"start":{"line":52,"column":1},"end":{"line":52,"column":94}},{"start":{"line":52,"column":1},"end":{"line":52,"column":94}}],"line":52}},"s":{"0":15,"1":2,"2":15,"3":90,"4":7,"5":15,"6":109,"7":109,"8":3,"9":2,"10":1,"11":0,"12":1,"13":0,"14":1,"15":15,"16":15,"17":117,"18":0,"19":117,"20":117,"21":117},"f":{"0":2,"1":90,"2":7,"3":109,"4":3,"5":2,"6":1,"7":117},"b":{"0":[2,2],"1":[3,106],"2":[0,1],"3":[0,1],"4":[0,117]},"_coverageSchema":"332fd63041d2c1bcb487cc26dd0d5f7d97098a6c","hash":"6b71267afc39a606d6c4a364e9059e5a02e842ad"}
,"/Users/joseph/Sites/mappslab/beta/api/database/utils/makeFilterString/relationships.js": {"path":"/Users/joseph/Sites/mappslab/beta/api/database/utils/makeFilterString/relationships.js","statementMap":{"0":{"start":{"line":10,"column":28},"end":{"line":15,"column":1}},"1":{"start":{"line":10,"column":51},"end":{"line":15,"column":1}},"2":{"start":{"line":11,"column":1},"end":{"line":12,"column":108}},"3":{"start":{"line":12,"column":2},"end":{"line":12,"column":108}},"4":{"start":{"line":13,"column":18},"end":{"line":13,"column":52}},"5":{"start":{"line":14,"column":1},"end":{"line":14,"column":55}},"6":{"start":{"line":17,"column":23},"end":{"line":28,"column":1}},"7":{"start":{"line":18,"column":18},"end":{"line":24,"column":2}},"8":{"start":{"line":25,"column":22},"end":{"line":25,"column":37}},"9":{"start":{"line":27,"column":1},"end":{"line":27,"column":32}},"10":{"start":{"line":30,"column":35},"end":{"line":53,"column":1}},"11":{"start":{"line":55,"column":33},"end":{"line":64,"column":1}},"12":{"start":{"line":58,"column":1},"end":{"line":58,"column":57}},"13":{"start":{"line":58,"column":41},"end":{"line":58,"column":57}},"14":{"start":{"line":59,"column":35},"end":{"line":59,"column":85}},"15":{"start":{"line":60,"column":1},"end":{"line":63,"column":2}}},"fnMap":{"0":{"name":"(anonymous_0)","decl":{"start":{"line":10,"column":28},"end":{"line":10,"column":29}},"loc":{"start":{"line":10,"column":51},"end":{"line":15,"column":1}},"line":10},"1":{"name":"(anonymous_1)","decl":{"start":{"line":10,"column":51},"end":{"line":10,"column":52}},"loc":{"start":{"line":10,"column":107},"end":{"line":15,"column":1}},"line":10},"2":{"name":"(anonymous_2)","decl":{"start":{"line":17,"column":23},"end":{"line":17,"column":24}},"loc":{"start":{"line":17,"column":79},"end":{"line":28,"column":1}},"line":17},"3":{"name":"(anonymous_3)","decl":{"start":{"line":55,"column":33},"end":{"line":55,"column":34}},"loc":{"start":{"line":55,"column":104},"end":{"line":64,"column":1}},"line":55}},"branchMap":{"0":{"loc":{"start":{"line":11,"column":1},"end":{"line":12,"column":108}},"type":"if","locations":[{"start":{"line":11,"column":1},"end":{"line":12,"column":108}},{"start":{"line":11,"column":1},"end":{"line":12,"column":108}}],"line":11},"1":{"loc":{"start":{"line":11,"column":5},"end":{"line":11,"column":46}},"type":"binary-expr","locations":[{"start":{"line":11,"column":5},"end":{"line":11,"column":22}},{"start":{"line":11,"column":26},"end":{"line":11,"column":46}}],"line":11},"2":{"loc":{"start":{"line":13,"column":18},"end":{"line":13,"column":52}},"type":"cond-expr","locations":[{"start":{"line":13,"column":41},"end":{"line":13,"column":47}},{"start":{"line":13,"column":50},"end":{"line":13,"column":52}}],"line":13},"3":{"loc":{"start":{"line":58,"column":1},"end":{"line":58,"column":57}},"type":"if","locations":[{"start":{"line":58,"column":1},"end":{"line":58,"column":57}},{"start":{"line":58,"column":1},"end":{"line":58,"column":57}}],"line":58}},"s":{"0":15,"1":180,"2":57,"3":1,"4":56,"5":56,"6":15,"7":2,"8":2,"9":2,"10":15,"11":15,"12":176,"13":117,"14":59,"15":58},"f":{"0":180,"1":57,"2":2,"3":176},"b":{"0":[1,56],"1":[57,1],"2":[0,56],"3":[117,59]},"_coverageSchema":"332fd63041d2c1bcb487cc26dd0d5f7d97098a6c","hash":"63a1d4ee83258edd8bd4c64380e6b05a274193ea"}
,"/Users/joseph/Sites/mappslab/beta/api/errorTypes/index.js": {"path":"/Users/joseph/Sites/mappslab/beta/api/errorTypes/index.js","statementMap":{"0":{"start":{"line":3,"column":27},"end":{"line":3,"column":48}},"1":{"start":{"line":7,"column":2},"end":{"line":7,"column":16}},"2":{"start":{"line":8,"column":2},"end":{"line":8,"column":21}},"3":{"start":{"line":9,"column":20},"end":{"line":9,"column":24}},"4":{"start":{"line":10,"column":2},"end":{"line":10,"column":24}},"5":{"start":{"line":12,"column":2},"end":{"line":12,"column":26}},"6":{"start":{"line":14,"column":2},"end":{"line":14,"column":40}},"7":{"start":{"line":20,"column":2},"end":{"line":20,"column":16}},"8":{"start":{"line":21,"column":2},"end":{"line":21,"column":34}},"9":{"start":{"line":27,"column":2},"end":{"line":27,"column":16}},"10":{"start":{"line":28,"column":2},"end":{"line":28,"column":31}}},"fnMap":{"0":{"name":"(anonymous_0)","decl":{"start":{"line":6,"column":1},"end":{"line":6,"column":2}},"loc":{"start":{"line":6,"column":27},"end":{"line":15,"column":2}},"line":6},"1":{"name":"(anonymous_1)","decl":{"start":{"line":19,"column":1},"end":{"line":19,"column":2}},"loc":{"start":{"line":19,"column":27},"end":{"line":22,"column":2}},"line":19},"2":{"name":"(anonymous_2)","decl":{"start":{"line":26,"column":1},"end":{"line":26,"column":2}},"loc":{"start":{"line":26,"column":27},"end":{"line":29,"column":2}},"line":26}},"branchMap":{},"s":{"0":14,"1":5,"2":5,"3":5,"4":5,"5":5,"6":5,"7":0,"8":0,"9":4,"10":4},"f":{"0":5,"1":0,"2":4},"b":{},"_coverageSchema":"332fd63041d2c1bcb487cc26dd0d5f7d97098a6c","hash":"2ac48376f23e0c39a5345199d521a8d533ec5f40"}
,"/Users/joseph/Sites/mappslab/beta/api/graphql/subscriptions.js": {"path":"/Users/joseph/Sites/mappslab/beta/api/graphql/subscriptions.js","statementMap":{"0":{"start":{"line":4,"column":15},"end":{"line":4,"column":27}},"1":{"start":{"line":5,"column":0},"end":{"line":5,"column":29}}},"fnMap":{},"branchMap":{},"s":{"0":14,"1":14},"f":{},"b":{},"_coverageSchema":"332fd63041d2c1bcb487cc26dd0d5f7d97098a6c","hash":"f8851cf75806309c24c036eb62ab66255d06593b"}
,"/Users/joseph/Sites/mappslab/beta/api/graphql/Classroom/ClassroomSchema.js": {"path":"/Users/joseph/Sites/mappslab/beta/api/graphql/Classroom/ClassroomSchema.js","statementMap":{"0":{"start":{"line":3,"column":32},"end":{"line":71,"column":1}}},"fnMap":{},"branchMap":{},"s":{"0":14},"f":{},"b":{},"_coverageSchema":"332fd63041d2c1bcb487cc26dd0d5f7d97098a6c","hash":"04d177e203f05da89f01a7a4f9066a610f932a3f"}
,"/Users/joseph/Sites/mappslab/beta/api/graphql/Classroom/index.js": {"path":"/Users/joseph/Sites/mappslab/beta/api/graphql/Classroom/index.js","statementMap":{},"fnMap":{},"branchMap":{},"s":{},"f":{},"b":{},"_coverageSchema":"332fd63041d2c1bcb487cc26dd0d5f7d97098a6c","hash":"c544b6854ea4755ebec4d0a37c5be37ed8932b30"}
,"/Users/joseph/Sites/mappslab/beta/api/graphql/Classroom/mutationResolvers/assignUserToClassroom.js": {"path":"/Users/joseph/Sites/mappslab/beta/api/graphql/Classroom/mutationResolvers/assignUserToClassroom.js","statementMap":{"0":{"start":{"line":7,"column":14},"end":{"line":7,"column":37}},"1":{"start":{"line":9,"column":37},"end":{"line":33,"column":1}},"2":{"start":{"line":14,"column":20},"end":{"line":14,"column":23}},"3":{"start":{"line":15,"column":35},"end":{"line":15,"column":40}},"4":{"start":{"line":16,"column":1},"end":{"line":18,"column":2}},"5":{"start":{"line":17,"column":2},"end":{"line":17,"column":85}},"6":{"start":{"line":19,"column":1},"end":{"line":22,"column":2}},"7":{"start":{"line":20,"column":31},"end":{"line":20,"column":101}},"8":{"start":{"line":21,"column":2},"end":{"line":21,"column":107}},"9":{"start":{"line":21,"column":29},"end":{"line":21,"column":107}},"10":{"start":{"line":23,"column":12},"end":{"line":23,"column":59}},"11":{"start":{"line":24,"column":1},"end":{"line":24,"column":101}},"12":{"start":{"line":24,"column":12},"end":{"line":24,"column":101}},"13":{"start":{"line":25,"column":23},"end":{"line":25,"column":33}},"14":{"start":{"line":26,"column":16},"end":{"line":26,"column":98}},"15":{"start":{"line":27,"column":17},"end":{"line":27,"column":52}},"16":{"start":{"line":28,"column":1},"end":{"line":28,"column":76}},"17":{"start":{"line":28,"column":14},"end":{"line":28,"column":76}},"18":{"start":{"line":29,"column":1},"end":{"line":29,"column":49}},"19":{"start":{"line":30,"column":1},"end":{"line":30,"column":118}},"20":{"start":{"line":30,"column":29},"end":{"line":30,"column":118}},"21":{"start":{"line":32,"column":1},"end":{"line":32,"column":12}}},"fnMap":{"0":{"name":"(anonymous_0)","decl":{"start":{"line":9,"column":37},"end":{"line":9,"column":38}},"loc":{"start":{"line":13,"column":24},"end":{"line":33,"column":1}},"line":13}},"branchMap":{"0":{"loc":{"start":{"line":16,"column":1},"end":{"line":18,"column":2}},"type":"if","locations":[{"start":{"line":16,"column":1},"end":{"line":18,"column":2}},{"start":{"line":16,"column":1},"end":{"line":18,"column":2}}],"line":16},"1":{"loc":{"start":{"line":16,"column":5},"end":{"line":16,"column":73}},"type":"binary-expr","locations":[{"start":{"line":16,"column":5},"end":{"line":16,"column":38}},{"start":{"line":16,"column":42},"end":{"line":16,"column":73}}],"line":16},"2":{"loc":{"start":{"line":19,"column":1},"end":{"line":22,"column":2}},"type":"if","locations":[{"start":{"line":19,"column":1},"end":{"line":22,"column":2}},{"start":{"line":19,"column":1},"end":{"line":22,"column":2}}],"line":19},"3":{"loc":{"start":{"line":21,"column":2},"end":{"line":21,"column":107}},"type":"if","locations":[{"start":{"line":21,"column":2},"end":{"line":21,"column":107}},{"start":{"line":21,"column":2},"end":{"line":21,"column":107}}],"line":21},"4":{"loc":{"start":{"line":24,"column":1},"end":{"line":24,"column":101}},"type":"if","locations":[{"start":{"line":24,"column":1},"end":{"line":24,"column":101}},{"start":{"line":24,"column":1},"end":{"line":24,"column":101}}],"line":24},"5":{"loc":{"start":{"line":26,"column":16},"end":{"line":26,"column":98}},"type":"cond-expr","locations":[{"start":{"line":26,"column":49},"end":{"line":26,"column":72}},{"start":{"line":26,"column":75},"end":{"line":26,"column":98}}],"line":26},"6":{"loc":{"start":{"line":28,"column":1},"end":{"line":28,"column":76}},"type":"if","locations":[{"start":{"line":28,"column":1},"end":{"line":28,"column":76}},{"start":{"line":28,"column":1},"end":{"line":28,"column":76}}],"line":28},"7":{"loc":{"start":{"line":30,"column":1},"end":{"line":30,"column":118}},"type":"if","locations":[{"start":{"line":30,"column":1},"end":{"line":30,"column":118}},{"start":{"line":30,"column":1},"end":{"line":30,"column":118}}],"line":30},"8":{"loc":{"start":{"line":30,"column":5},"end":{"line":30,"column":27}},"type":"binary-expr","locations":[{"start":{"line":30,"column":5},"end":{"line":30,"column":10}},{"start":{"line":30,"column":14},"end":{"line":30,"column":27}}],"line":30}},"s":{"0":14,"1":14,"2":0,"3":0,"4":0,"5":0,"6":0,"7":0,"8":0,"9":0,"10":0,"11":0,"12":0,"13":0,"14":0,"15":0,"16":0,"17":0,"18":0,"19":0,"20":0,"21":0},"f":{"0":0},"b":{"0":[0,0],"1":[0,0],"2":[0,0],"3":[0,0],"4":[0,0],"5":[0,0],"6":[0,0],"7":[0,0],"8":[0,0]},"_coverageSchema":"332fd63041d2c1bcb487cc26dd0d5f7d97098a6c","hash":"472f2eba74884f9533b33406aa84844357fa3238"}
,"/Users/joseph/Sites/mappslab/beta/api/graphql/Classroom/mutationResolvers/createClassroom.js": {"path":"/Users/joseph/Sites/mappslab/beta/api/graphql/Classroom/mutationResolvers/createClassroom.js","statementMap":{"0":{"start":{"line":6,"column":31},"end":{"line":26,"column":1}},"1":{"start":{"line":11,"column":20},"end":{"line":11,"column":23}},"2":{"start":{"line":12,"column":1},"end":{"line":12,"column":107}},"3":{"start":{"line":12,"column":14},"end":{"line":12,"column":107}},"4":{"start":{"line":13,"column":1},"end":{"line":15,"column":2}},"5":{"start":{"line":14,"column":2},"end":{"line":14,"column":82}},"6":{"start":{"line":16,"column":1},"end":{"line":17,"column":85}},"7":{"start":{"line":17,"column":2},"end":{"line":17,"column":85}},"8":{"start":{"line":18,"column":22},"end":{"line":18,"column":71}},"9":{"start":{"line":19,"column":1},"end":{"line":21,"column":2}},"10":{"start":{"line":20,"column":2},"end":{"line":20,"column":72}},"11":{"start":{"line":22,"column":1},"end":{"line":24,"column":2}},"12":{"start":{"line":23,"column":2},"end":{"line":23,"column":109}},"13":{"start":{"line":23,"column":46},"end":{"line":23,"column":107}},"14":{"start":{"line":23,"column":52},"end":{"line":23,"column":107}},"15":{"start":{"line":25,"column":1},"end":{"line":25,"column":20}}},"fnMap":{"0":{"name":"(anonymous_0)","decl":{"start":{"line":6,"column":31},"end":{"line":6,"column":32}},"loc":{"start":{"line":10,"column":29},"end":{"line":26,"column":1}},"line":10},"1":{"name":"(anonymous_1)","decl":{"start":{"line":23,"column":39},"end":{"line":23,"column":40}},"loc":{"start":{"line":23,"column":46},"end":{"line":23,"column":107}},"line":23},"2":{"name":"(anonymous_2)","decl":{"start":{"line":23,"column":46},"end":{"line":23,"column":47}},"loc":{"start":{"line":23,"column":52},"end":{"line":23,"column":107}},"line":23}},"branchMap":{"0":{"loc":{"start":{"line":12,"column":1},"end":{"line":12,"column":107}},"type":"if","locations":[{"start":{"line":12,"column":1},"end":{"line":12,"column":107}},{"start":{"line":12,"column":1},"end":{"line":12,"column":107}}],"line":12},"1":{"loc":{"start":{"line":13,"column":1},"end":{"line":15,"column":2}},"type":"if","locations":[{"start":{"line":13,"column":1},"end":{"line":15,"column":2}},{"start":{"line":13,"column":1},"end":{"line":15,"column":2}}],"line":13},"2":{"loc":{"start":{"line":13,"column":5},"end":{"line":13,"column":73}},"type":"binary-expr","locations":[{"start":{"line":13,"column":5},"end":{"line":13,"column":38}},{"start":{"line":13,"column":42},"end":{"line":13,"column":73}}],"line":13},"3":{"loc":{"start":{"line":16,"column":1},"end":{"line":17,"column":85}},"type":"if","locations":[{"start":{"line":16,"column":1},"end":{"line":17,"column":85}},{"start":{"line":16,"column":1},"end":{"line":17,"column":85}}],"line":16},"4":{"loc":{"start":{"line":16,"column":5},"end":{"line":16,"column":54}},"type":"binary-expr","locations":[{"start":{"line":16,"column":5},"end":{"line":16,"column":19}},{"start":{"line":16,"column":23},"end":{"line":16,"column":54}}],"line":16},"5":{"loc":{"start":{"line":19,"column":1},"end":{"line":21,"column":2}},"type":"if","locations":[{"start":{"line":19,"column":1},"end":{"line":21,"column":2}},{"start":{"line":19,"column":1},"end":{"line":21,"column":2}}],"line":19},"6":{"loc":{"start":{"line":22,"column":1},"end":{"line":24,"column":2}},"type":"if","locations":[{"start":{"line":22,"column":1},"end":{"line":24,"column":2}},{"start":{"line":22,"column":1},"end":{"line":24,"column":2}}],"line":22},"7":{"loc":{"start":{"line":22,"column":5},"end":{"line":22,"column":53}},"type":"binary-expr","locations":[{"start":{"line":22,"column":5},"end":{"line":22,"column":35}},{"start":{"line":22,"column":39},"end":{"line":22,"column":53}}],"line":22}},"s":{"0":14,"1":0,"2":0,"3":0,"4":0,"5":0,"6":0,"7":0,"8":0,"9":0,"10":0,"11":0,"12":0,"13":0,"14":0,"15":0},"f":{"0":0,"1":0,"2":0},"b":{"0":[0,0],"1":[0,0],"2":[0,0],"3":[0,0],"4":[0,0],"5":[0,0],"6":[0,0],"7":[0,0]},"_coverageSchema":"332fd63041d2c1bcb487cc26dd0d5f7d97098a6c","hash":"77125982dc01e0a0e479d815e31354ee3299a10c"}
,"/Users/joseph/Sites/mappslab/beta/api/graphql/Classroom/mutationResolvers/index.js": {"path":"/Users/joseph/Sites/mappslab/beta/api/graphql/Classroom/mutationResolvers/index.js","statementMap":{},"fnMap":{},"branchMap":{},"s":{},"f":{},"b":{},"_coverageSchema":"332fd63041d2c1bcb487cc26dd0d5f7d97098a6c","hash":"daa35af0141dc8ba63b16a080256fc4e0c10a0f9"}
,"/Users/joseph/Sites/mappslab/beta/api/graphql/Classroom/mutationResolvers/updateClassroom.js": {"path":"/Users/joseph/Sites/mappslab/beta/api/graphql/Classroom/mutationResolvers/updateClassroom.js","statementMap":{"0":{"start":{"line":6,"column":31},"end":{"line":26,"column":1}},"1":{"start":{"line":11,"column":1},"end":{"line":11,"column":110}},"2":{"start":{"line":11,"column":18},"end":{"line":11,"column":110}},"3":{"start":{"line":12,"column":1},"end":{"line":12,"column":126}},"4":{"start":{"line":12,"column":64},"end":{"line":12,"column":126}},"5":{"start":{"line":14,"column":24},"end":{"line":17,"column":2}},"6":{"start":{"line":18,"column":27},"end":{"line":18,"column":59}},"7":{"start":{"line":18,"column":53},"end":{"line":18,"column":58}},"8":{"start":{"line":19,"column":1},"end":{"line":20,"column":70}},"9":{"start":{"line":20,"column":2},"end":{"line":20,"column":70}},"10":{"start":{"line":22,"column":1},"end":{"line":22,"column":50}},"11":{"start":{"line":23,"column":19},"end":{"line":23,"column":90}},"12":{"start":{"line":24,"column":1},"end":{"line":24,"column":79}},"13":{"start":{"line":24,"column":17},"end":{"line":24,"column":79}},"14":{"start":{"line":25,"column":1},"end":{"line":25,"column":17}}},"fnMap":{"0":{"name":"(anonymous_0)","decl":{"start":{"line":6,"column":31},"end":{"line":6,"column":32}},"loc":{"start":{"line":10,"column":29},"end":{"line":26,"column":1}},"line":10},"1":{"name":"(anonymous_1)","decl":{"start":{"line":18,"column":46},"end":{"line":18,"column":47}},"loc":{"start":{"line":18,"column":53},"end":{"line":18,"column":58}},"line":18}},"branchMap":{"0":{"loc":{"start":{"line":11,"column":1},"end":{"line":11,"column":110}},"type":"if","locations":[{"start":{"line":11,"column":1},"end":{"line":11,"column":110}},{"start":{"line":11,"column":1},"end":{"line":11,"column":110}}],"line":11},"1":{"loc":{"start":{"line":12,"column":1},"end":{"line":12,"column":126}},"type":"if","locations":[{"start":{"line":12,"column":1},"end":{"line":12,"column":126}},{"start":{"line":12,"column":1},"end":{"line":12,"column":126}}],"line":12},"2":{"loc":{"start":{"line":12,"column":5},"end":{"line":12,"column":62}},"type":"binary-expr","locations":[{"start":{"line":12,"column":5},"end":{"line":12,"column":21}},{"start":{"line":12,"column":25},"end":{"line":12,"column":62}}],"line":12},"3":{"loc":{"start":{"line":19,"column":1},"end":{"line":20,"column":70}},"type":"if","locations":[{"start":{"line":19,"column":1},"end":{"line":20,"column":70}},{"start":{"line":19,"column":1},"end":{"line":20,"column":70}}],"line":19},"4":{"loc":{"start":{"line":19,"column":5},"end":{"line":19,"column":64}},"type":"binary-expr","locations":[{"start":{"line":19,"column":5},"end":{"line":19,"column":22}},{"start":{"line":19,"column":26},"end":{"line":19,"column":64}}],"line":19},"5":{"loc":{"start":{"line":24,"column":1},"end":{"line":24,"column":79}},"type":"if","locations":[{"start":{"line":24,"column":1},"end":{"line":24,"column":79}},{"start":{"line":24,"column":1},"end":{"line":24,"column":79}}],"line":24}},"s":{"0":14,"1":5,"2":1,"3":4,"4":1,"5":3,"6":3,"7":9,"8":3,"9":1,"10":2,"11":2,"12":2,"13":0,"14":2},"f":{"0":5,"1":9},"b":{"0":[1,4],"1":[1,3],"2":[4,4],"3":[1,2],"4":[3,3],"5":[0,2]},"_coverageSchema":"332fd63041d2c1bcb487cc26dd0d5f7d97098a6c","hash":"c342626dcb39c92be13da2caff6582d831b36876"}
,"/Users/joseph/Sites/mappslab/beta/api/graphql/Classroom/queryResolvers/classroomConnectionQueries.js": {"path":"/Users/joseph/Sites/mappslab/beta/api/graphql/Classroom/queryResolvers/classroomConnectionQueries.js","statementMap":{"0":{"start":{"line":8,"column":33},"end":{"line":16,"column":1}},"1":{"start":{"line":14,"column":22},"end":{"line":14,"column":93}},"2":{"start":{"line":15,"column":1},"end":{"line":15,"column":41}},"3":{"start":{"line":18,"column":33},"end":{"line":26,"column":1}},"4":{"start":{"line":24,"column":22},"end":{"line":24,"column":93}},"5":{"start":{"line":25,"column":1},"end":{"line":25,"column":41}},"6":{"start":{"line":28,"column":29},"end":{"line":36,"column":1}},"7":{"start":{"line":33,"column":16},"end":{"line":33,"column":82}},"8":{"start":{"line":34,"column":16},"end":{"line":34,"column":52}},"9":{"start":{"line":35,"column":1},"end":{"line":35,"column":35}}},"fnMap":{"0":{"name":"(anonymous_0)","decl":{"start":{"line":8,"column":33},"end":{"line":8,"column":34}},"loc":{"start":{"line":12,"column":34},"end":{"line":16,"column":1}},"line":12},"1":{"name":"(anonymous_1)","decl":{"start":{"line":18,"column":33},"end":{"line":18,"column":34}},"loc":{"start":{"line":22,"column":34},"end":{"line":26,"column":1}},"line":22},"2":{"name":"(anonymous_2)","decl":{"start":{"line":28,"column":29},"end":{"line":28,"column":30}},"loc":{"start":{"line":32,"column":40},"end":{"line":36,"column":1}},"line":32}},"branchMap":{},"s":{"0":14,"1":1,"2":1,"3":14,"4":4,"5":4,"6":14,"7":3,"8":3,"9":3},"f":{"0":1,"1":4,"2":3},"b":{},"_coverageSchema":"332fd63041d2c1bcb487cc26dd0d5f7d97098a6c","hash":"c885e1445fa449fc2657871ed4ca54f8e8549570"}
,"/Users/joseph/Sites/mappslab/beta/api/graphql/Classroom/queryResolvers/classroomQueries.js": {"path":"/Users/joseph/Sites/mappslab/beta/api/graphql/Classroom/queryResolvers/classroomQueries.js","statementMap":{"0":{"start":{"line":7,"column":25},"end":{"line":8,"column":53}},"1":{"start":{"line":8,"column":1},"end":{"line":8,"column":53}},"2":{"start":{"line":10,"column":26},"end":{"line":20,"column":1}},"3":{"start":{"line":15,"column":27},"end":{"line":17,"column":3}},"4":{"start":{"line":16,"column":2},"end":{"line":16,"column":11}},"5":{"start":{"line":18,"column":14},"end":{"line":18,"column":52}},"6":{"start":{"line":19,"column":1},"end":{"line":19,"column":12}}},"fnMap":{"0":{"name":"(anonymous_0)","decl":{"start":{"line":7,"column":25},"end":{"line":7,"column":26}},"loc":{"start":{"line":8,"column":1},"end":{"line":8,"column":53}},"line":8},"1":{"name":"(anonymous_1)","decl":{"start":{"line":10,"column":26},"end":{"line":10,"column":27}},"loc":{"start":{"line":14,"column":39},"end":{"line":20,"column":1}},"line":14},"2":{"name":"(anonymous_2)","decl":{"start":{"line":15,"column":93},"end":{"line":15,"column":94}},"loc":{"start":{"line":15,"column":102},"end":{"line":17,"column":2}},"line":15}},"branchMap":{},"s":{"0":14,"1":7,"2":14,"3":1,"4":0,"5":1,"6":1},"f":{"0":7,"1":1,"2":0},"b":{},"_coverageSchema":"332fd63041d2c1bcb487cc26dd0d5f7d97098a6c","hash":"f334a4acdd825c1d2df6b182324a0ffa80e55185"}
,"/Users/joseph/Sites/mappslab/beta/api/graphql/Classroom/queryResolvers/index.js": {"path":"/Users/joseph/Sites/mappslab/beta/api/graphql/Classroom/queryResolvers/index.js","statementMap":{},"fnMap":{},"branchMap":{},"s":{},"f":{},"b":{},"_coverageSchema":"332fd63041d2c1bcb487cc26dd0d5f7d97098a6c","hash":"8784ea15959604db81b66fe0153130394b6154af"}
,"/Users/joseph/Sites/mappslab/beta/api/graphql/Map/MapSchema.js": {"path":"/Users/joseph/Sites/mappslab/beta/api/graphql/Map/MapSchema.js","statementMap":{"0":{"start":{"line":3,"column":26},"end":{"line":55,"column":1}}},"fnMap":{},"branchMap":{},"s":{"0":14},"f":{},"b":{},"_coverageSchema":"332fd63041d2c1bcb487cc26dd0d5f7d97098a6c","hash":"d4d07797611d726a77e78a8afa984254105deb0f"}
,"/Users/joseph/Sites/mappslab/beta/api/graphql/Map/index.js": {"path":"/Users/joseph/Sites/mappslab/beta/api/graphql/Map/index.js","statementMap":{},"fnMap":{},"branchMap":{},"s":{},"f":{},"b":{},"_coverageSchema":"332fd63041d2c1bcb487cc26dd0d5f7d97098a6c","hash":"dd598f56949e8b4ccb86532895b1e67595224c84"}
,"/Users/joseph/Sites/mappslab/beta/api/graphql/Map/mutationResolvers/createMap.js": {"path":"/Users/joseph/Sites/mappslab/beta/api/graphql/Map/mutationResolvers/createMap.js","statementMap":{"0":{"start":{"line":6,"column":25},"end":{"line":17,"column":1}},"1":{"start":{"line":7,"column":1},"end":{"line":7,"column":103}},"2":{"start":{"line":7,"column":18},"end":{"line":7,"column":103}},"3":{"start":{"line":8,"column":26},"end":{"line":8,"column":31}},"4":{"start":{"line":9,"column":20},"end":{"line":9,"column":23}},"5":{"start":{"line":10,"column":27},"end":{"line":10,"column":97}},"6":{"start":{"line":11,"column":1},"end":{"line":11,"column":97}},"7":{"start":{"line":11,"column":25},"end":{"line":11,"column":97}},"8":{"start":{"line":12,"column":1},"end":{"line":14,"column":2}},"9":{"start":{"line":13,"column":2},"end":{"line":13,"column":98}},"10":{"start":{"line":15,"column":16},"end":{"line":15,"column":53}},"11":{"start":{"line":16,"column":1},"end":{"line":16,"column":14}}},"fnMap":{"0":{"name":"(anonymous_0)","decl":{"start":{"line":6,"column":25},"end":{"line":6,"column":26}},"loc":{"start":{"line":6,"column":119},"end":{"line":17,"column":1}},"line":6}},"branchMap":{"0":{"loc":{"start":{"line":7,"column":1},"end":{"line":7,"column":103}},"type":"if","locations":[{"start":{"line":7,"column":1},"end":{"line":7,"column":103}},{"start":{"line":7,"column":1},"end":{"line":7,"column":103}}],"line":7},"1":{"loc":{"start":{"line":11,"column":1},"end":{"line":11,"column":97}},"type":"if","locations":[{"start":{"line":11,"column":1},"end":{"line":11,"column":97}},{"start":{"line":11,"column":1},"end":{"line":11,"column":97}}],"line":11},"2":{"loc":{"start":{"line":12,"column":1},"end":{"line":14,"column":2}},"type":"if","locations":[{"start":{"line":12,"column":1},"end":{"line":14,"column":2}},{"start":{"line":12,"column":1},"end":{"line":14,"column":2}}],"line":12},"3":{"loc":{"start":{"line":12,"column":5},"end":{"line":12,"column":105}},"type":"binary-expr","locations":[{"start":{"line":12,"column":5},"end":{"line":12,"column":36}},{"start":{"line":12,"column":40},"end":{"line":12,"column":105}}],"line":12}},"s":{"0":14,"1":3,"2":1,"3":2,"4":2,"5":2,"6":1,"7":0,"8":1,"9":0,"10":1,"11":1},"f":{"0":3},"b":{"0":[1,2],"1":[0,1],"2":[0,1],"3":[1,0]},"_coverageSchema":"332fd63041d2c1bcb487cc26dd0d5f7d97098a6c","hash":"91ac5053fb8d3d6e159d7c54a274d51e4be1a5ce"}
,"/Users/joseph/Sites/mappslab/beta/api/graphql/Map/mutationResolvers/index.js": {"path":"/Users/joseph/Sites/mappslab/beta/api/graphql/Map/mutationResolvers/index.js","statementMap":{},"fnMap":{},"branchMap":{},"s":{},"f":{},"b":{},"_coverageSchema":"332fd63041d2c1bcb487cc26dd0d5f7d97098a6c","hash":"f9f8d64e809a6271528b75ce481240ed07e29922"}
,"/Users/joseph/Sites/mappslab/beta/api/graphql/Map/queryResolvers/fetchMapRelationships.js": {"path":"/Users/joseph/Sites/mappslab/beta/api/graphql/Map/queryResolvers/fetchMapRelationships.js","statementMap":{"0":{"start":{"line":14,"column":25},"end":{"line":18,"column":1}},"1":{"start":{"line":15,"column":16},"end":{"line":15,"column":70}},"2":{"start":{"line":16,"column":16},"end":{"line":16,"column":76}},"3":{"start":{"line":17,"column":1},"end":{"line":17,"column":27}},"4":{"start":{"line":20,"column":20},"end":{"line":32,"column":1}},"5":{"start":{"line":21,"column":19},"end":{"line":27,"column":2}},"6":{"start":{"line":28,"column":21},"end":{"line":28,"column":54}},"7":{"start":{"line":29,"column":21},"end":{"line":29,"column":62}},"8":{"start":{"line":31,"column":1},"end":{"line":31,"column":40}},"9":{"start":{"line":34,"column":22},"end":{"line":47,"column":1}},"10":{"start":{"line":39,"column":19},"end":{"line":43,"column":2}},"11":{"start":{"line":44,"column":21},"end":{"line":44,"column":54}},"12":{"start":{"line":45,"column":23},"end":{"line":45,"column":68}},"13":{"start":{"line":46,"column":1},"end":{"line":46,"column":42}}},"fnMap":{"0":{"name":"(anonymous_0)","decl":{"start":{"line":14,"column":25},"end":{"line":14,"column":26}},"loc":{"start":{"line":14,"column":124},"end":{"line":18,"column":1}},"line":14},"1":{"name":"(anonymous_1)","decl":{"start":{"line":20,"column":20},"end":{"line":20,"column":21}},"loc":{"start":{"line":20,"column":128},"end":{"line":32,"column":1}},"line":20},"2":{"name":"(anonymous_2)","decl":{"start":{"line":34,"column":22},"end":{"line":34,"column":23}},"loc":{"start":{"line":38,"column":35},"end":{"line":47,"column":1}},"line":38}},"branchMap":{"0":{"loc":{"start":{"line":17,"column":8},"end":{"line":17,"column":27}},"type":"binary-expr","locations":[{"start":{"line":17,"column":8},"end":{"line":17,"column":14}},{"start":{"line":17,"column":18},"end":{"line":17,"column":27}}],"line":17},"1":{"loc":{"start":{"line":28,"column":31},"end":{"line":28,"column":42}},"type":"binary-expr","locations":[{"start":{"line":28,"column":31},"end":{"line":28,"column":36}},{"start":{"line":28,"column":40},"end":{"line":28,"column":42}}],"line":28},"2":{"loc":{"start":{"line":44,"column":31},"end":{"line":44,"column":42}},"type":"binary-expr","locations":[{"start":{"line":44,"column":31},"end":{"line":44,"column":36}},{"start":{"line":44,"column":40},"end":{"line":44,"column":42}}],"line":44}},"s":{"0":14,"1":1,"2":1,"3":1,"4":14,"5":1,"6":1,"7":1,"8":1,"9":14,"10":1,"11":1,"12":1,"13":1},"f":{"0":1,"1":1,"2":1},"b":{"0":[1,1],"1":[1,1],"2":[1,1]},"_coverageSchema":"332fd63041d2c1bcb487cc26dd0d5f7d97098a6c","hash":"b659f9a14e18eda82a764f44ec327e115cadc2ff"}
,"/Users/joseph/Sites/mappslab/beta/api/graphql/Map/queryResolvers/fetchMaps.js": {"path":"/Users/joseph/Sites/mappslab/beta/api/graphql/Map/queryResolvers/fetchMaps.js","statementMap":{"0":{"start":{"line":7,"column":19},"end":{"line":8,"column":29}},"1":{"start":{"line":8,"column":1},"end":{"line":8,"column":29}},"2":{"start":{"line":10,"column":20},"end":{"line":13,"column":1}},"3":{"start":{"line":11,"column":21},"end":{"line":11,"column":62}},"4":{"start":{"line":12,"column":1},"end":{"line":12,"column":40}}},"fnMap":{"0":{"name":"(anonymous_0)","decl":{"start":{"line":7,"column":19},"end":{"line":7,"column":20}},"loc":{"start":{"line":8,"column":1},"end":{"line":8,"column":29}},"line":8},"1":{"name":"(anonymous_1)","decl":{"start":{"line":10,"column":20},"end":{"line":10,"column":21}},"loc":{"start":{"line":10,"column":125},"end":{"line":13,"column":1}},"line":10}},"branchMap":{},"s":{"0":14,"1":2,"2":14,"3":0,"4":0},"f":{"0":2,"1":0},"b":{},"_coverageSchema":"332fd63041d2c1bcb487cc26dd0d5f7d97098a6c","hash":"84ed0e25abf56a450d082fa4e404c6e529ac2576"}
,"/Users/joseph/Sites/mappslab/beta/api/graphql/Map/queryResolvers/index.js": {"path":"/Users/joseph/Sites/mappslab/beta/api/graphql/Map/queryResolvers/index.js","statementMap":{},"fnMap":{},"branchMap":{},"s":{},"f":{},"b":{},"_coverageSchema":"332fd63041d2c1bcb487cc26dd0d5f7d97098a6c","hash":"b00a493aa2c33c3a85725cb752d768de519e3c4d"}
,"/Users/joseph/Sites/mappslab/beta/api/graphql/Pin/PinSchema.js": {"path":"/Users/joseph/Sites/mappslab/beta/api/graphql/Pin/PinSchema.js","statementMap":{"0":{"start":{"line":3,"column":26},"end":{"line":97,"column":1}}},"fnMap":{},"branchMap":{},"s":{"0":14},"f":{},"b":{},"_coverageSchema":"332fd63041d2c1bcb487cc26dd0d5f7d97098a6c","hash":"445360900eb7203a554d860c68b4cabae3d72f97"}
,"/Users/joseph/Sites/mappslab/beta/api/graphql/Pin/index.js": {"path":"/Users/joseph/Sites/mappslab/beta/api/graphql/Pin/index.js","statementMap":{},"fnMap":{},"branchMap":{},"s":{},"f":{},"b":{},"_coverageSchema":"332fd63041d2c1bcb487cc26dd0d5f7d97098a6c","hash":"b31b6957f40ea344dd03455bee1d381b04e2427a"}
,"/Users/joseph/Sites/mappslab/beta/api/graphql/Pin/mutationResolvers/createPins.js": {"path":"/Users/joseph/Sites/mappslab/beta/api/graphql/Pin/mutationResolvers/createPins.js","statementMap":{"0":{"start":{"line":7,"column":25},"end":{"line":17,"column":1}},"1":{"start":{"line":8,"column":1},"end":{"line":8,"column":103}},"2":{"start":{"line":8,"column":18},"end":{"line":8,"column":103}},"3":{"start":{"line":9,"column":16},"end":{"line":9,"column":69}},"4":{"start":{"line":11,"column":13},"end":{"line":11,"column":52}},"5":{"start":{"line":12,"column":1},"end":{"line":12,"column":67}},"6":{"start":{"line":12,"column":11},"end":{"line":12,"column":67}},"7":{"start":{"line":13,"column":1},"end":{"line":15,"column":2}},"8":{"start":{"line":14,"column":2},"end":{"line":14,"column":63}},"9":{"start":{"line":16,"column":1},"end":{"line":16,"column":11}}},"fnMap":{"0":{"name":"(anonymous_0)","decl":{"start":{"line":7,"column":25},"end":{"line":7,"column":26}},"loc":{"start":{"line":7,"column":119},"end":{"line":17,"column":1}},"line":7}},"branchMap":{"0":{"loc":{"start":{"line":8,"column":1},"end":{"line":8,"column":103}},"type":"if","locations":[{"start":{"line":8,"column":1},"end":{"line":8,"column":103}},{"start":{"line":8,"column":1},"end":{"line":8,"column":103}}],"line":8},"1":{"loc":{"start":{"line":12,"column":1},"end":{"line":12,"column":67}},"type":"if","locations":[{"start":{"line":12,"column":1},"end":{"line":12,"column":67}},{"start":{"line":12,"column":1},"end":{"line":12,"column":67}}],"line":12},"2":{"loc":{"start":{"line":13,"column":1},"end":{"line":15,"column":2}},"type":"if","locations":[{"start":{"line":13,"column":1},"end":{"line":15,"column":2}},{"start":{"line":13,"column":1},"end":{"line":15,"column":2}}],"line":13}},"s":{"0":14,"1":4,"2":1,"3":3,"4":3,"5":3,"6":0,"7":3,"8":3,"9":3},"f":{"0":4},"b":{"0":[1,3],"1":[0,3],"2":[3,0]},"_coverageSchema":"332fd63041d2c1bcb487cc26dd0d5f7d97098a6c","hash":"05ca62cf1a1218171aa4108aaee300cd835a8761"}
,"/Users/joseph/Sites/mappslab/beta/api/graphql/Pin/mutationResolvers/deletePin.js": {"path":"/Users/joseph/Sites/mappslab/beta/api/graphql/Pin/mutationResolvers/deletePin.js","statementMap":{"0":{"start":{"line":7,"column":25},"end":{"line":16,"column":1}},"1":{"start":{"line":8,"column":1},"end":{"line":8,"column":99}},"2":{"start":{"line":8,"column":18},"end":{"line":8,"column":99}},"3":{"start":{"line":10,"column":13},"end":{"line":10,"column":51}},"4":{"start":{"line":11,"column":31},"end":{"line":11,"column":80}},"5":{"start":{"line":12,"column":1},"end":{"line":14,"column":2}},"6":{"start":{"line":13,"column":2},"end":{"line":13,"column":53}},"7":{"start":{"line":15,"column":1},"end":{"line":15,"column":29}}},"fnMap":{"0":{"name":"(anonymous_0)","decl":{"start":{"line":7,"column":25},"end":{"line":7,"column":26}},"loc":{"start":{"line":7,"column":123},"end":{"line":16,"column":1}},"line":7}},"branchMap":{"0":{"loc":{"start":{"line":8,"column":1},"end":{"line":8,"column":99}},"type":"if","locations":[{"start":{"line":8,"column":1},"end":{"line":8,"column":99}},{"start":{"line":8,"column":1},"end":{"line":8,"column":99}}],"line":8},"1":{"loc":{"start":{"line":12,"column":1},"end":{"line":14,"column":2}},"type":"if","locations":[{"start":{"line":12,"column":1},"end":{"line":14,"column":2}},{"start":{"line":12,"column":1},"end":{"line":14,"column":2}}],"line":12},"2":{"loc":{"start":{"line":12,"column":5},"end":{"line":12,"column":19}},"type":"binary-expr","locations":[{"start":{"line":12,"column":5},"end":{"line":12,"column":8}},{"start":{"line":12,"column":12},"end":{"line":12,"column":19}}],"line":12}},"s":{"0":14,"1":3,"2":0,"3":3,"4":3,"5":2,"6":2,"7":2},"f":{"0":3},"b":{"0":[0,3],"1":[2,0],"2":[2,2]},"_coverageSchema":"332fd63041d2c1bcb487cc26dd0d5f7d97098a6c","hash":"7a1ed3058c1807432033e2b60d8a38d9296e26bc"}
,"/Users/joseph/Sites/mappslab/beta/api/graphql/Pin/mutationResolvers/index.js": {"path":"/Users/joseph/Sites/mappslab/beta/api/graphql/Pin/mutationResolvers/index.js","statementMap":{},"fnMap":{},"branchMap":{},"s":{},"f":{},"b":{},"_coverageSchema":"332fd63041d2c1bcb487cc26dd0d5f7d97098a6c","hash":"4042024f871138315dd96a6fcbffc2cc6b6d6b5c"}
[...]
,"/Users/joseph/Sites/mappslab/beta/api/models/User/userDBSchema.js": {"path":"/Users/joseph/Sites/mappslab/beta/api/models/User/userDBSchema.js","statementMap":{"0":{"start":{"line":12,"column":14},"end":{"line":12,"column":73}},"1":{"start":{"line":14,"column":26},"end":{"line":55,"column":3}},"2":{"start":{"line":15,"column":1},"end":{"line":55,"column":3}},"3":{"start":{"line":57,"column":29},"end":{"line":62,"column":1}},"4":{"start":{"line":64,"column":27},"end":{"line":64,"column":94}},"5":{"start":{"line":64,"column":54},"end":{"line":64,"column":94}},"6":{"start":{"line":65,"column":30},"end":{"line":65,"column":101}},"7":{"start":{"line":65,"column":60},"end":{"line":65,"column":101}},"8":{"start":{"line":67,"column":28},"end":{"line":67,"column":71}},"9":{"start":{"line":68,"column":28},"end":{"line":68,"column":60}},"10":{"start":{"line":73,"column":20},"end":{"line":73,"column":21}},"11":{"start":{"line":75,"column":21},"end":{"line":87,"column":3}},"12":{"start":{"line":75,"column":64},"end":{"line":87,"column":3}},"13":{"start":{"line":76,"column":1},"end":{"line":87,"column":3}},"14":{"start":{"line":77,"column":16},"end":{"line":77,"column":24}},"15":{"start":{"line":78,"column":2},"end":{"line":81,"column":3}},"16":{"start":{"line":79,"column":3},"end":{"line":79,"column":15}},"17":{"start":{"line":80,"column":3},"end":{"line":80,"column":9}},"18":{"start":{"line":82,"column":25},"end":{"line":82,"column":62}},"19":{"start":{"line":83,"column":2},"end":{"line":86,"column":4}},"20":{"start":{"line":89,"column":21},"end":{"line":97,"column":12}},"21":{"start":{"line":90,"column":1},"end":{"line":97,"column":12}}},"fnMap":{"0":{"name":"(anonymous_0)","decl":{"start":{"line":14,"column":26},"end":{"line":14,"column":27}},"loc":{"start":{"line":15,"column":1},"end":{"line":55,"column":3}},"line":15},"1":{"name":"(anonymous_1)","decl":{"start":{"line":64,"column":27},"end":{"line":64,"column":28}},"loc":{"start":{"line":64,"column":54},"end":{"line":64,"column":94}},"line":64},"2":{"name":"(anonymous_2)","decl":{"start":{"line":65,"column":30},"end":{"line":65,"column":31}},"loc":{"start":{"line":65,"column":60},"end":{"line":65,"column":101}},"line":65},"3":{"name":"(anonymous_3)","decl":{"start":{"line":75,"column":21},"end":{"line":75,"column":22}},"loc":{"start":{"line":75,"column":64},"end":{"line":87,"column":3}},"line":75},"4":{"name":"(anonymous_4)","decl":{"start":{"line":75,"column":64},"end":{"line":75,"column":65}},"loc":{"start":{"line":76,"column":1},"end":{"line":87,"column":3}},"line":76},"5":{"name":"(anonymous_5)","decl":{"start":{"line":76,"column":13},"end":{"line":76,"column":14}},"loc":{"start":{"line":76,"column":32},"end":{"line":87,"column":2}},"line":76},"6":{"name":"(anonymous_6)","decl":{"start":{"line":89,"column":21},"end":{"line":89,"column":22}},"loc":{"start":{"line":90,"column":1},"end":{"line":97,"column":12}},"line":90}},"branchMap":{"0":{"loc":{"start":{"line":14,"column":27},"end":{"line":14,"column":48}},"type":"default-arg","locations":[{"start":{"line":14,"column":44},"end":{"line":14,"column":48}}],"line":14},"1":{"loc":{"start":{"line":16,"column":8},"end":{"line":23,"column":13}},"type":"cond-expr","locations":[{"start":{"line":17,"column":5},"end":{"line":20,"column":16}},{"start":{"line":21,"column":5},"end":{"line":23,"column":13}}],"line":16},"2":{"loc":{"start":{"line":24,"column":9},"end":{"line":32,"column":17}},"type":"cond-expr","locations":[{"start":{"line":25,"column":5},"end":{"line":31,"column":7}},{"start":{"line":32,"column":5},"end":{"line":32,"column":17}}],"line":24},"3":{"loc":{"start":{"line":45,"column":13},"end":{"line":45,"column":66}},"type":"cond-expr","locations":[{"start":{"line":45,"column":21},"end":{"line":45,"column":42}},{"start":{"line":45,"column":45},"end":{"line":45,"column":66}}],"line":45},"4":{"loc":{"start":{"line":47,"column":9},"end":{"line":47,"column":41}},"type":"cond-expr","locations":[{"start":{"line":47,"column":17},"end":{"line":47,"column":33}},{"start":{"line":47,"column":36},"end":{"line":47,"column":41}}],"line":47},"5":{"loc":{"start":{"line":48,"column":8},"end":{"line":52,"column":27}},"type":"cond-expr","locations":[{"start":{"line":49,"column":5},"end":{"line":51,"column":16}},{"start":{"line":52,"column":5},"end":{"line":52,"column":27}}],"line":48},"6":{"loc":{"start":{"line":53,"column":12},"end":{"line":53,"column":60}},"type":"cond-expr","locations":[{"start":{"line":53,"column":20},"end":{"line":53,"column":44}},{"start":{"line":53,"column":47},"end":{"line":53,"column":60}}],"line":53},"7":{"loc":{"start":{"line":54,"column":11},"end":{"line":54,"column":63}},"type":"cond-expr","locations":[{"start":{"line":54,"column":19},"end":{"line":54,"column":47}},{"start":{"line":54,"column":50},"end":{"line":54,"column":63}}],"line":54},"8":{"loc":{"start":{"line":78,"column":2},"end":{"line":81,"column":3}},"type":"if","locations":[{"start":{"line":78,"column":2},"end":{"line":81,"column":3}},{"start":{"line":78,"column":2},"end":{"line":81,"column":3}}],"line":78}},"s":{"0":14,"1":14,"2":9,"3":14,"4":14,"5":0,"6":14,"7":9,"8":14,"9":14,"10":14,"11":14,"12":18,"13":4,"14":4,"15":4,"16":0,"17":0,"18":4,"19":4,"20":14,"21":9},"f":{"0":9,"1":0,"2":9,"3":18,"4":4,"5":4,"6":9},"b":{"0":[0],"1":[0,9],"2":[0,9],"3":[0,9],"4":[0,9],"5":[0,9],"6":[0,9],"7":[0,9],"8":[0,4]},"_coverageSchema":"332fd63041d2c1bcb487cc26dd0d5f7d97098a6c","hash":"c654418849d4b38f9c986e727a5e353960a4a35a"}
,"/Users/joseph/Sites/mappslab/beta/api/utils/auth.js": {"path":"/Users/joseph/Sites/mappslab/beta/api/utils/auth.js","statementMap":{"0":{"start":{"line":7,"column":27},"end":{"line":18,"column":3}},"1":{"start":{"line":8,"column":1},"end":{"line":18,"column":3}},"2":{"start":{"line":9,"column":2},"end":{"line":17,"column":5}},"3":{"start":{"line":12,"column":18},"end":{"line":12,"column":40}},"4":{"start":{"line":13,"column":4},"end":{"line":13,"column":18}},"5":{"start":{"line":16,"column":4},"end":{"line":16,"column":20}},"6":{"start":{"line":20,"column":25},"end":{"line":29,"column":1}},"7":{"start":{"line":21,"column":17},"end":{"line":21,"column":33}},"8":{"start":{"line":22,"column":30},"end":{"line":22,"column":34}},"9":{"start":{"line":23,"column":1},"end":{"line":23,"column":107}},"10":{"start":{"line":23,"column":47},"end":{"line":23,"column":107}},"11":{"start":{"line":24,"column":15},"end":{"line":24,"column":85}},"12":{"start":{"line":25,"column":1},"end":{"line":28,"column":2}},"13":{"start":{"line":31,"column":25},"end":{"line":40,"column":3}},"14":{"start":{"line":32,"column":1},"end":{"line":40,"column":3}},"15":{"start":{"line":33,"column":2},"end":{"line":39,"column":4}},"16":{"start":{"line":34,"column":3},"end":{"line":37,"column":4}},"17":{"start":{"line":35,"column":4},"end":{"line":35,"column":15}},"18":{"start":{"line":36,"column":4},"end":{"line":36,"column":10}},"19":{"start":{"line":38,"column":3},"end":{"line":38,"column":19}}},"fnMap":{"0":{"name":"(anonymous_0)","decl":{"start":{"line":7,"column":27},"end":{"line":7,"column":28}},"loc":{"start":{"line":8,"column":1},"end":{"line":18,"column":3}},"line":8},"1":{"name":"(anonymous_1)","decl":{"start":{"line":8,"column":13},"end":{"line":8,"column":14}},"loc":{"start":{"line":8,"column":34},"end":{"line":18,"column":2}},"line":8},"2":{"name":"(anonymous_2)","decl":{"start":{"line":11,"column":9},"end":{"line":11,"column":10}},"loc":{"start":{"line":11,"column":21},"end":{"line":14,"column":4}},"line":11},"3":{"name":"(anonymous_3)","decl":{"start":{"line":15,"column":10},"end":{"line":15,"column":11}},"loc":{"start":{"line":15,"column":24},"end":{"line":17,"column":4}},"line":15},"4":{"name":"(anonymous_4)","decl":{"start":{"line":20,"column":25},"end":{"line":20,"column":26}},"loc":{"start":{"line":20,"column":50},"end":{"line":29,"column":1}},"line":20},"5":{"name":"(anonymous_5)","decl":{"start":{"line":31,"column":25},"end":{"line":31,"column":26}},"loc":{"start":{"line":32,"column":1},"end":{"line":40,"column":3}},"line":32},"6":{"name":"(anonymous_6)","decl":{"start":{"line":32,"column":13},"end":{"line":32,"column":14}},"loc":{"start":{"line":32,"column":34},"end":{"line":40,"column":2}},"line":32},"7":{"name":"(anonymous_7)","decl":{"start":{"line":33,"column":29},"end":{"line":33,"column":30}},"loc":{"start":{"line":33,"column":47},"end":{"line":39,"column":3}},"line":33}},"branchMap":{"0":{"loc":{"start":{"line":23,"column":1},"end":{"line":23,"column":107}},"type":"if","locations":[{"start":{"line":23,"column":1},"end":{"line":23,"column":107}},{"start":{"line":23,"column":1},"end":{"line":23,"column":107}}],"line":23},"1":{"loc":{"start":{"line":23,"column":5},"end":{"line":23,"column":45}},"type":"binary-expr","locations":[{"start":{"line":23,"column":5},"end":{"line":23,"column":10}},{"start":{"line":23,"column":14},"end":{"line":23,"column":18}},{"start":{"line":23,"column":22},"end":{"line":23,"column":28}},{"start":{"line":23,"column":32},"end":{"line":23,"column":45}}],"line":23},"2":{"loc":{"start":{"line":24,"column":46},"end":{"line":24,"column":62}},"type":"binary-expr","locations":[{"start":{"line":24,"column":46},"end":{"line":24,"column":53}},{"start":{"line":24,"column":57},"end":{"line":24,"column":62}}],"line":24},"3":{"loc":{"start":{"line":34,"column":3},"end":{"line":37,"column":4}},"type":"if","locations":[{"start":{"line":34,"column":3},"end":{"line":37,"column":4}},{"start":{"line":34,"column":3},"end":{"line":37,"column":4}}],"line":34}},"s":{"0":14,"1":5,"2":5,"3":5,"4":5,"5":0,"6":14,"7":9,"8":9,"9":9,"10":3,"11":6,"12":6,"13":14,"14":2,"15":2,"16":2,"17":0,"18":0,"19":2},"f":{"0":5,"1":5,"2":5,"3":0,"4":9,"5":2,"6":2,"7":2},"b":{"0":[3,6],"1":[9,8,7,6],"2":[6,0],"3":[0,2]},"_coverageSchema":"332fd63041d2c1bcb487cc26dd0d5f7d97098a6c","hash":"186016aebe06db14160dad8259b1cf2b69c4d4a3"}
,"/Users/joseph/Sites/mappslab/beta/api/utils/graphql.js": {"path":"/Users/joseph/Sites/mappslab/beta/api/utils/graphql.js","statementMap":{"0":{"start":{"line":25,"column":19},"end":{"line":25,"column":80}},"1":{"start":{"line":25,"column":53},"end":{"line":25,"column":79}},"2":{"start":{"line":27,"column":30},"end":{"line":30,"column":1}},"3":{"start":{"line":32,"column":28},"end":{"line":53,"column":1}},"4":{"start":{"line":33,"column":26},"end":{"line":36,"column":2}},"5":{"start":{"line":39,"column":15},"end":{"line":39,"column":81}},"6":{"start":{"line":41,"column":20},"end":{"line":41,"column":69}},"7":{"start":{"line":42,"column":21},"end":{"line":42,"column":50}},"8":{"start":{"line":43,"column":21},"end":{"line":43,"column":74}},"9":{"start":{"line":45,"column":1},"end":{"line":52,"column":2}}},"fnMap":{"0":{"name":"(anonymous_0)","decl":{"start":{"line":25,"column":19},"end":{"line":25,"column":20}},"loc":{"start":{"line":25,"column":53},"end":{"line":25,"column":79}},"line":25},"1":{"name":"(anonymous_1)","decl":{"start":{"line":32,"column":28},"end":{"line":32,"column":29}},"loc":{"start":{"line":32,"column":114},"end":{"line":53,"column":1}},"line":32}},"branchMap":{"0":{"loc":{"start":{"line":32,"column":40},"end":{"line":32,"column":61}},"type":"default-arg","locations":[{"start":{"line":32,"column":59},"end":{"line":32,"column":61}}],"line":32},"1":{"loc":{"start":{"line":32,"column":63},"end":{"line":32,"column":96}},"type":"default-arg","locations":[{"start":{"line":32,"column":94},"end":{"line":32,"column":96}}],"line":32},"2":{"loc":{"start":{"line":39,"column":15},"end":{"line":39,"column":81}},"type":"cond-expr","locations":[{"start":{"line":39,"column":39},"end":{"line":39,"column":76}},{"start":{"line":39,"column":79},"end":{"line":39,"column":81}}],"line":39},"3":{"loc":{"start":{"line":39,"column":15},"end":{"line":39,"column":36}},"type":"binary-expr","locations":[{"start":{"line":39,"column":15},"end":{"line":39,"column":20}},{"start":{"line":39,"column":24},"end":{"line":39,"column":36}}],"line":39},"4":{"loc":{"start":{"line":41,"column":20},"end":{"line":41,"column":69}},"type":"cond-expr","locations":[{"start":{"line":41,"column":35},"end":{"line":41,"column":62}},{"start":{"line":41,"column":65},"end":{"line":41,"column":69}}],"line":41},"5":{"loc":{"start":{"line":42,"column":21},"end":{"line":42,"column":50}},"type":"binary-expr","locations":[{"start":{"line":42,"column":21},"end":{"line":42,"column":26}},{"start":{"line":42,"column":30},"end":{"line":42,"column":50}}],"line":42},"6":{"loc":{"start":{"line":43,"column":21},"end":{"line":43,"column":74}},"type":"binary-expr","locations":[{"start":{"line":43,"column":21},"end":{"line":43,"column":37}},{"start":{"line":43,"column":41},"end":{"line":43,"column":55}},{"start":{"line":43,"column":59},"end":{"line":43,"column":74}}],"line":43}},"s":{"0":14,"1":143,"2":14,"3":14,"4":53,"5":53,"6":53,"7":53,"8":53,"9":53},"f":{"0":143,"1":53},"b":{"0":[0],"1":[49],"2":[52,1],"3":[53,53],"4":[52,1],"5":[53,53],"6":[53,52,2]},"_coverageSchema":"332fd63041d2c1bcb487cc26dd0d5f7d97098a6c","hash":"2c6734861c9c555e98ce397daa25f3e79fde1920"}
,"/Users/joseph/Sites/mappslab/beta/api/utils/index.js": {"path":"/Users/joseph/Sites/mappslab/beta/api/utils/index.js","statementMap":{"0":{"start":{"line":5,"column":38},"end":{"line":6,"column":85}},"1":{"start":{"line":6,"column":1},"end":{"line":6,"column":85}},"2":{"start":{"line":6,"column":26},"end":{"line":6,"column":84}},"3":{"start":{"line":6,"column":48},"end":{"line":6,"column":77}},"4":{"start":{"line":9,"column":25},"end":{"line":9,"column":81}},"5":{"start":{"line":9,"column":52},"end":{"line":9,"column":81}},"6":{"start":{"line":9,"column":71},"end":{"line":9,"column":81}},"7":{"start":{"line":11,"column":27},"end":{"line":11,"column":88}},"8":{"start":{"line":11,"column":58},"end":{"line":11,"column":88}},"9":{"start":{"line":13,"column":24},"end":{"line":13,"column":88}},"10":{"start":{"line":13,"column":73},"end":{"line":13,"column":88}},"11":{"start":{"line":15,"column":23},"end":{"line":23,"column":21}},"12":{"start":{"line":16,"column":1},"end":{"line":23,"column":21}},"13":{"start":{"line":25,"column":30},"end":{"line":25,"column":107}},"14":{"start":{"line":25,"column":47},"end":{"line":25,"column":107}},"15":{"start":{"line":25,"column":64},"end":{"line":25,"column":107}}},"fnMap":{"0":{"name":"(anonymous_0)","decl":{"start":{"line":5,"column":38},"end":{"line":5,"column":39}},"loc":{"start":{"line":6,"column":1},"end":{"line":6,"column":85}},"line":6},"1":{"name":"(anonymous_1)","decl":{"start":{"line":6,"column":13},"end":{"line":6,"column":14}},"loc":{"start":{"line":6,"column":26},"end":{"line":6,"column":84}},"line":6},"2":{"name":"(anonymous_2)","decl":{"start":{"line":6,"column":41},"end":{"line":6,"column":42}},"loc":{"start":{"line":6,"column":48},"end":{"line":6,"column":77}},"line":6},"3":{"name":"(anonymous_3)","decl":{"start":{"line":9,"column":25},"end":{"line":9,"column":26}},"loc":{"start":{"line":9,"column":52},"end":{"line":9,"column":81}},"line":9},"4":{"name":"(anonymous_4)","decl":{"start":{"line":9,"column":52},"end":{"line":9,"column":53}},"loc":{"start":{"line":9,"column":71},"end":{"line":9,"column":81}},"line":9},"5":{"name":"(anonymous_5)","decl":{"start":{"line":11,"column":27},"end":{"line":11,"column":28}},"loc":{"start":{"line":11,"column":58},"end":{"line":11,"column":88}},"line":11},"6":{"name":"(anonymous_6)","decl":{"start":{"line":13,"column":24},"end":{"line":13,"column":25}},"loc":{"start":{"line":13,"column":73},"end":{"line":13,"column":88}},"line":13},"7":{"name":"(anonymous_7)","decl":{"start":{"line":15,"column":23},"end":{"line":15,"column":24}},"loc":{"start":{"line":16,"column":1},"end":{"line":23,"column":21}},"line":16},"8":{"name":"(anonymous_8)","decl":{"start":{"line":25,"column":30},"end":{"line":25,"column":31}},"loc":{"start":{"line":25,"column":47},"end":{"line":25,"column":107}},"line":25},"9":{"name":"(anonymous_9)","decl":{"start":{"line":25,"column":47},"end":{"line":25,"column":48}},"loc":{"start":{"line":25,"column":64},"end":{"line":25,"column":107}},"line":25}},"branchMap":{"0":{"loc":{"start":{"line":6,"column":48},"end":{"line":6,"column":77}},"type":"binary-expr","locations":[{"start":{"line":6,"column":48},"end":{"line":6,"column":58}},{"start":{"line":6,"column":62},"end":{"line":6,"column":77}}],"line":6}},"s":{"0":14,"1":10,"2":10,"3":38,"4":14,"5":62,"6":62,"7":14,"8":19,"9":14,"10":0,"11":14,"12":0,"13":14,"14":2,"15":0},"f":{"0":10,"1":10,"2":38,"3":62,"4":62,"5":19,"6":0,"7":0,"8":2,"9":0},"b":{"0":[38,38]},"_coverageSchema":"332fd63041d2c1bcb487cc26dd0d5f7d97098a6c","hash":"207417ba0fb6ab2328bcf44f81269129b42de1f8"}
,"/Users/joseph/Sites/mappslab/beta/api/utils/parsing.js": {"path":"/Users/joseph/Sites/mappslab/beta/api/utils/parsing.js","statementMap":{"0":{"start":{"line":4,"column":14},"end":{"line":4,"column":37}},"1":{"start":{"line":6,"column":35},"end":{"line":18,"column":3}},"2":{"start":{"line":7,"column":1},"end":{"line":18,"column":3}},"3":{"start":{"line":8,"column":2},"end":{"line":16,"column":3}},"4":{"start":{"line":9,"column":3},"end":{"line":12,"column":4}},"5":{"start":{"line":10,"column":4},"end":{"line":10,"column":43}},"6":{"start":{"line":11,"column":4},"end":{"line":11,"column":16}},"7":{"start":{"line":13,"column":3},"end":{"line":14,"column":108}},"8":{"start":{"line":14,"column":4},"end":{"line":14,"column":108}},"9":{"start":{"line":15,"column":3},"end":{"line":15,"column":21}},"10":{"start":{"line":17,"column":2},"end":{"line":17,"column":14}}},"fnMap":{"0":{"name":"(anonymous_0)","decl":{"start":{"line":6,"column":35},"end":{"line":6,"column":36}},"loc":{"start":{"line":7,"column":1},"end":{"line":18,"column":3}},"line":7},"1":{"name":"(anonymous_1)","decl":{"start":{"line":7,"column":15},"end":{"line":7,"column":16}},"loc":{"start":{"line":7,"column":31},"end":{"line":18,"column":2}},"line":7}},"branchMap":{"0":{"loc":{"start":{"line":8,"column":2},"end":{"line":16,"column":3}},"type":"if","locations":[{"start":{"line":8,"column":2},"end":{"line":16,"column":3}},{"start":{"line":8,"column":2},"end":{"line":16,"column":3}}],"line":8},"1":{"loc":{"start":{"line":8,"column":6},"end":{"line":8,"column":58}},"type":"binary-expr","locations":[{"start":{"line":8,"column":6},"end":{"line":8,"column":34}},{"start":{"line":8,"column":38},"end":{"line":8,"column":58}}],"line":8},"2":{"loc":{"start":{"line":9,"column":3},"end":{"line":12,"column":4}},"type":"if","locations":[{"start":{"line":9,"column":3},"end":{"line":12,"column":4}},{"start":{"line":9,"column":3},"end":{"line":12,"column":4}}],"line":9},"3":{"loc":{"start":{"line":13,"column":3},"end":{"line":14,"column":108}},"type":"if","locations":[{"start":{"line":13,"column":3},"end":{"line":14,"column":108}},{"start":{"line":13,"column":3},"end":{"line":14,"column":108}}],"line":13}},"s":{"0":14,"1":14,"2":28,"3":2216,"4":170,"5":0,"6":0,"7":170,"8":0,"9":170,"10":2046},"f":{"0":28,"1":2216},"b":{"0":[170,2046],"1":[2216,170],"2":[0,170],"3":[0,170]},"_coverageSchema":"332fd63041d2c1bcb487cc26dd0d5f7d97098a6c","hash":"bafbfb2dd2b8e5d98cd03c5ed523a2e520ce1124"}
}
