TN:
SF:/Users/joseph/Sites/mappslab/beta/api/config.js
FNF:0
FNH:0
DA:5,14
DA:9,14
DA:11,14
DA:12,14
LF:4
LH:4
BRDA:11,0,0,14
BRDA:11,0,1,0
BRDA:12,1,0,14
BRDA:12,1,1,0
BRF:4
BRH:2
end_of_record
TN:
SF:/Users/joseph/Sites/mappslab/beta/api/schema.js
FNF:0
FNH:0
DA:11,14
DA:31,14
DA:59,14
LF:3
LH:3
BRF:0
BRH:0
end_of_record
TN:
SF:/Users/joseph/Sites/mappslab/beta/api/database/client.js
FNF:0
FNH:0
DA:3,14
DA:4,14
DA:5,14
DA:7,14
DA:10,14
DA:19,14
DA:26,14
LF:7
LH:7
BRDA:10,0,0,0
BRDA:10,0,1,14
BRDA:13,1,0,0
BRDA:13,1,1,14
BRF:4
BRH:2
end_of_record
TN:
SF:/Users/joseph/Sites/mappslab/beta/api/database/createEdge.js
FN:15,(anonymous_0)
FN:23,(anonymous_1)
FNF:2
FNH:1
FNDA:8,(anonymous_0)
FNDA:0,(anonymous_1)
DA:6,14
DA:7,14
DA:11,14
DA:15,14
DA:16,8
DA:17,8
DA:18,8
DA:19,8
DA:22,8
DA:23,0
DA:24,0
DA:28,8
DA:29,8
DA:30,8
DA:31,8
DA:32,8
DA:34,0
DA:35,0
DA:37,8
LF:19
LH:15
BRDA:17,0,0,8
BRDA:17,0,1,1
BRDA:22,1,0,0
BRDA:22,1,1,8
BRDA:31,2,0,1
BRDA:31,2,1,7
BRDA:37,3,0,1
BRDA:37,3,1,7
BRF:8
BRH:7
end_of_record
TN:
SF:/Users/joseph/Sites/mappslab/beta/api/database/createNode.js
FN:9,(anonymous_0)
FNF:1
FNH:0
FNDA:0,(anonymous_0)
DA:6,14
DA:7,14
DA:9,14
DA:10,0
DA:11,0
DA:12,0
DA:13,0
DA:14,0
DA:15,0
DA:16,0
DA:17,0
DA:18,0
DA:23,0
DA:24,0
DA:26,0
LF:15
LH:3
BRDA:10,0,0,0
BRDA:10,0,1,0
BRDA:17,1,0,0
BRDA:17,1,1,0
BRDA:26,2,0,0
BRDA:26,2,1,0
BRF:6
BRH:0
end_of_record
TN:
SF:/Users/joseph/Sites/mappslab/beta/api/database/createNodeWithEdges.js
FN:24,(anonymous_0)
FN:36,(anonymous_1)
FNF:2
FNH:2
FNDA:4,(anonymous_0)
FNDA:7,(anonymous_1)
DA:7,14
DA:8,14
DA:24,14
DA:25,4
DA:26,4
DA:28,4
DA:29,4
DA:30,4
DA:32,4
DA:33,4
DA:35,4
DA:37,7
DA:38,7
DA:39,0
DA:40,7
DA:45,7
DA:46,7
DA:47,7
DA:50,4
DA:51,4
DA:52,4
DA:53,4
DA:58,0
DA:59,0
DA:61,4
LF:25
LH:22
BRDA:25,0,0,4
BRDA:25,0,1,4
BRDA:38,1,0,0
BRDA:38,1,1,7
BRDA:38,2,0,7
BRDA:38,2,1,0
BRDA:38,2,2,7
BRDA:38,2,3,7
BRDA:40,3,0,0
BRDA:40,3,1,7
BRDA:51,4,0,4
BRDA:51,4,1,0
BRDA:61,5,0,4
BRDA:61,5,1,0
BRF:14
BRH:9
end_of_record
TN:
SF:/Users/joseph/Sites/mappslab/beta/api/database/index.js
FN:42,(anonymous_0)
FN:50,(anonymous_1)
FNF:2
FNH:2
FNDA:134,(anonymous_0)
FNDA:134,(anonymous_1)
DA:15,14
DA:42,14
DA:43,134
DA:44,134
DA:49,134
DA:50,134
DA:52,0
DA:53,0
DA:54,0
DA:55,0
LF:10
LH:6
BRDA:44,0,0,44
BRDA:44,0,1,90
BRDA:50,1,0,134
BRDA:50,1,1,0
BRF:4
BRH:3
end_of_record
TN:
SF:/Users/joseph/Sites/mappslab/beta/api/database/mutateNode.js
FN:9,(anonymous_0)
FN:24,(anonymous_1)
FNF:2
FNH:2
FNDA:15,(anonymous_0)
FNDA:61,(anonymous_1)
DA:6,14
DA:7,14
DA:9,14
DA:10,15
DA:11,15
DA:12,15
DA:13,15
DA:14,15
DA:23,15
DA:25,61
DA:26,4
DA:34,57
DA:44,15
DA:45,15
DA:47,15
DA:48,15
DA:49,15
DA:50,15
DA:51,15
DA:53,15
DA:58,0
DA:59,0
DA:61,15
LF:23
LH:21
BRDA:10,0,0,15
BRDA:10,0,1,15
BRDA:11,1,0,0
BRDA:11,1,1,15
BRDA:11,2,0,15
BRDA:11,2,1,0
BRDA:25,3,0,4
BRDA:25,3,1,57
BRDA:47,4,0,1
BRDA:47,4,1,14
BRDA:49,5,0,15
BRDA:49,5,1,0
BRDA:61,6,0,15
BRDA:61,6,1,0
BRF:14
BRH:10
end_of_record
TN:
SF:/Users/joseph/Sites/mappslab/beta/api/database/removeEdge.js
FN:15,(anonymous_0)
FN:39,(anonymous_1)
FNF:2
FNH:1
FNDA:1,(anonymous_0)
FNDA:0,(anonymous_1)
DA:6,14
DA:7,14
DA:15,14
DA:16,1
DA:17,1
DA:18,1
DA:19,1
DA:20,1
DA:21,1
DA:22,1
DA:23,1
DA:24,1
DA:25,1
DA:26,1
DA:27,1
DA:28,1
DA:29,1
DA:31,0
DA:32,0
DA:34,1
DA:39,14
DA:40,0
LF:22
LH:19
BRDA:16,0,0,1
BRDA:16,0,1,1
BRDA:19,1,0,0
BRDA:19,1,1,1
BRDA:20,2,0,0
BRDA:20,2,1,1
BRDA:22,3,0,0
BRDA:22,3,1,1
BRDA:23,4,0,0
BRDA:23,4,1,1
BRDA:28,5,0,1
BRDA:28,5,1,0
BRDA:34,6,0,1
BRDA:34,6,1,0
BRF:14
BRH:8
end_of_record
TN:
SF:/Users/joseph/Sites/mappslab/beta/api/database/removeNode.js
FN:11,(anonymous_0)
FNF:1
FNH:1
FNDA:1,(anonymous_0)
DA:5,14
DA:6,14
DA:11,14
DA:12,1
DA:13,1
DA:14,1
DA:15,1
DA:16,1
DA:17,1
DA:18,1
DA:19,1
DA:21,0
DA:22,0
DA:24,1
LF:14
LH:12
BRDA:12,0,0,1
BRDA:12,0,1,1
BRDA:17,1,0,1
BRDA:17,1,1,0
BRDA:24,2,0,1
BRDA:24,2,1,0
BRF:6
BRH:4
end_of_record
TN:
SF:/Users/joseph/Sites/mappslab/beta/api/database/removeNodeWithEdges.js
FN:18,(anonymous_0)
FN:24,(anonymous_1)
FNF:2
FNH:0
FNDA:0,(anonymous_0)
FNDA:0,(anonymous_1)
DA:7,14
DA:18,14
DA:19,0
DA:20,0
DA:21,0
DA:22,0
DA:23,0
DA:24,0
DA:25,0
DA:26,0
DA:28,0
DA:29,0
DA:31,0
LF:13
LH:2
BRDA:19,0,0,0
BRDA:19,0,1,0
BRDA:25,1,0,0
BRDA:25,1,1,0
BRDA:31,2,0,0
BRDA:31,2,1,0
BRF:6
BRH:0
end_of_record
TN:
SF:/Users/joseph/Sites/mappslab/beta/api/database/utils/dbUtils.js
FN:14,(anonymous_0)
FN:33,(anonymous_1)
FN:43,(anonymous_2)
FN:63,(anonymous_3)
FN:88,(anonymous_4)
FN:90,(anonymous_5)
FNF:6
FNH:6
FNDA:68,(anonymous_0)
FNDA:104,(anonymous_1)
FNDA:312,(anonymous_2)
FNDA:106,(anonymous_3)
FNDA:11,(anonymous_4)
FNDA:1,(anonymous_5)
DA:11,15
DA:16,68
DA:31,15
DA:33,15
DA:34,104
DA:43,312
DA:63,15
DA:64,106
DA:65,2
DA:70,104
DA:71,104
DA:78,104
DA:88,15
DA:90,15
LF:14
LH:14
BRDA:16,0,0,14
BRDA:16,0,1,54
BRDA:16,1,0,68
BRDA:16,1,1,54
BRDA:33,2,0,103
BRDA:36,3,0,104
BRDA:36,3,1,0
BRDA:39,4,0,0
BRDA:39,4,1,104
BRDA:63,5,0,106
BRDA:64,6,0,2
BRDA:64,6,1,104
BRDA:71,7,0,104
BRDA:71,7,1,0
BRDA:90,8,0,1
BRDA:90,8,1,1
BRF:16
BRH:13
end_of_record
TN:
SF:/Users/joseph/Sites/mappslab/beta/api/database/utils/index.js
FNF:0
FNH:0
LF:0
LH:0
BRF:0
BRH:0
end_of_record
TN:
SF:/Users/joseph/Sites/mappslab/beta/api/database/utils/makeFilterString/index.js
FN:16,(anonymous_0)
FN:16,(anonymous_1)
FN:21,(anonymous_2)
FN:26,(anonymous_3)
FN:28,(anonymous_4)
FN:44,(anonymous_5)
FN:44,(anonymous_6)
FN:50,(anonymous_7)
FN:55,(anonymous_8)
FNF:9
FNH:9
FNDA:30,(anonymous_0)
FNDA:696,(anonymous_1)
FNDA:277,(anonymous_2)
FNDA:277,(anonymous_3)
FNDA:348,(anonymous_4)
FNDA:175,(anonymous_5)
FNDA:176,(anonymous_6)
FNDA:175,(anonymous_7)
FNDA:104,(anonymous_8)
DA:16,696
DA:18,15
DA:19,15
DA:21,277
DA:26,15
DA:27,277
DA:28,348
DA:37,277
DA:44,175
DA:46,176
DA:47,175
DA:50,15
DA:51,175
DA:52,174
DA:55,15
DA:56,104
DA:59,104
DA:60,103
DA:61,103
LF:19
LH:19
BRDA:16,0,0,71
BRDA:16,0,1,625
BRDA:16,1,0,696
BRDA:16,1,1,71
BRDA:46,2,0,176
BRDA:46,2,1,117
BRDA:56,3,0,0
BRDA:56,3,1,104
BRF:8
BRH:7
end_of_record
TN:
SF:/Users/joseph/Sites/mappslab/beta/api/database/utils/makeFilterString/operators.js
FN:5,(anonymous_0)
FN:12,(anonymous_1)
FN:12,(anonymous_2)
FN:16,(anonymous_3)
FN:21,(anonymous_4)
FN:28,(anonymous_5)
FN:40,(anonymous_6)
FN:51,(anonymous_7)
FNF:8
FNH:8
FNDA:2,(anonymous_0)
FNDA:90,(anonymous_1)
FNDA:7,(anonymous_2)
FNDA:109,(anonymous_3)
FNDA:3,(anonymous_4)
FNDA:2,(anonymous_5)
FNDA:1,(anonymous_6)
FNDA:117,(anonymous_7)
DA:5,15
DA:12,90
DA:13,7
DA:15,15
DA:17,109
DA:18,109
DA:21,3
DA:28,2
DA:41,1
DA:42,1
DA:43,1
DA:49,15
DA:51,15
DA:52,117
DA:53,117
DA:54,117
DA:55,117
LF:17
LH:17
BRDA:5,0,0,2
BRDA:5,0,1,2
BRDA:17,1,0,3
BRDA:17,1,1,106
BRDA:41,2,0,0
BRDA:41,2,1,1
BRDA:42,3,0,0
BRDA:42,3,1,1
BRDA:52,4,0,0
BRDA:52,4,1,117
BRF:10
BRH:7
end_of_record
TN:
SF:/Users/joseph/Sites/mappslab/beta/api/database/utils/makeFilterString/relationships.js
FN:10,(anonymous_0)
FN:10,(anonymous_1)
FN:17,(anonymous_2)
FN:55,(anonymous_3)
FNF:4
FNH:4
FNDA:180,(anonymous_0)
FNDA:57,(anonymous_1)
FNDA:2,(anonymous_2)
FNDA:176,(anonymous_3)
DA:10,180
DA:11,57
DA:12,1
DA:13,56
DA:14,56
DA:17,15
DA:18,2
DA:25,2
DA:27,2
DA:30,15
DA:55,15
DA:58,176
DA:59,59
DA:60,58
LF:14
LH:14
BRDA:11,0,0,1
BRDA:11,0,1,56
BRDA:11,1,0,57
BRDA:11,1,1,1
BRDA:13,2,0,0
BRDA:13,2,1,56
BRDA:58,3,0,117
BRDA:58,3,1,59
BRF:8
BRH:7
end_of_record
TN:
SF:/Users/joseph/Sites/mappslab/beta/api/errorTypes/index.js
FN:6,(anonymous_0)
FN:19,(anonymous_1)
FN:26,(anonymous_2)
FNF:3
FNH:2
FNDA:5,(anonymous_0)
FNDA:0,(anonymous_1)
FNDA:4,(anonymous_2)
DA:3,14
DA:7,5
DA:8,5
DA:9,5
DA:10,5
DA:12,5
DA:14,5
DA:20,0
DA:21,0
DA:27,4
DA:28,4
LF:11
LH:9
BRF:0
BRH:0
end_of_record
TN:
SF:/Users/joseph/Sites/mappslab/beta/api/graphql/subscriptions.js
FNF:0
FNH:0
DA:4,14
DA:5,14
LF:2
LH:2
BRF:0
BRH:0
end_of_record
TN:
SF:/Users/joseph/Sites/mappslab/beta/api/graphql/Classroom/ClassroomSchema.js
FNF:0
FNH:0
DA:3,14
LF:1
LH:1
BRF:0
BRH:0
end_of_record
TN:
SF:/Users/joseph/Sites/mappslab/beta/api/graphql/Classroom/index.js
FNF:0
FNH:0
LF:0
LH:0
BRF:0
BRH:0
end_of_record
TN:
SF:/Users/joseph/Sites/mappslab/beta/api/graphql/Classroom/mutationResolvers/assignUserToClassroom.js
FN:9,(anonymous_0)
FNF:1
FNH:0
FNDA:0,(anonymous_0)
DA:7,14
DA:9,14
DA:14,0
DA:15,0
DA:16,0
DA:17,0
DA:19,0
DA:20,0
DA:21,0
DA:23,0
DA:24,0
DA:25,0
DA:26,0
DA:27,0
DA:28,0
DA:29,0
DA:30,0
DA:32,0
LF:18
LH:2
BRDA:16,0,0,0
BRDA:16,0,1,0
BRDA:16,1,0,0
BRDA:16,1,1,0
BRDA:19,2,0,0
BRDA:19,2,1,0
BRDA:21,3,0,0
BRDA:21,3,1,0
BRDA:24,4,0,0
BRDA:24,4,1,0
BRDA:26,5,0,0
BRDA:26,5,1,0
BRDA:28,6,0,0
BRDA:28,6,1,0
BRDA:30,7,0,0
BRDA:30,7,1,0
BRDA:30,8,0,0
BRDA:30,8,1,0
BRF:18
BRH:0
end_of_record
TN:
SF:/Users/joseph/Sites/mappslab/beta/api/graphql/Classroom/mutationResolvers/createClassroom.js
FN:6,(anonymous_0)
FN:23,(anonymous_1)
FN:23,(anonymous_2)
FNF:3
FNH:0
FNDA:0,(anonymous_0)
FNDA:0,(anonymous_1)
FNDA:0,(anonymous_2)
DA:6,14
DA:11,0
DA:12,0
DA:13,0
DA:14,0
DA:16,0
DA:17,0
DA:18,0
DA:19,0
DA:20,0
DA:22,0
DA:23,0
DA:25,0
LF:13
LH:1
BRDA:12,0,0,0
BRDA:12,0,1,0
BRDA:13,1,0,0
BRDA:13,1,1,0
BRDA:13,2,0,0
BRDA:13,2,1,0
BRDA:16,3,0,0
BRDA:16,3,1,0
BRDA:16,4,0,0
BRDA:16,4,1,0
BRDA:19,5,0,0
BRDA:19,5,1,0
BRDA:22,6,0,0
BRDA:22,6,1,0
BRDA:22,7,0,0
BRDA:22,7,1,0
BRF:16
BRH:0
end_of_record
TN:
SF:/Users/joseph/Sites/mappslab/beta/api/graphql/Classroom/mutationResolvers/index.js
FNF:0
FNH:0
LF:0
LH:0
BRF:0
BRH:0
end_of_record
TN:
SF:/Users/joseph/Sites/mappslab/beta/api/graphql/Classroom/mutationResolvers/updateClassroom.js
FN:6,(anonymous_0)
FN:18,(anonymous_1)
FNF:2
FNH:2
FNDA:5,(anonymous_0)
FNDA:9,(anonymous_1)
DA:6,14
DA:11,5
DA:12,4
DA:14,3
DA:18,9
DA:19,3
DA:20,1
DA:22,2
DA:23,2
DA:24,2
DA:25,2
LF:11
LH:11
BRDA:11,0,0,1
BRDA:11,0,1,4
BRDA:12,1,0,1
BRDA:12,1,1,3
BRDA:12,2,0,4
BRDA:12,2,1,4
BRDA:19,3,0,1
BRDA:19,3,1,2
BRDA:19,4,0,3
BRDA:19,4,1,3
BRDA:24,5,0,0
BRDA:24,5,1,2
BRF:12
BRH:11
end_of_record
TN:
SF:/Users/joseph/Sites/mappslab/beta/api/graphql/Classroom/queryResolvers/classroomConnectionQueries.js
FN:8,(anonymous_0)
FN:18,(anonymous_1)
FN:28,(anonymous_2)
FNF:3
FNH:3
FNDA:1,(anonymous_0)
FNDA:4,(anonymous_1)
FNDA:3,(anonymous_2)
DA:8,14
DA:14,1
DA:15,1
DA:18,14
DA:24,4
DA:25,4
DA:28,14
DA:33,3
DA:34,3
DA:35,3
LF:10
LH:10
BRF:0
BRH:0
end_of_record
TN:
SF:/Users/joseph/Sites/mappslab/beta/api/graphql/Classroom/queryResolvers/classroomQueries.js
FN:7,(anonymous_0)
FN:10,(anonymous_1)
FN:15,(anonymous_2)
FNF:3
FNH:2
FNDA:7,(anonymous_0)
FNDA:1,(anonymous_1)
FNDA:0,(anonymous_2)
DA:7,14
DA:8,7
DA:10,14
DA:15,1
DA:16,0
DA:18,1
DA:19,1
LF:7
LH:6
BRF:0
BRH:0
end_of_record
TN:
SF:/Users/joseph/Sites/mappslab/beta/api/graphql/Classroom/queryResolvers/index.js
FNF:0
FNH:0
LF:0
LH:0
BRF:0
BRH:0
end_of_record
TN:
SF:/Users/joseph/Sites/mappslab/beta/api/graphql/Map/MapSchema.js
FNF:0
FNH:0
DA:3,14
LF:1
LH:1
BRF:0
BRH:0
end_of_record
TN:
SF:/Users/joseph/Sites/mappslab/beta/api/graphql/Map/index.js
FNF:0
FNH:0
LF:0
LH:0
BRF:0
BRH:0
end_of_record
TN:
SF:/Users/joseph/Sites/mappslab/beta/api/graphql/Map/mutationResolvers/createMap.js
FN:6,(anonymous_0)
FNF:1
FNH:1
FNDA:3,(anonymous_0)
DA:6,14
DA:7,3
DA:8,2
DA:9,2
DA:10,2
DA:11,1
DA:12,1
DA:13,0
DA:15,1
DA:16,1
LF:10
LH:9
BRDA:7,0,0,1
BRDA:7,0,1,2
BRDA:11,1,0,0
BRDA:11,1,1,1
BRDA:12,2,0,0
BRDA:12,2,1,1
BRDA:12,3,0,1
BRDA:12,3,1,0
BRF:8
BRH:5
end_of_record
TN:
SF:/Users/joseph/Sites/mappslab/beta/api/graphql/Map/mutationResolvers/index.js
FNF:0
FNH:0
LF:0
LH:0
BRF:0
BRH:0
end_of_record
TN:
SF:/Users/joseph/Sites/mappslab/beta/api/graphql/Map/queryResolvers/fetchMapRelationships.js
FN:14,(anonymous_0)
FN:20,(anonymous_1)
FN:34,(anonymous_2)
FNF:3
FNH:3
FNDA:1,(anonymous_0)
FNDA:1,(anonymous_1)
FNDA:1,(anonymous_2)
DA:14,14
DA:15,1
DA:16,1
DA:17,1
DA:20,14
DA:21,1
DA:28,1
DA:29,1
DA:31,1
DA:34,14
DA:39,1
DA:44,1
DA:45,1
DA:46,1
LF:14
LH:14
BRDA:17,0,0,1
BRDA:17,0,1,1
BRDA:28,1,0,1
BRDA:28,1,1,1
BRDA:44,2,0,1
BRDA:44,2,1,1
BRF:6
BRH:6
end_of_record
TN:
SF:/Users/joseph/Sites/mappslab/beta/api/graphql/Map/queryResolvers/fetchMaps.js
FN:7,(anonymous_0)
FN:10,(anonymous_1)
FNF:2
FNH:1
FNDA:2,(anonymous_0)
FNDA:0,(anonymous_1)
DA:7,14
DA:8,2
DA:10,14
DA:11,0
DA:12,0
LF:5
LH:3
BRF:0
BRH:0
end_of_record
TN:
SF:/Users/joseph/Sites/mappslab/beta/api/graphql/Map/queryResolvers/index.js
FNF:0
FNH:0
LF:0
LH:0
BRF:0
BRH:0
end_of_record
TN:
SF:/Users/joseph/Sites/mappslab/beta/api/graphql/Pin/PinSchema.js
FNF:0
FNH:0
DA:3,14
LF:1
LH:1
BRF:0
BRH:0
end_of_record
TN:
SF:/Users/joseph/Sites/mappslab/beta/api/graphql/Pin/index.js
FNF:0
FNH:0
LF:0
LH:0
BRF:0
BRH:0
end_of_record
TN:
SF:/Users/joseph/Sites/mappslab/beta/api/graphql/Pin/mutationResolvers/createPins.js
FN:7,(anonymous_0)
FNF:1
FNH:1
FNDA:4,(anonymous_0)
DA:7,14
DA:8,4
DA:9,3
DA:11,3
DA:12,3
DA:13,3
DA:14,3
DA:16,3
LF:8
LH:8
BRDA:8,0,0,1
BRDA:8,0,1,3
BRDA:12,1,0,0
BRDA:12,1,1,3
BRDA:13,2,0,3
BRDA:13,2,1,0
BRF:6
BRH:4
end_of_record
TN:
SF:/Users/joseph/Sites/mappslab/beta/api/graphql/Pin/mutationResolvers/deletePin.js
FN:7,(anonymous_0)
FNF:1
FNH:1
FNDA:3,(anonymous_0)
DA:7,14
DA:8,3
DA:10,3
DA:11,3
DA:12,2
DA:13,2
DA:15,2
LF:7
LH:7
BRDA:8,0,0,0
BRDA:8,0,1,3
BRDA:12,1,0,2
BRDA:12,1,1,0
BRDA:12,2,0,2
BRDA:12,2,1,2
BRF:6
BRH:4
end_of_record
TN:
SF:/Users/joseph/Sites/mappslab/beta/api/graphql/Pin/mutationResolvers/index.js
FNF:0
FNH:0
LF:0
LH:0
BRF:0
BRH:0
end_of_record
TN:
SF:/Users/joseph/Sites/mappslab/beta/api/graphql/Pin/mutationResolvers/updatePin.js
FN:7,(anonymous_0)
FNF:1
FNH:1
FNDA:4,(anonymous_0)
DA:7,14
DA:8,4
DA:9,3
DA:10,3
DA:11,3
DA:13,2
DA:15,2
DA:16,2
DA:18,2
LF:9
LH:9
BRDA:8,0,0,1
BRDA:8,0,1,3
BRDA:10,1,0,0
BRDA:10,1,1,3
BRDA:11,2,0,1
BRDA:11,2,1,2
BRDA:16,3,0,2
BRDA:16,3,1,0
BRF:8
BRH:6
end_of_record
TN:
SF:/Users/joseph/Sites/mappslab/beta/api/graphql/Pin/queryResolvers/getPinRelationships.js
FN:12,(anonymous_0)
FN:18,(anonymous_1)
FNF:2
FNH:2
FNDA:4,(anonymous_0)
FNDA:26,(anonymous_1)
DA:12,14
DA:13,4
DA:14,4
DA:15,4
DA:18,14
DA:23,26
DA:24,26
DA:25,26
DA:26,26
LF:9
LH:9
BRDA:15,0,0,4
BRDA:15,0,1,4
BRDA:25,1,0,0
BRDA:25,1,1,26
BRF:4
BRH:3
end_of_record
TN:
SF:/Users/joseph/Sites/mappslab/beta/api/graphql/Pin/queryResolvers/getPins.js
FN:10,(anonymous_0)
FNF:1
FNH:1
FNDA:4,(anonymous_0)
DA:10,14
DA:11,4
LF:2
LH:2
BRF:0
BRH:0
end_of_record
TN:
SF:/Users/joseph/Sites/mappslab/beta/api/graphql/Pin/queryResolvers/index.js
FNF:0
FNH:0
LF:0
LH:0
BRF:0
BRH:0
end_of_record
TN:
SF:/Users/joseph/Sites/mappslab/beta/api/graphql/Pin/subscriptionResolvers/index.js
FNF:0
FNH:0
LF:0
LH:0
BRF:0
BRH:0
end_of_record
TN:
SF:/Users/joseph/Sites/mappslab/beta/api/graphql/Pin/subscriptionResolvers/pinSubscriptions.js
FN:14,(anonymous_0)
FN:15,(anonymous_1)
FN:19,(anonymous_2)
FN:27,(anonymous_3)
FN:28,(anonymous_4)
FN:32,(anonymous_5)
FN:40,(anonymous_6)
FN:41,(anonymous_7)
FN:45,(anonymous_8)
FNF:9
FNH:0
FNDA:0,(anonymous_0)
FNDA:0,(anonymous_1)
FNDA:0,(anonymous_2)
FNDA:0,(anonymous_3)
FNDA:0,(anonymous_4)
FNDA:0,(anonymous_5)
FNDA:0,(anonymous_6)
FNDA:0,(anonymous_7)
FNDA:0,(anonymous_8)
DA:6,14
DA:7,14
DA:8,14
DA:10,14
DA:12,14
DA:14,0
DA:16,0
DA:17,0
DA:18,0
DA:19,0
DA:20,0
DA:25,14
DA:27,0
DA:29,0
DA:30,0
DA:31,0
DA:32,0
DA:33,0
DA:38,14
DA:40,0
DA:42,0
DA:43,0
DA:44,0
DA:45,0
DA:46,0
LF:25
LH:7
BRDA:16,0,0,0
BRDA:16,0,1,0
BRDA:29,1,0,0
BRDA:29,1,1,0
BRDA:42,2,0,0
BRDA:42,2,1,0
BRF:6
BRH:0
end_of_record
TN:
SF:/Users/joseph/Sites/mappslab/beta/api/graphql/Route/RouteSchema.js
FNF:0
FNH:0
DA:3,14
LF:1
LH:1
BRF:0
BRH:0
end_of_record
TN:
SF:/Users/joseph/Sites/mappslab/beta/api/graphql/Route/index.js
FNF:0
FNH:0
LF:0
LH:0
BRF:0
BRH:0
end_of_record
TN:
SF:/Users/joseph/Sites/mappslab/beta/api/graphql/Route/mutationResolvers/createRoute.js
FN:8,(anonymous_0)
FNF:1
FNH:0
FNDA:0,(anonymous_0)
DA:8,14
DA:9,0
DA:10,0
DA:11,0
DA:12,0
DA:13,0
LF:6
LH:1
BRDA:9,0,0,0
BRDA:9,0,1,0
BRDA:12,1,0,0
BRDA:12,1,1,0
BRF:4
BRH:0
end_of_record
TN:
SF:/Users/joseph/Sites/mappslab/beta/api/graphql/Route/mutationResolvers/index.js
FNF:0
FNH:0
LF:0
LH:0
BRF:0
BRH:0
end_of_record
TN:
SF:/Users/joseph/Sites/mappslab/beta/api/graphql/Route/queryResolvers/fetchRouteRelationships.js
FN:8,(anonymous_0)
FNF:1
FNH:1
FNDA:4,(anonymous_0)
DA:8,14
DA:13,4
DA:20,4
DA:21,4
DA:22,4
LF:5
LH:5
BRDA:20,0,0,4
BRDA:20,0,1,4
BRF:2
BRH:2
end_of_record
TN:
SF:/Users/joseph/Sites/mappslab/beta/api/graphql/Route/queryResolvers/index.js
FNF:0
FNH:0
LF:0
LH:0
BRF:0
BRH:0
end_of_record
TN:
SF:/Users/joseph/Sites/mappslab/beta/api/graphql/Scalars/Object.js
FN:7,(anonymous_0)
FN:17,(anonymous_1)
FN:35,(anonymous_2)
FN:37,(anonymous_3)
FNF:4
FNH:0
FNDA:0,(anonymous_0)
FNDA:0,(anonymous_1)
FNDA:0,(anonymous_2)
FNDA:0,(anonymous_3)
DA:7,14
DA:8,0
DA:9,0
DA:11,0
DA:12,0
DA:14,0
DA:17,14
DA:18,0
DA:21,0
DA:24,0
DA:27,0
DA:29,0
DA:31,0
DA:35,14
DA:36,0
DA:37,0
DA:38,0
DA:40,0
DA:49,0
DA:51,0
DA:53,0
DA:55,0
LF:22
LH:3
BRDA:8,0,0,0
BRDA:8,0,1,0
BRDA:11,1,0,0
BRDA:11,1,1,0
BRDA:11,2,0,0
BRDA:11,2,1,0
BRDA:18,3,0,0
BRDA:18,3,1,0
BRDA:18,3,2,0
BRDA:18,3,3,0
BRDA:18,3,4,0
BRDA:18,3,5,0
BRDA:18,3,6,0
BRDA:49,4,0,0
BRDA:49,4,1,0
BRDA:49,4,2,0
BRDA:51,5,0,0
BRDA:51,5,1,0
BRF:18
BRH:0
end_of_record
TN:
SF:/Users/joseph/Sites/mappslab/beta/api/graphql/Scalars/index.js
FNF:0
FNH:0
DA:3,14
DA:7,14
LF:2
LH:2
BRF:0
BRH:0
end_of_record
TN:
SF:/Users/joseph/Sites/mappslab/beta/api/graphql/User/UserSchema.js
FNF:0
FNH:0
DA:3,14
LF:1
LH:1
BRF:0
BRH:0
end_of_record
TN:
SF:/Users/joseph/Sites/mappslab/beta/api/graphql/User/index.js
FNF:0
FNH:0
LF:0
LH:0
BRF:0
BRH:0
end_of_record
TN:
SF:/Users/joseph/Sites/mappslab/beta/api/graphql/User/mutationResolvers/createUser.js
FN:6,(anonymous_0)
FN:21,(anonymous_1)
FNF:2
FNH:0
FNDA:0,(anonymous_0)
FNDA:0,(anonymous_1)
DA:6,14
DA:11,0
DA:12,0
DA:14,0
DA:18,0
DA:21,14
DA:22,0
DA:23,0
DA:24,0
DA:25,0
LF:10
LH:2
BRDA:11,0,0,0
BRDA:11,0,1,0
BRDA:11,1,0,0
BRDA:11,1,1,0
BRDA:11,1,2,0
BRDA:22,2,0,0
BRDA:22,2,1,0
BRDA:22,3,0,0
BRDA:22,3,1,0
BRDA:23,4,0,0
BRDA:23,4,1,0
BRF:11
BRH:0
end_of_record
TN:
SF:/Users/joseph/Sites/mappslab/beta/api/graphql/User/mutationResolvers/index.js
FNF:0
FNH:0
LF:0
LH:0
BRF:0
BRH:0
end_of_record
TN:
SF:/Users/joseph/Sites/mappslab/beta/api/graphql/User/mutationResolvers/userAuth.js
FN:9,(anonymous_0)
FN:30,(anonymous_1)
FN:45,(anonymous_2)
FN:58,(anonymous_3)
FNF:4
FNH:4
FNDA:6,(anonymous_0)
FNDA:3,(anonymous_1)
FNDA:2,(anonymous_2)
FNDA:4,(anonymous_3)
DA:9,14
DA:14,6
DA:15,6
DA:16,6
DA:17,2
DA:18,2
DA:23,4
DA:24,2
DA:25,2
DA:27,2
DA:30,14
DA:35,3
DA:36,3
DA:37,3
DA:39,3
DA:45,14
DA:50,2
DA:51,1
DA:52,1
DA:58,14
DA:63,4
DA:64,4
DA:65,4
LF:23
LH:23
BRDA:16,0,0,2
BRDA:16,0,1,4
BRDA:16,1,0,6
BRDA:16,1,1,4
BRDA:23,2,0,2
BRDA:23,2,1,2
BRDA:23,3,0,4
BRDA:23,3,1,2
BRDA:23,3,2,2
BRDA:36,4,0,3
BRDA:36,4,1,0
BRF:11
BRH:10
end_of_record
TN:
SF:/Users/joseph/Sites/mappslab/beta/api/graphql/User/queryResolvers/getUserConnections.js
FN:9,(anonymous_0)
FN:22,(anonymous_1)
FNF:2
FNH:2
FNDA:4,(anonymous_0)
FNDA:4,(anonymous_1)
DA:9,14
DA:10,4
DA:17,4
DA:18,4
DA:19,4
DA:22,14
DA:27,4
DA:31,4
DA:32,4
LF:9
LH:9
BRDA:17,0,0,4
BRDA:17,0,1,4
BRDA:24,1,0,0
BRDA:27,2,0,0
BRDA:27,2,1,4
BRF:5
BRH:3
end_of_record
TN:
SF:/Users/joseph/Sites/mappslab/beta/api/graphql/User/queryResolvers/getUsers.js
FN:7,(anonymous_0)
FN:10,(anonymous_1)
FN:11,(anonymous_2)
FN:23,(anonymous_3)
FNF:4
FNH:3
FNDA:7,(anonymous_0)
FNDA:1,(anonymous_1)
FNDA:0,(anonymous_2)
FNDA:1,(anonymous_3)
DA:7,14
DA:8,7
DA:10,14
DA:11,1
DA:12,0
DA:14,1
DA:15,1
DA:23,14
DA:24,1
DA:25,1
DA:26,1
DA:27,1
DA:28,1
LF:13
LH:12
BRDA:24,0,0,0
BRDA:24,0,1,1
BRDA:24,1,0,1
BRDA:24,1,1,1
BRDA:27,2,0,1
BRDA:27,2,1,0
BRF:6
BRH:4
end_of_record
TN:
SF:/Users/joseph/Sites/mappslab/beta/api/graphql/User/queryResolvers/index.js
FNF:0
FNH:0
LF:0
LH:0
BRF:0
BRH:0
end_of_record
TN:
SF:/Users/joseph/Sites/mappslab/beta/api/graphql/core/DateTime.js
FN:6,(anonymous_0)
FN:13,(anonymous_1)
FN:20,(anonymous_2)
FNF:3
FNH:0
FNDA:0,(anonymous_0)
FNDA:0,(anonymous_1)
FNDA:0,(anonymous_2)
DA:6,14
DA:7,0
DA:8,0
DA:10,0
DA:13,14
DA:14,0
DA:15,0
DA:17,0
DA:20,14
DA:22,0
DA:23,0
DA:25,0
DA:28,14
LF:13
LH:4
BRDA:7,0,0,0
BRDA:7,0,1,0
BRDA:14,1,0,0
BRDA:14,1,1,0
BRDA:22,2,0,0
BRDA:22,2,1,0
BRF:6
BRH:0
end_of_record
TN:
SF:/Users/joseph/Sites/mappslab/beta/api/graphql/core/coreQueryResolvers.js
FNF:0
FNH:0
DA:10,14
DA:13,0
DA:14,0
DA:20,0
DA:21,0
DA:27,0
DA:28,0
DA:30,0
DA:36,5
DA:37,3
LF:10
LH:3
BRDA:13,0,0,0
BRDA:13,0,1,0
BRDA:20,1,0,0
BRDA:20,1,1,0
BRDA:27,2,0,0
BRDA:27,2,1,0
BRDA:27,3,0,0
BRDA:27,3,1,0
BRDA:36,4,0,2
BRDA:36,4,1,3
BRF:10
BRH:2
end_of_record
TN:
SF:/Users/joseph/Sites/mappslab/beta/api/graphql/core/coreTypes.js
FNF:0
FNH:0
DA:4,14
DA:8,14
LF:2
LH:2
BRF:0
BRH:0
end_of_record
TN:
SF:/Users/joseph/Sites/mappslab/beta/api/graphql/core/index.js
FNF:0
FNH:0
LF:0
LH:0
BRF:0
BRH:0
end_of_record
TN:
SF:/Users/joseph/Sites/mappslab/beta/api/models/index.js
FNF:0
FNH:0
DA:9,14
LF:1
LH:1
BRF:0
BRH:0
end_of_record
TN:
SF:/Users/joseph/Sites/mappslab/beta/api/models/Classroom/classroomDBSchema.js
FN:13,(anonymous_0)
FN:58,(anonymous_1)
FN:59,(anonymous_2)
FN:65,(anonymous_3)
FN:68,(anonymous_4)
FNF:5
FNH:4
FNDA:2,(anonymous_0)
FNDA:0,(anonymous_1)
FNDA:2,(anonymous_2)
FNDA:2,(anonymous_3)
FNDA:2,(anonymous_4)
DA:11,14
DA:13,14
DA:14,2
DA:39,14
DA:44,14
DA:58,14
DA:59,14
DA:65,14
DA:66,2
DA:68,2
LF:10
LH:10
BRDA:13,0,0,0
BRDA:23,1,0,0
BRDA:23,1,1,2
BRDA:32,2,0,0
BRDA:32,2,1,2
BRDA:35,3,0,0
BRDA:35,3,1,2
BRDA:65,4,0,0
BRDA:68,5,0,2
BRDA:68,5,1,0
BRF:10
BRH:4
end_of_record
TN:
SF:/Users/joseph/Sites/mappslab/beta/api/models/Classroom/createClassroom.js
FN:14,(anonymous_0)
FN:16,(anonymous_1)
FN:25,(anonymous_2)
FN:27,(anonymous_3)
FN:30,(anonymous_4)
FNF:5
FNH:0
FNDA:0,(anonymous_0)
FNDA:0,(anonymous_1)
FNDA:0,(anonymous_2)
FNDA:0,(anonymous_3)
FNDA:0,(anonymous_4)
DA:8,14
DA:14,14
DA:15,0
DA:16,0
DA:17,0
DA:18,0
DA:19,0
DA:22,0
DA:25,14
DA:27,14
DA:28,0
DA:30,14
DA:31,0
LF:13
LH:5
BRF:0
BRH:0
end_of_record
TN:
SF:/Users/joseph/Sites/mappslab/beta/api/models/Classroom/deleteClassroom.js
FN:3,(anonymous_0)
FNF:1
FNH:0
FNDA:0,(anonymous_0)
DA:3,14
LF:1
LH:1
BRF:0
BRH:0
end_of_record
TN:
SF:/Users/joseph/Sites/mappslab/beta/api/models/Classroom/index.js
FNF:0
FNH:0
LF:0
LH:0
BRF:0
BRH:0
end_of_record
TN:
SF:/Users/joseph/Sites/mappslab/beta/api/models/Classroom/readClassroom.js
FN:12,(anonymous_0)
FN:31,(anonymous_1)
FN:42,(anonymous_2)
FNF:3
FNH:2
FNDA:11,(anonymous_0)
FNDA:12,(anonymous_1)
FNDA:0,(anonymous_2)
DA:10,14
DA:12,14
DA:13,11
DA:14,11
DA:15,11
DA:16,10
DA:17,10
DA:24,10
DA:25,10
DA:26,10
DA:27,10
DA:28,10
DA:31,14
DA:32,12
DA:33,12
DA:41,12
DA:42,12
DA:43,0
DA:44,0
DA:45,0
DA:48,12
LF:21
LH:18
BRDA:14,0,0,0
BRDA:14,0,1,11
BRDA:14,1,0,11
BRDA:14,1,1,11
BRDA:14,1,2,7
BRDA:15,2,0,1
BRDA:15,2,1,10
BRDA:15,3,0,11
BRDA:15,3,1,7
BRDA:15,3,2,7
BRDA:16,4,0,6
BRDA:16,4,1,4
BRDA:16,5,0,10
BRDA:16,5,1,6
BRDA:24,6,0,4
BRDA:24,6,1,6
BRDA:27,7,0,0
BRDA:27,7,1,10
BRDA:27,8,0,10
BRDA:27,8,1,10
BRDA:31,9,0,4
BRDA:41,10,0,4
BRDA:41,10,1,8
BRDA:48,11,0,12
BRDA:48,11,1,0
BRF:25
BRH:22
end_of_record
TN:
SF:/Users/joseph/Sites/mappslab/beta/api/models/Classroom/readClassroomRelationships.js
FN:8,(anonymous_0)
FN:23,(anonymous_1)
FN:23,(anonymous_2)
FNF:3
FNH:1
FNDA:0,(anonymous_0)
FNDA:28,(anonymous_1)
FNDA:0,(anonymous_2)
DA:8,14
DA:9,0
DA:16,0
DA:17,0
DA:18,0
DA:19,0
DA:20,0
DA:23,28
DA:26,0
DA:34,0
DA:35,0
DA:38,14
DA:39,14
LF:13
LH:4
BRDA:18,0,0,0
BRDA:18,0,1,0
BRDA:35,1,0,0
BRDA:35,1,1,0
BRF:4
BRH:0
end_of_record
TN:
SF:/Users/joseph/Sites/mappslab/beta/api/models/Classroom/updateClassroom.js
FN:6,(anonymous_0)
FNF:1
FNH:1
FNDA:2,(anonymous_0)
DA:6,14
DA:7,2
DA:8,2
DA:9,2
DA:10,2
DA:11,2
LF:6
LH:6
BRF:0
BRH:0
end_of_record
TN:
SF:/Users/joseph/Sites/mappslab/beta/api/models/Map/createMap.js
FN:9,(anonymous_0)
FN:13,(anonymous_1)
FNF:2
FNH:1
FNDA:1,(anonymous_0)
FNDA:0,(anonymous_1)
DA:7,14
DA:9,14
DA:10,1
DA:11,1
DA:13,1
DA:14,0
DA:15,0
DA:16,0
DA:19,1
DA:21,1
LF:10
LH:7
BRF:0
BRH:0
end_of_record
TN:
SF:/Users/joseph/Sites/mappslab/beta/api/models/Map/deleteMap.js
FN:3,(anonymous_0)
FNF:1
FNH:0
FNDA:0,(anonymous_0)
DA:3,14
LF:1
LH:1
BRF:0
BRH:0
end_of_record
TN:
SF:/Users/joseph/Sites/mappslab/beta/api/models/Map/index.js
FNF:0
FNH:0
LF:0
LH:0
BRF:0
BRH:0
end_of_record
TN:
SF:/Users/joseph/Sites/mappslab/beta/api/models/Map/mapDBSchema.js
FN:12,(anonymous_0)
FN:34,(anonymous_1)
FN:35,(anonymous_2)
FN:43,(anonymous_3)
FN:56,(anonymous_4)
FNF:5
FNH:4
FNDA:1,(anonymous_0)
FNDA:1,(anonymous_1)
FNDA:0,(anonymous_2)
FNDA:1,(anonymous_3)
FNDA:2,(anonymous_4)
DA:12,14
DA:13,1
DA:29,14
DA:34,14
DA:35,14
DA:37,14
DA:43,14
DA:49,14
DA:50,14
DA:56,14
DA:57,2
DA:64,14
LF:12
LH:12
BRDA:12,0,0,0
BRDA:14,1,0,1
BRDA:14,1,1,0
BRDA:22,2,0,1
BRDA:22,2,1,0
BRDA:26,3,0,1
BRDA:26,3,1,0
BRDA:43,4,0,0
BRDA:57,5,0,2
BRDA:57,5,1,0
BRF:10
BRH:4
end_of_record
TN:
SF:/Users/joseph/Sites/mappslab/beta/api/models/Map/readMap.js
FN:11,(anonymous_0)
FN:27,(anonymous_1)
FN:43,(anonymous_2)
FNF:3
FNH:2
FNDA:2,(anonymous_0)
FNDA:32,(anonymous_1)
FNDA:0,(anonymous_2)
DA:11,14
DA:12,2
DA:13,2
DA:14,2
DA:15,2
DA:16,2
DA:23,2
DA:24,2
DA:27,14
DA:28,32
DA:30,32
DA:38,32
DA:39,32
DA:40,32
DA:43,14
DA:44,0
DA:51,0
DA:52,0
LF:18
LH:15
BRDA:13,0,0,0
BRDA:13,0,1,2
BRDA:13,1,0,2
BRDA:13,1,1,2
BRDA:13,1,2,2
BRDA:14,2,0,0
BRDA:14,2,1,2
BRDA:14,3,0,2
BRDA:14,3,1,2
BRDA:14,3,2,2
BRDA:15,4,0,2
BRDA:15,4,1,0
BRDA:15,5,0,2
BRDA:15,5,1,2
BRDA:27,6,0,3
BRDA:39,7,0,0
BRDA:39,7,1,32
BRDA:39,8,0,32
BRDA:39,8,1,32
BRDA:52,9,0,0
BRDA:52,9,1,0
BRF:21
BRH:15
end_of_record
TN:
SF:/Users/joseph/Sites/mappslab/beta/api/models/Map/updateMap.js
FN:3,(anonymous_0)
FNF:1
FNH:0
FNDA:0,(anonymous_0)
DA:3,14
LF:1
LH:1
BRF:0
BRH:0
end_of_record
TN:
SF:/Users/joseph/Sites/mappslab/beta/api/models/Pin/createPin.js
FN:8,(anonymous_0)
FN:18,(anonymous_1)
FN:21,(anonymous_2)
FNF:3
FNH:2
FNDA:3,(anonymous_0)
FNDA:3,(anonymous_1)
FNDA:0,(anonymous_2)
DA:6,14
DA:8,14
DA:9,3
DA:10,3
DA:11,3
DA:12,3
DA:15,3
DA:18,3
DA:21,3
DA:23,3
DA:25,3
DA:27,3
LF:12
LH:12
BRDA:18,0,0,3
BRDA:18,0,1,0
BRDA:21,1,0,0
BRDA:21,1,1,3
BRF:4
BRH:2
end_of_record
TN:
SF:/Users/joseph/Sites/mappslab/beta/api/models/Pin/deletePin.js
FN:9,(anonymous_0)
FNF:1
FNH:1
FNDA:3,(anonymous_0)
DA:9,14
DA:11,3
DA:12,3
DA:26,3
DA:27,3
DA:28,1
DA:31,2
DA:32,2
DA:33,2
DA:34,2
DA:36,2
LF:11
LH:11
BRDA:11,0,0,1
BRDA:11,0,1,2
BRDA:27,1,0,1
BRDA:27,1,1,2
BRDA:27,2,0,3
BRDA:27,2,1,3
BRDA:27,2,2,1
BRF:7
BRH:7
end_of_record
TN:
SF:/Users/joseph/Sites/mappslab/beta/api/models/Pin/index.js
FNF:0
FNH:0
LF:0
LH:0
BRF:0
BRH:0
end_of_record
TN:
SF:/Users/joseph/Sites/mappslab/beta/api/models/Pin/pinDBSchema.js
FN:12,(anonymous_0)
FN:61,(anonymous_1)
FN:62,(anonymous_2)
FN:68,(anonymous_3)
FN:82,(anonymous_4)
FNF:5
FNH:5
FNDA:7,(anonymous_0)
FNDA:3,(anonymous_1)
FNDA:4,(anonymous_2)
FNDA:7,(anonymous_3)
FNDA:15,(anonymous_4)
DA:12,14
DA:13,7
DA:33,14
DA:39,14
DA:59,14
DA:61,14
DA:62,14
DA:68,14
DA:69,7
DA:75,14
DA:82,14
DA:83,15
DA:90,14
LF:13
LH:13
BRDA:12,0,0,0
BRDA:15,1,0,3
BRDA:15,1,1,4
BRDA:22,2,0,3
BRDA:22,2,1,4
BRDA:23,3,0,3
BRDA:23,3,1,4
BRDA:25,4,0,3
BRDA:25,4,1,4
BRDA:28,5,0,3
BRDA:28,5,1,4
BRDA:83,6,0,13
BRDA:83,6,1,2
BRF:13
BRH:12
end_of_record
TN:
SF:/Users/joseph/Sites/mappslab/beta/api/models/Pin/readPin.js
FN:8,(anonymous_0)
FN:22,(anonymous_1)
FNF:2
FNH:2
FNDA:15,(anonymous_0)
FNDA:11,(anonymous_1)
DA:8,14
DA:9,15
DA:16,15
DA:17,15
DA:18,15
DA:19,15
DA:22,14
DA:23,11
DA:25,11
DA:33,11
DA:34,11
DA:35,11
LF:12
LH:12
BRDA:17,0,0,0
BRDA:17,0,1,15
BRDA:22,1,0,2
BRDA:34,2,0,0
BRDA:34,2,1,11
BRDA:34,3,0,11
BRDA:34,3,1,11
BRF:7
BRH:5
end_of_record
TN:
SF:/Users/joseph/Sites/mappslab/beta/api/models/Pin/updatePin.js
FN:6,(anonymous_0)
FN:14,(anonymous_1)
FNF:2
FNH:2
FNDA:2,(anonymous_0)
FNDA:1,(anonymous_1)
DA:6,14
DA:7,2
DA:8,2
DA:10,2
DA:12,2
DA:13,2
DA:14,1
DA:16,2
LF:8
LH:8
BRDA:13,0,0,1
BRDA:13,0,1,1
BRF:2
BRH:2
end_of_record
TN:
SF:/Users/joseph/Sites/mappslab/beta/api/models/Route/createRoute.js
FN:6,(anonymous_0)
FN:16,(anonymous_1)
FNF:2
FNH:0
FNDA:0,(anonymous_0)
FNDA:0,(anonymous_1)
DA:6,14
DA:7,0
DA:8,0
DA:9,0
DA:11,0
DA:12,0
DA:14,0
DA:16,0
DA:25,0
DA:26,0
LF:10
LH:1
BRDA:7,0,0,0
BRDA:7,0,1,0
BRDA:8,1,0,0
BRDA:8,1,1,0
BRF:4
BRH:0
end_of_record
TN:
SF:/Users/joseph/Sites/mappslab/beta/api/models/Route/deleteRoute.js
FN:3,(anonymous_0)
FNF:1
FNH:0
FNDA:0,(anonymous_0)
DA:3,14
LF:1
LH:1
BRF:0
BRH:0
end_of_record
TN:
SF:/Users/joseph/Sites/mappslab/beta/api/models/Route/index.js
FNF:0
FNH:0
LF:0
LH:0
BRF:0
BRH:0
end_of_record
TN:
SF:/Users/joseph/Sites/mappslab/beta/api/models/Route/readRoute.js
FN:8,(anonymous_0)
FN:21,(anonymous_1)
FNF:2
FNH:1
FNDA:0,(anonymous_0)
FNDA:1,(anonymous_1)
DA:8,14
DA:9,0
DA:16,0
DA:17,0
DA:18,0
DA:21,14
DA:22,1
DA:23,1
DA:31,1
DA:32,1
DA:33,1
LF:11
LH:7
BRDA:17,0,0,0
BRDA:17,0,1,0
BRDA:17,1,0,0
BRDA:17,1,1,0
BRDA:21,2,0,0
BRDA:32,3,0,0
BRDA:32,3,1,1
BRDA:32,4,0,1
BRDA:32,4,1,1
BRF:9
BRH:3
end_of_record
TN:
SF:/Users/joseph/Sites/mappslab/beta/api/models/Route/routeDBSchema.js
FN:12,(anonymous_0)
FN:37,(anonymous_1)
FN:38,(anonymous_2)
FN:46,(anonymous_3)
FN:61,(anonymous_4)
FN:64,(anonymous_5)
FNF:6
FNH:1
FNDA:0,(anonymous_0)
FNDA:0,(anonymous_1)
FNDA:0,(anonymous_2)
FNDA:0,(anonymous_3)
FNDA:4,(anonymous_4)
FNDA:0,(anonymous_5)
DA:12,14
DA:13,0
DA:32,14
DA:37,14
DA:38,14
DA:40,14
DA:46,14
DA:47,0
DA:57,14
DA:61,4
DA:64,14
DA:65,0
DA:72,14
LF:13
LH:10
BRDA:12,0,0,0
BRDA:14,1,0,0
BRDA:14,1,1,0
BRDA:23,2,0,0
BRDA:23,2,1,0
BRDA:28,3,0,0
BRDA:28,3,1,0
BRDA:65,4,0,0
BRDA:65,4,1,0
BRF:9
BRH:0
end_of_record
TN:
SF:/Users/joseph/Sites/mappslab/beta/api/models/Route/updateRoute.js
FN:3,(anonymous_0)
FNF:1
FNH:0
FNDA:0,(anonymous_0)
DA:3,14
LF:1
LH:1
BRF:0
BRH:0
end_of_record
TN:
SF:/Users/joseph/Sites/mappslab/beta/api/models/User/createUser.js
FN:9,(anonymous_0)
FN:11,(anonymous_1)
FNF:2
FNH:0
FNDA:0,(anonymous_0)
FNDA:0,(anonymous_1)
DA:7,14
DA:9,14
DA:10,0
DA:11,0
DA:12,0
DA:13,0
DA:14,0
DA:17,0
LF:8
LH:2
BRF:0
BRH:0
end_of_record
TN:
SF:/Users/joseph/Sites/mappslab/beta/api/models/User/deleteUser.js
FN:3,(anonymous_0)
FNF:1
FNH:0
FNDA:0,(anonymous_0)
DA:3,14
LF:1
LH:1
BRF:0
BRH:0
end_of_record
TN:
SF:/Users/joseph/Sites/mappslab/beta/api/models/User/index.js
FNF:0
FNH:0
LF:0
LH:0
BRF:0
BRH:0
end_of_record
TN:
SF:/Users/joseph/Sites/mappslab/beta/api/models/User/readUser.js
FN:10,(anonymous_0)
FN:28,(anonymous_1)
FN:45,(anonymous_2)
FNF:3
FNH:3
FNDA:14,(anonymous_0)
FNDA:14,(anonymous_1)
FNDA:1,(anonymous_2)
DA:10,14
DA:11,14
DA:12,14
DA:13,14
DA:14,14
DA:22,14
DA:23,14
DA:24,14
DA:25,14
DA:28,14
DA:29,14
DA:31,14
DA:40,14
DA:41,14
DA:42,14
DA:45,14
DA:46,1
DA:47,1
DA:53,1
DA:54,1
DA:55,1
DA:56,1
LF:22
LH:22
BRDA:13,0,0,13
BRDA:13,0,1,1
BRDA:23,1,0,0
BRDA:23,1,1,14
BRDA:28,2,0,9
BRDA:41,3,0,0
BRDA:41,3,1,14
BRDA:41,4,0,14
BRDA:41,4,1,14
BRDA:54,5,0,0
BRDA:54,5,1,1
BRDA:54,6,0,1
BRDA:54,6,1,1
BRF:13
BRH:10
end_of_record
TN:
SF:/Users/joseph/Sites/mappslab/beta/api/models/User/readUserRelationships.js
FN:9,(anonymous_0)
FN:21,(anonymous_1)
FN:21,(anonymous_2)
FN:51,(anonymous_3)
FN:60,(anonymous_4)
FN:67,(anonymous_5)
FNF:6
FNH:2
FNDA:0,(anonymous_0)
FNDA:28,(anonymous_1)
FNDA:5,(anonymous_2)
FNDA:0,(anonymous_3)
FNDA:0,(anonymous_4)
FNDA:0,(anonymous_5)
DA:9,14
DA:10,0
DA:17,0
DA:18,0
DA:21,28
DA:26,5
DA:27,5
DA:36,5
DA:37,5
DA:45,5
DA:48,14
DA:49,14
DA:51,14
DA:60,14
DA:61,0
DA:62,0
DA:63,0
DA:64,0
DA:67,14
DA:68,0
DA:69,0
DA:70,0
DA:71,0
LF:23
LH:12
BRDA:18,0,0,0
BRDA:18,0,1,0
BRDA:18,1,0,0
BRDA:18,1,1,0
BRDA:26,2,0,4
BRDA:26,2,1,1
BRDA:63,3,0,0
BRDA:63,3,1,0
BRDA:63,4,0,0
BRDA:63,4,1,0
BRDA:70,5,0,0
BRDA:70,5,1,0
BRDA:70,6,0,0
BRDA:70,6,1,0
BRF:14
BRH:2
end_of_record
TN:
SF:/Users/joseph/Sites/mappslab/beta/api/models/User/updateUser.js
FN:3,(anonymous_0)
FNF:1
FNH:0
FNDA:0,(anonymous_0)
DA:3,14
LF:1
LH:1
BRF:0
BRH:0
end_of_record
TN:
SF:/Users/joseph/Sites/mappslab/beta/api/models/User/userAuth.js
FN:14,(anonymous_0)
FN:45,(anonymous_1)
FN:55,(anonymous_2)
FN:84,(anonymous_3)
FNF:4
FNH:4
FNDA:6,(anonymous_0)
FNDA:5,(anonymous_1)
FNDA:2,(anonymous_2)
FNDA:4,(anonymous_3)
DA:14,14
DA:17,6
DA:19,6
DA:20,6
DA:27,6
DA:28,6
DA:29,6
DA:30,6
DA:31,6
DA:33,5
DA:35,5
DA:38,3
DA:39,3
DA:42,1
DA:45,14
DA:46,5
DA:47,5
DA:48,5
DA:49,5
DA:50,5
DA:51,5
DA:52,5
DA:55,14
DA:56,2
DA:58,2
DA:69,2
DA:70,2
DA:71,1
DA:73,1
DA:74,1
DA:78,1
DA:79,1
DA:80,1
DA:81,1
DA:84,14
DA:85,4
DA:86,0
DA:88,4
DA:89,4
DA:90,4
DA:91,4
DA:92,0
DA:94,4
DA:95,1
DA:98,3
DA:99,3
DA:100,3
DA:101,3
DA:102,3
LF:49
LH:47
BRDA:19,0,0,3
BRDA:19,0,1,3
BRDA:27,1,0,3
BRDA:27,1,1,3
BRDA:29,2,0,0
BRDA:29,2,1,6
BRDA:31,3,0,1
BRDA:31,3,1,5
BRDA:33,4,0,5
BRDA:33,4,1,0
BRDA:35,5,0,2
BRDA:35,5,1,3
BRDA:38,6,0,3
BRDA:38,6,1,1
BRDA:39,7,0,2
BRDA:39,7,1,1
BRDA:70,8,0,1
BRDA:70,8,1,1
BRDA:70,9,0,2
BRDA:70,9,1,2
BRDA:70,9,2,1
BRDA:85,10,0,0
BRDA:85,10,1,4
BRDA:85,11,0,4
BRDA:85,11,1,2
BRDA:90,12,0,0
BRDA:90,12,1,4
BRDA:91,13,0,0
BRDA:91,13,1,4
BRDA:91,14,0,4
BRDA:91,14,1,1
BRDA:94,15,0,1
BRDA:94,15,1,3
BRF:33
BRH:28
end_of_record
TN:
SF:/Users/joseph/Sites/mappslab/beta/api/models/User/userDBSchema.js
FN:14,(anonymous_0)
FN:64,(anonymous_1)
FN:65,(anonymous_2)
FN:75,(anonymous_3)
FN:75,(anonymous_4)
FN:76,(anonymous_5)
FN:89,(anonymous_6)
FNF:7
FNH:6
FNDA:9,(anonymous_0)
FNDA:0,(anonymous_1)
FNDA:9,(anonymous_2)
FNDA:18,(anonymous_3)
FNDA:4,(anonymous_4)
FNDA:4,(anonymous_5)
FNDA:9,(anonymous_6)
DA:12,14
DA:14,14
DA:15,9
DA:57,14
DA:64,14
DA:65,14
DA:67,14
DA:68,14
DA:73,14
DA:75,18
DA:76,4
DA:77,4
DA:78,4
DA:79,0
DA:80,0
DA:82,4
DA:83,4
DA:89,14
DA:90,9
LF:19
LH:17
BRDA:14,0,0,0
BRDA:16,1,0,0
BRDA:16,1,1,9
BRDA:24,2,0,0
BRDA:24,2,1,9
BRDA:45,3,0,0
BRDA:45,3,1,9
BRDA:47,4,0,0
BRDA:47,4,1,9
BRDA:48,5,0,0
BRDA:48,5,1,9
BRDA:53,6,0,0
BRDA:53,6,1,9
BRDA:54,7,0,0
BRDA:54,7,1,9
BRDA:78,8,0,0
BRDA:78,8,1,4
BRF:17
BRH:8
end_of_record
TN:
SF:/Users/joseph/Sites/mappslab/beta/api/utils/auth.js
FN:7,(anonymous_0)
FN:8,(anonymous_1)
FN:11,(anonymous_2)
FN:15,(anonymous_3)
FN:20,(anonymous_4)
FN:31,(anonymous_5)
FN:32,(anonymous_6)
FN:33,(anonymous_7)
FNF:8
FNH:7
FNDA:5,(anonymous_0)
FNDA:5,(anonymous_1)
FNDA:5,(anonymous_2)
FNDA:0,(anonymous_3)
FNDA:9,(anonymous_4)
FNDA:2,(anonymous_5)
FNDA:2,(anonymous_6)
FNDA:2,(anonymous_7)
DA:7,14
DA:8,5
DA:9,5
DA:12,5
DA:13,5
DA:16,0
DA:20,14
DA:21,9
DA:22,9
DA:23,9
DA:24,6
DA:25,6
DA:31,14
DA:32,2
DA:33,2
DA:34,2
DA:35,0
DA:36,0
DA:38,2
LF:19
LH:16
BRDA:23,0,0,3
BRDA:23,0,1,6
BRDA:23,1,0,9
BRDA:23,1,1,8
BRDA:23,1,2,7
BRDA:23,1,3,6
BRDA:24,2,0,6
BRDA:24,2,1,0
BRDA:34,3,0,0
BRDA:34,3,1,2
BRF:10
BRH:8
end_of_record
TN:
SF:/Users/joseph/Sites/mappslab/beta/api/utils/graphql.js
FN:25,(anonymous_0)
FN:32,(anonymous_1)
FNF:2
FNH:2
FNDA:143,(anonymous_0)
FNDA:53,(anonymous_1)
DA:25,143
DA:27,14
DA:32,14
DA:33,53
DA:39,53
DA:41,53
DA:42,53
DA:43,53
DA:45,53
LF:9
LH:9
BRDA:32,0,0,0
BRDA:32,1,0,49
BRDA:39,2,0,52
BRDA:39,2,1,1
BRDA:39,3,0,53
BRDA:39,3,1,53
BRDA:41,4,0,52
BRDA:41,4,1,1
BRDA:42,5,0,53
BRDA:42,5,1,53
BRDA:43,6,0,53
BRDA:43,6,1,52
BRDA:43,6,2,2
BRF:13
BRH:12
end_of_record
TN:
SF:/Users/joseph/Sites/mappslab/beta/api/utils/index.js
FN:5,(anonymous_0)
FN:6,(anonymous_1)
FN:6,(anonymous_2)
FN:9,(anonymous_3)
FN:9,(anonymous_4)
FN:11,(anonymous_5)
FN:13,(anonymous_6)
FN:15,(anonymous_7)
FN:25,(anonymous_8)
FN:25,(anonymous_9)
FNF:10
FNH:7
FNDA:10,(anonymous_0)
FNDA:10,(anonymous_1)
FNDA:38,(anonymous_2)
FNDA:62,(anonymous_3)
FNDA:62,(anonymous_4)
FNDA:19,(anonymous_5)
FNDA:0,(anonymous_6)
FNDA:0,(anonymous_7)
FNDA:2,(anonymous_8)
FNDA:0,(anonymous_9)
DA:5,14
DA:6,38
DA:9,62
DA:11,19
DA:13,14
DA:15,14
DA:16,0
DA:25,14
LF:8
LH:7
BRDA:6,0,0,38
BRDA:6,0,1,38
BRF:2
BRH:2
end_of_record
TN:
SF:/Users/joseph/Sites/mappslab/beta/api/utils/parsing.js
FN:6,(anonymous_0)
FN:7,(anonymous_1)
FNF:2
FNH:2
FNDA:28,(anonymous_0)
FNDA:2216,(anonymous_1)
DA:4,14
DA:6,14
DA:7,28
DA:8,2216
DA:9,170
DA:10,0
DA:11,0
DA:13,170
DA:14,0
DA:15,170
DA:17,2046
LF:11
LH:8
BRDA:8,0,0,170
BRDA:8,0,1,2046
BRDA:8,1,0,2216
BRDA:8,1,1,170
BRDA:9,2,0,0
BRDA:9,2,1,170
BRDA:13,3,0,0
BRDA:13,3,1,170
BRF:8
BRH:6
end_of_record
